
-----
Test: None
Time: 2023-09-08 21:09:44.352953
Request method: POST
Request URL: https://playground.learnqa.ru/api_dev/user/login
Request data: {'email': 'vinkotov@example.com', 'password': '1234'}
Request headers: {}
Request cookies: {}

Response code: 200
Response text: {"user_id":2}
Response headers: {'Date': 'Fri, 08 Sep 2023 18:09:40 GMT', 'Content-Type': 'application/json', 'Content-Length': '13', 'Connection': 'keep-alive', 'Keep-Alive': 'timeout=10', 'Server': 'Apache', 'Set-Cookie': 'auth_sid=fed80d39d611356fdca414d265be841402e94918f1549272bcf2cafc2634fd9d', 'x-csrf-token': '6cad0bfab30e8ec6a5bc649b3a96996049b3281f02e94918f1549272bcf2cafc2634fd9d', 'Cache-Control': 'max-age=0', 'Expires': 'Fri, 08 Sep 2023 18:09:40 GMT'}
Response cookies: {'auth_sid': 'fed80d39d611356fdca414d265be841402e94918f1549272bcf2cafc2634fd9d'}

-----

-----
Test: None
Time: 2023-09-08 21:09:44.639125
Request method: GET
Request URL: https://playground.learnqa.ru/api_dev/user/auth
Request data: None
Request headers: {'x-csrf-token': '6cad0bfab30e8ec6a5bc649b3a96996049b3281f02e94918f1549272bcf2cafc2634fd9d'}
Request cookies: {'auth_sid': 'fed80d39d611356fdca414d265be841402e94918f1549272bcf2cafc2634fd9d'}

Response code: 200
Response text: {"user_id":2}
Response headers: {'Date': 'Fri, 08 Sep 2023 18:09:41 GMT', 'Content-Type': 'application/json', 'Content-Length': '13', 'Connection': 'keep-alive', 'Keep-Alive': 'timeout=10', 'Server': 'Apache', 'Cache-Control': 'max-age=0', 'Expires': 'Fri, 08 Sep 2023 18:09:40 GMT'}
Response cookies: {}

-----

-----
Test: None
Time: 2023-09-08 21:09:44.907926
Request method: POST
Request URL: https://playground.learnqa.ru/api_dev/user/login
Request data: {'email': 'vinkotov@example.com', 'password': '1234'}
Request headers: {}
Request cookies: {}

Response code: 200
Response text: {"user_id":2}
Response headers: {'Date': 'Fri, 08 Sep 2023 18:09:41 GMT', 'Content-Type': 'application/json', 'Content-Length': '13', 'Connection': 'keep-alive', 'Keep-Alive': 'timeout=10', 'Server': 'Apache', 'Set-Cookie': 'auth_sid=9788e1b5a56410d33f2f9c80acc2eca202e94918f1549272bcf2cafc2634fd9d', 'x-csrf-token': 'dedbe5bdb2a4167d3833aa5104f0d9c082ae5e5202e94918f1549272bcf2cafc2634fd9d', 'Cache-Control': 'max-age=0', 'Expires': 'Fri, 08 Sep 2023 18:09:41 GMT'}
Response cookies: {'auth_sid': '9788e1b5a56410d33f2f9c80acc2eca202e94918f1549272bcf2cafc2634fd9d'}

-----

-----
Test: None
Time: 2023-09-08 21:09:45.113178
Request method: GET
Request URL: https://playground.learnqa.ru/api_dev/user/auth
Request data: None
Request headers: {'x-csrf-token': 'dedbe5bdb2a4167d3833aa5104f0d9c082ae5e5202e94918f1549272bcf2cafc2634fd9d'}
Request cookies: {}

Response code: 200
Response text: {"user_id":0}
Response headers: {'Date': 'Fri, 08 Sep 2023 18:09:41 GMT', 'Content-Type': 'application/json', 'Content-Length': '13', 'Connection': 'keep-alive', 'Keep-Alive': 'timeout=10', 'Server': 'Apache', 'Cache-Control': 'max-age=0', 'Expires': 'Fri, 08 Sep 2023 18:09:41 GMT'}
Response cookies: {}

-----

-----
Test: None
Time: 2023-09-08 21:09:45.428812
Request method: POST
Request URL: https://playground.learnqa.ru/api_dev/user/login
Request data: {'email': 'vinkotov@example.com', 'password': '1234'}
Request headers: {}
Request cookies: {}

Response code: 200
Response text: {"user_id":2}
Response headers: {'Date': 'Fri, 08 Sep 2023 18:09:41 GMT', 'Content-Type': 'application/json', 'Content-Length': '13', 'Connection': 'keep-alive', 'Keep-Alive': 'timeout=10', 'Server': 'Apache', 'Set-Cookie': 'auth_sid=a278e342e7627511ab8f3c4f87b48e7502e94918f1549272bcf2cafc2634fd9d', 'x-csrf-token': '2bb7cf08a35a570f17d23b0b750f6a29d871704002e94918f1549272bcf2cafc2634fd9d', 'Cache-Control': 'max-age=0', 'Expires': 'Fri, 08 Sep 2023 18:09:41 GMT'}
Response cookies: {'auth_sid': 'a278e342e7627511ab8f3c4f87b48e7502e94918f1549272bcf2cafc2634fd9d'}

-----

-----
Test: None
Time: 2023-09-08 21:09:45.585811
Request method: GET
Request URL: https://playground.learnqa.ru/api_dev/user/auth
Request data: None
Request headers: {}
Request cookies: {'auth_sid': 'a278e342e7627511ab8f3c4f87b48e7502e94918f1549272bcf2cafc2634fd9d'}

Response code: 200
Response text: {"user_id":0}
Response headers: {'Date': 'Fri, 08 Sep 2023 18:09:41 GMT', 'Content-Type': 'application/json', 'Content-Length': '13', 'Connection': 'keep-alive', 'Keep-Alive': 'timeout=10', 'Server': 'Apache', 'Cache-Control': 'max-age=0', 'Expires': 'Fri, 08 Sep 2023 18:09:41 GMT'}
Response cookies: {}

-----

-----
Test: None
Time: 2023-09-08 21:09:45.836949
Request method: POST
Request URL: https://playground.learnqa.ru/api_dev/user/
Request data: {'password': '1234', 'username': 'learnqa', 'firstName': 'learnqa', 'lastName': 'learnqa', 'email': 'learnqa09082023210945@example.com'}
Request headers: {}
Request cookies: {}

Response code: 200
Response text: {"id":"78881"}
Response headers: {'Date': 'Fri, 08 Sep 2023 18:09:42 GMT', 'Content-Type': 'application/json', 'Content-Length': '14', 'Connection': 'keep-alive', 'Keep-Alive': 'timeout=10', 'Server': 'Apache', 'Cache-Control': 'max-age=0', 'Expires': 'Fri, 08 Sep 2023 18:09:42 GMT'}
Response cookies: {}

-----

-----
Test: None
Time: 2023-09-08 21:09:46.520852
Request method: POST
Request URL: https://playground.learnqa.ru/api_dev/user/login
Request data: {'email': 'learnqa09082023210945@example.com', 'password': '1234'}
Request headers: {}
Request cookies: {}

Response code: 200
Response text: {"user_id":78881}
Response headers: {'Date': 'Fri, 08 Sep 2023 18:09:42 GMT', 'Content-Type': 'application/json', 'Content-Length': '17', 'Connection': 'keep-alive', 'Keep-Alive': 'timeout=10', 'Server': 'Apache', 'Set-Cookie': 'auth_sid=a1e4b2d751f5d74a56d1552837835804172ca68117bbad1423ae4916fb8c1a8b', 'x-csrf-token': 'ca3df2c3cdf1c0ec029066ca2ce35f57a7dfe608172ca68117bbad1423ae4916fb8c1a8b', 'Cache-Control': 'max-age=0', 'Expires': 'Fri, 08 Sep 2023 18:09:42 GMT'}
Response cookies: {'auth_sid': 'a1e4b2d751f5d74a56d1552837835804172ca68117bbad1423ae4916fb8c1a8b'}

-----

-----
Test: None
Time: 2023-09-08 21:09:46.708724
Request method: PUT
Request URL: https://playground.learnqa.ru/api_dev/user/78881
Request data: {'firstName': 'Changed name'}
Request headers: {'x-csrf-token': 'ca3df2c3cdf1c0ec029066ca2ce35f57a7dfe608172ca68117bbad1423ae4916fb8c1a8b'}
Request cookies: {'auth_sid': 'a1e4b2d751f5d74a56d1552837835804172ca68117bbad1423ae4916fb8c1a8b'}

Response code: 200
Response text: 
Response headers: {'Date': 'Fri, 08 Sep 2023 18:09:43 GMT', 'Content-Type': 'text/html; charset=utf-8', 'Content-Length': '0', 'Connection': 'keep-alive', 'Keep-Alive': 'timeout=10', 'Server': 'Apache', 'Cache-Control': 'max-age=0', 'Expires': 'Fri, 08 Sep 2023 18:09:43 GMT'}
Response cookies: {}

-----

-----
Test: None
Time: 2023-09-08 21:09:47.485473
Request method: GET
Request URL: https://playground.learnqa.ru/api_dev/user/78881
Request data: None
Request headers: {'x-csrf-token': 'ca3df2c3cdf1c0ec029066ca2ce35f57a7dfe608172ca68117bbad1423ae4916fb8c1a8b'}
Request cookies: {'auth_sid': 'a1e4b2d751f5d74a56d1552837835804172ca68117bbad1423ae4916fb8c1a8b'}

Response code: 200
Response text: {"id":"78881","username":"learnqa","email":"learnqa09082023210945@example.com","firstName":"Changed name","lastName":"learnqa"}
Response headers: {'Date': 'Fri, 08 Sep 2023 18:09:44 GMT', 'Content-Type': 'application/json', 'Transfer-Encoding': 'chunked', 'Connection': 'keep-alive', 'Keep-Alive': 'timeout=10', 'Vary': 'Accept-Encoding', 'Server': 'Apache', 'Cache-Control': 'max-age=0', 'Expires': 'Fri, 08 Sep 2023 18:09:43 GMT', 'Content-Encoding': 'gzip'}
Response cookies: {}

-----

-----
Test: None
Time: 2023-09-08 21:09:48.172712
Request method: POST
Request URL: https://playground.learnqa.ru/api_dev/user/
Request data: {'password': '1234', 'username': 'learnqa', 'firstName': 'learnqa', 'lastName': 'learnqa', 'email': 'learnqa09082023210948@example.com'}
Request headers: {}
Request cookies: {}

Response code: 200
Response text: {"id":"78882"}
Response headers: {'Date': 'Fri, 08 Sep 2023 18:09:44 GMT', 'Content-Type': 'application/json', 'Content-Length': '14', 'Connection': 'keep-alive', 'Keep-Alive': 'timeout=10', 'Server': 'Apache', 'Cache-Control': 'max-age=0', 'Expires': 'Fri, 08 Sep 2023 18:09:44 GMT'}
Response cookies: {}

-----

-----
Test: None
Time: 2023-09-08 21:09:48.862451
Request method: PUT
Request URL: https://playground.learnqa.ru/api_dev/user/78631
Request data: {'lastName': 'Changed last name'}
Request headers: {}
Request cookies: {}

Response code: 400
Response text: Auth token not supplied
Response headers: {'Date': 'Fri, 08 Sep 2023 18:09:45 GMT', 'Content-Type': 'text/html; charset=utf-8', 'Content-Length': '23', 'Connection': 'keep-alive', 'Keep-Alive': 'timeout=10', 'Server': 'Apache'}
Response cookies: {}

-----

-----
Test: None
Time: 2023-09-08 21:09:49.674009
Request method: POST
Request URL: https://playground.learnqa.ru/api_dev/user/login
Request data: {'email': 'learnqa09082023210948@example.com', 'password': '1234'}
Request headers: {}
Request cookies: {}

Response code: 200
Response text: {"user_id":78882}
Response headers: {'Date': 'Fri, 08 Sep 2023 18:09:46 GMT', 'Content-Type': 'application/json', 'Content-Length': '17', 'Connection': 'keep-alive', 'Keep-Alive': 'timeout=10', 'Server': 'Apache', 'Set-Cookie': 'auth_sid=1874a394f37eda9eaf8c68aabdb9f55564282a1763c77c2ca34a28337940cec6', 'x-csrf-token': 'f753eacf8058eeafc96fb9d5348366e952a629eb64282a1763c77c2ca34a28337940cec6', 'Cache-Control': 'max-age=0', 'Expires': 'Fri, 08 Sep 2023 18:09:46 GMT'}
Response cookies: {'auth_sid': '1874a394f37eda9eaf8c68aabdb9f55564282a1763c77c2ca34a28337940cec6'}

-----

-----
Test: None
Time: 2023-09-08 21:09:49.910654
Request method: GET
Request URL: https://playground.learnqa.ru/api_dev/user/78882
Request data: None
Request headers: {'x-csrf-token': 'f753eacf8058eeafc96fb9d5348366e952a629eb64282a1763c77c2ca34a28337940cec6'}
Request cookies: {'auth_sid': '1874a394f37eda9eaf8c68aabdb9f55564282a1763c77c2ca34a28337940cec6'}

Response code: 200
Response text: {"id":"78882","username":"learnqa","email":"learnqa09082023210948@example.com","firstName":"learnqa","lastName":"learnqa"}
Response headers: {'Date': 'Fri, 08 Sep 2023 18:09:46 GMT', 'Content-Type': 'application/json', 'Transfer-Encoding': 'chunked', 'Connection': 'keep-alive', 'Keep-Alive': 'timeout=10', 'Vary': 'Accept-Encoding', 'Server': 'Apache', 'Cache-Control': 'max-age=0', 'Expires': 'Fri, 08 Sep 2023 18:09:46 GMT', 'Content-Encoding': 'gzip'}
Response cookies: {}

-----

-----
Test: None
Time: 2023-09-08 21:09:50.703617
Request method: POST
Request URL: https://playground.learnqa.ru/api_dev/user/
Request data: {'password': '1234', 'username': 'learnqa', 'firstName': 'learnqa', 'lastName': 'learnqa', 'email': 'JEijgnxpf@example.com'}
Request headers: {}
Request cookies: {}

Response code: 200
Response text: {"id":"78883"}
Response headers: {'Date': 'Fri, 08 Sep 2023 18:09:47 GMT', 'Content-Type': 'application/json', 'Content-Length': '14', 'Connection': 'keep-alive', 'Keep-Alive': 'timeout=10', 'Server': 'Apache', 'Cache-Control': 'max-age=0', 'Expires': 'Fri, 08 Sep 2023 18:09:46 GMT'}
Response cookies: {}

-----

-----
Test: None
Time: 2023-09-08 21:09:51.381668
Request method: POST
Request URL: https://playground.learnqa.ru/api_dev/user/
Request data: {'password': '1234', 'username': 'learnqa', 'firstName': 'learnqa', 'lastName': 'learnqa', 'email': 'rGwDpjLfFR@example.com'}
Request headers: {}
Request cookies: {}

Response code: 200
Response text: {"id":"78884"}
Response headers: {'Date': 'Fri, 08 Sep 2023 18:09:48 GMT', 'Content-Type': 'application/json', 'Content-Length': '14', 'Connection': 'keep-alive', 'Keep-Alive': 'timeout=10', 'Server': 'Apache', 'Cache-Control': 'max-age=0', 'Expires': 'Fri, 08 Sep 2023 18:09:47 GMT'}
Response cookies: {}

-----

-----
Test: None
Time: 2023-09-08 21:09:52.061577
Request method: POST
Request URL: https://playground.learnqa.ru/api_dev/user/login
Request data: {'email': 'rGwDpjLfFR@example.com', 'password': '1234'}
Request headers: {}
Request cookies: {}

Response code: 200
Response text: {"user_id":78884}
Response headers: {'Date': 'Fri, 08 Sep 2023 18:09:48 GMT', 'Content-Type': 'application/json', 'Content-Length': '17', 'Connection': 'keep-alive', 'Keep-Alive': 'timeout=10', 'Server': 'Apache', 'Set-Cookie': 'auth_sid=856050708d15a86e3ecfb4d5388b9a5a23491ae94c6296826eee9e15273125f6', 'x-csrf-token': '1eaceaeb736201d3b838ab69f7fa0a3dd75f4ac823491ae94c6296826eee9e15273125f6', 'Cache-Control': 'max-age=0', 'Expires': 'Fri, 08 Sep 2023 18:09:48 GMT'}
Response cookies: {'auth_sid': '856050708d15a86e3ecfb4d5388b9a5a23491ae94c6296826eee9e15273125f6'}

-----

-----
Test: None
Time: 2023-09-08 21:09:52.236265
Request method: PUT
Request URL: https://playground.learnqa.ru/api_dev/user/78883
Request data: {'firstName': 'Test name'}
Request headers: {'x-csrf-token': '1eaceaeb736201d3b838ab69f7fa0a3dd75f4ac823491ae94c6296826eee9e15273125f6'}
Request cookies: {'auth_sid': '856050708d15a86e3ecfb4d5388b9a5a23491ae94c6296826eee9e15273125f6'}

Response code: 200
Response text: 
Response headers: {'Date': 'Fri, 08 Sep 2023 18:09:49 GMT', 'Content-Type': 'text/html; charset=utf-8', 'Content-Length': '0', 'Connection': 'keep-alive', 'Keep-Alive': 'timeout=10', 'Server': 'Apache', 'Cache-Control': 'max-age=0', 'Expires': 'Fri, 08 Sep 2023 18:09:48 GMT'}
Response cookies: {}

-----

-----
Test: None
Time: 2023-09-08 21:09:53.017567
Request method: POST
Request URL: https://playground.learnqa.ru/api_dev/user/login
Request data: {'email': 'JEijgnxpf@example.com', 'password': '1234'}
Request headers: {}
Request cookies: {}

Response code: 200
Response text: {"user_id":78883}
Response headers: {'Date': 'Fri, 08 Sep 2023 18:09:49 GMT', 'Content-Type': 'application/json', 'Content-Length': '17', 'Connection': 'keep-alive', 'Keep-Alive': 'timeout=10', 'Server': 'Apache', 'Set-Cookie': 'auth_sid=881cdeec66d87da5109b4111a3e30d38b3c4115985531f2e0631db1eaff3388c', 'x-csrf-token': '2d56a3ca1a91e6d01d84ab0cb0bc6cea9a2951f3b3c4115985531f2e0631db1eaff3388c', 'Cache-Control': 'max-age=0', 'Expires': 'Fri, 08 Sep 2023 18:09:49 GMT'}
Response cookies: {'auth_sid': '881cdeec66d87da5109b4111a3e30d38b3c4115985531f2e0631db1eaff3388c'}

-----

-----
Test: None
Time: 2023-09-08 21:09:53.199941
Request method: GET
Request URL: https://playground.learnqa.ru/api_dev/user/78883
Request data: None
Request headers: {'x-csrf-token': '2d56a3ca1a91e6d01d84ab0cb0bc6cea9a2951f3b3c4115985531f2e0631db1eaff3388c'}
Request cookies: {'auth_sid': '881cdeec66d87da5109b4111a3e30d38b3c4115985531f2e0631db1eaff3388c'}

Response code: 200
Response text: {"id":"78883","username":"learnqa","email":"JEijgnxpf@example.com","firstName":"learnqa","lastName":"learnqa"}
Response headers: {'Date': 'Fri, 08 Sep 2023 18:09:50 GMT', 'Content-Type': 'application/json', 'Transfer-Encoding': 'chunked', 'Connection': 'keep-alive', 'Keep-Alive': 'timeout=10', 'Vary': 'Accept-Encoding', 'Server': 'Apache', 'Cache-Control': 'max-age=0', 'Expires': 'Fri, 08 Sep 2023 18:09:49 GMT', 'Content-Encoding': 'gzip'}
Response cookies: {}

-----

-----
Test: None
Time: 2023-09-08 21:09:53.994934
Request method: POST
Request URL: https://playground.learnqa.ru/api_dev/user/
Request data: {'password': '1234', 'username': 'learnqa', 'firstName': 'learnqa', 'lastName': 'learnqa', 'email': 'learnqa09082023210953@example.com'}
Request headers: {}
Request cookies: {}

Response code: 200
Response text: {"id":"78885"}
Response headers: {'Date': 'Fri, 08 Sep 2023 18:09:50 GMT', 'Content-Type': 'application/json', 'Content-Length': '14', 'Connection': 'keep-alive', 'Keep-Alive': 'timeout=10', 'Server': 'Apache', 'Cache-Control': 'max-age=0', 'Expires': 'Fri, 08 Sep 2023 18:09:50 GMT'}
Response cookies: {}

-----

-----
Test: None
Time: 2023-09-08 21:09:54.663059
Request method: POST
Request URL: https://playground.learnqa.ru/api_dev/user/login
Request data: {'email': 'learnqa09082023210953@example.com', 'password': '1234'}
Request headers: {}
Request cookies: {}

Response code: 200
Response text: {"user_id":78885}
Response headers: {'Date': 'Fri, 08 Sep 2023 18:09:51 GMT', 'Content-Type': 'application/json', 'Content-Length': '17', 'Connection': 'keep-alive', 'Keep-Alive': 'timeout=10', 'Server': 'Apache', 'Set-Cookie': 'auth_sid=0331d8492fa874c0ecdd6e5aa7a4e0c2921f79b28618548e3bb335c4b5e606bb', 'x-csrf-token': '2109c3116089772da0844838bb9da3653f518dde921f79b28618548e3bb335c4b5e606bb', 'Cache-Control': 'max-age=0', 'Expires': 'Fri, 08 Sep 2023 18:09:51 GMT'}
Response cookies: {'auth_sid': '0331d8492fa874c0ecdd6e5aa7a4e0c2921f79b28618548e3bb335c4b5e606bb'}

-----

-----
Test: None
Time: 2023-09-08 21:09:54.896044
Request method: PUT
Request URL: https://playground.learnqa.ru/api_dev/user/78885
Request data: {'email': 'testexample.com'}
Request headers: {'x-csrf-token': '2109c3116089772da0844838bb9da3653f518dde921f79b28618548e3bb335c4b5e606bb'}
Request cookies: {'auth_sid': '0331d8492fa874c0ecdd6e5aa7a4e0c2921f79b28618548e3bb335c4b5e606bb'}

Response code: 400
Response text: Invalid email format
Response headers: {'Date': 'Fri, 08 Sep 2023 18:09:51 GMT', 'Content-Type': 'text/html; charset=utf-8', 'Content-Length': '20', 'Connection': 'keep-alive', 'Keep-Alive': 'timeout=10', 'Server': 'Apache'}
Response cookies: {}

-----

-----
Test: None
Time: 2023-09-08 21:09:55.724796
Request method: GET
Request URL: https://playground.learnqa.ru/api_dev/user/78885
Request data: None
Request headers: {'x-csrf-token': '2109c3116089772da0844838bb9da3653f518dde921f79b28618548e3bb335c4b5e606bb'}
Request cookies: {'auth_sid': '0331d8492fa874c0ecdd6e5aa7a4e0c2921f79b28618548e3bb335c4b5e606bb'}

Response code: 200
Response text: {"id":"78885","username":"learnqa","email":"learnqa09082023210953@example.com","firstName":"learnqa","lastName":"learnqa"}
Response headers: {'Date': 'Fri, 08 Sep 2023 18:09:52 GMT', 'Content-Type': 'application/json', 'Transfer-Encoding': 'chunked', 'Connection': 'keep-alive', 'Keep-Alive': 'timeout=10', 'Vary': 'Accept-Encoding', 'Server': 'Apache', 'Cache-Control': 'max-age=0', 'Expires': 'Fri, 08 Sep 2023 18:09:52 GMT', 'Content-Encoding': 'gzip'}
Response cookies: {}

-----

-----
Test: None
Time: 2023-09-08 21:09:56.418854
Request method: POST
Request URL: https://playground.learnqa.ru/api_dev/user/
Request data: {'password': '1234', 'username': 'learnqa', 'firstName': 'learnqa', 'lastName': 'learnqa', 'email': 'learnqa09082023210956@example.com'}
Request headers: {}
Request cookies: {}

Response code: 200
Response text: {"id":"78886"}
Response headers: {'Date': 'Fri, 08 Sep 2023 18:09:53 GMT', 'Content-Type': 'application/json', 'Content-Length': '14', 'Connection': 'keep-alive', 'Keep-Alive': 'timeout=10', 'Server': 'Apache', 'Cache-Control': 'max-age=0', 'Expires': 'Fri, 08 Sep 2023 18:09:52 GMT'}
Response cookies: {}

-----

-----
Test: None
Time: 2023-09-08 21:09:57.098577
Request method: POST
Request URL: https://playground.learnqa.ru/api_dev/user/login
Request data: {'email': 'learnqa09082023210956@example.com', 'password': '1234'}
Request headers: {}
Request cookies: {}

Response code: 200
Response text: {"user_id":78886}
Response headers: {'Date': 'Fri, 08 Sep 2023 18:09:53 GMT', 'Content-Type': 'application/json', 'Content-Length': '17', 'Connection': 'keep-alive', 'Keep-Alive': 'timeout=10', 'Server': 'Apache', 'Set-Cookie': 'auth_sid=a80682bcd59707a83d0c4bebfa5bad1c3647b55db7b50a716015643620c8ece0', 'x-csrf-token': '7a96999dc255e8b41b0cba2dacf23124e9e6c9da3647b55db7b50a716015643620c8ece0', 'Cache-Control': 'max-age=0', 'Expires': 'Fri, 08 Sep 2023 18:09:53 GMT'}
Response cookies: {'auth_sid': 'a80682bcd59707a83d0c4bebfa5bad1c3647b55db7b50a716015643620c8ece0'}

-----

-----
Test: None
Time: 2023-09-08 21:09:57.281043
Request method: PUT
Request URL: https://playground.learnqa.ru/api_dev/user/78886
Request data: {'firstName': 'x'}
Request headers: {'x-csrf-token': '7a96999dc255e8b41b0cba2dacf23124e9e6c9da3647b55db7b50a716015643620c8ece0'}
Request cookies: {'auth_sid': 'a80682bcd59707a83d0c4bebfa5bad1c3647b55db7b50a716015643620c8ece0'}

Response code: 400
Response text: {"error":"Too short value for field firstName"}
Response headers: {'Date': 'Fri, 08 Sep 2023 18:09:54 GMT', 'Content-Type': 'application/json', 'Content-Length': '47', 'Connection': 'keep-alive', 'Keep-Alive': 'timeout=10', 'Server': 'Apache'}
Response cookies: {}

-----

-----
Test: None
Time: 2023-09-08 21:09:58.093557
Request method: GET
Request URL: https://playground.learnqa.ru/api_dev/user/78886
Request data: None
Request headers: {'x-csrf-token': '7a96999dc255e8b41b0cba2dacf23124e9e6c9da3647b55db7b50a716015643620c8ece0'}
Request cookies: {'auth_sid': 'a80682bcd59707a83d0c4bebfa5bad1c3647b55db7b50a716015643620c8ece0'}

Response code: 200
Response text: {"id":"78886","username":"learnqa","email":"learnqa09082023210956@example.com","firstName":"learnqa","lastName":"learnqa"}
Response headers: {'Date': 'Fri, 08 Sep 2023 18:09:54 GMT', 'Content-Type': 'application/json', 'Transfer-Encoding': 'chunked', 'Connection': 'keep-alive', 'Keep-Alive': 'timeout=10', 'Vary': 'Accept-Encoding', 'Server': 'Apache', 'Cache-Control': 'max-age=0', 'Expires': 'Fri, 08 Sep 2023 18:09:54 GMT', 'Content-Encoding': 'gzip'}
Response cookies: {}

-----

-----
Test: None
Time: 2023-09-08 21:09:58.825083
Request method: GET
Request URL: https://playground.learnqa.ru/api_dev/user/2
Request data: None
Request headers: {}
Request cookies: {}

Response code: 200
Response text: {"username":"Vitaliy"}
Response headers: {'Date': 'Fri, 08 Sep 2023 18:09:55 GMT', 'Content-Type': 'application/json', 'Transfer-Encoding': 'chunked', 'Connection': 'keep-alive', 'Keep-Alive': 'timeout=10', 'Vary': 'Accept-Encoding', 'Server': 'Apache', 'Cache-Control': 'max-age=0', 'Expires': 'Fri, 08 Sep 2023 18:09:55 GMT', 'Content-Encoding': 'gzip'}
Response cookies: {}

-----

-----
Test: None
Time: 2023-09-08 21:09:59.648335
Request method: POST
Request URL: https://playground.learnqa.ru/api_dev/user/login
Request data: {'email': 'vinkotov@example.com', 'password': '1234'}
Request headers: {}
Request cookies: {}

Response code: 200
Response text: {"user_id":2}
Response headers: {'Date': 'Fri, 08 Sep 2023 18:09:56 GMT', 'Content-Type': 'application/json', 'Content-Length': '13', 'Connection': 'keep-alive', 'Keep-Alive': 'timeout=10', 'Server': 'Apache', 'Set-Cookie': 'auth_sid=6bf2ff350ef67d0a9beb6b54e676942f02e94918f1549272bcf2cafc2634fd9d', 'x-csrf-token': '7d408037db03d4e780fb0db3980924abfb6bad9e02e94918f1549272bcf2cafc2634fd9d', 'Cache-Control': 'max-age=0', 'Expires': 'Fri, 08 Sep 2023 18:09:56 GMT'}
Response cookies: {'auth_sid': '6bf2ff350ef67d0a9beb6b54e676942f02e94918f1549272bcf2cafc2634fd9d'}

-----

-----
Test: None
Time: 2023-09-08 21:09:59.899512
Request method: GET
Request URL: https://playground.learnqa.ru/api_dev/user/2
Request data: None
Request headers: {'x-csrf-token': '7d408037db03d4e780fb0db3980924abfb6bad9e02e94918f1549272bcf2cafc2634fd9d'}
Request cookies: {'auth_sid': '6bf2ff350ef67d0a9beb6b54e676942f02e94918f1549272bcf2cafc2634fd9d'}

Response code: 200
Response text: {"id":"2","username":"Vitaliy","email":"vinkotov@example.com","firstName":"Vitalii","lastName":"Kotov"}
Response headers: {'Date': 'Fri, 08 Sep 2023 18:09:56 GMT', 'Content-Type': 'application/json', 'Transfer-Encoding': 'chunked', 'Connection': 'keep-alive', 'Keep-Alive': 'timeout=10', 'Vary': 'Accept-Encoding', 'Server': 'Apache', 'Cache-Control': 'max-age=0', 'Expires': 'Fri, 08 Sep 2023 18:09:56 GMT', 'Content-Encoding': 'gzip'}
Response cookies: {}

-----

-----
Test: None
Time: 2023-09-08 21:10:00.672678
Request method: POST
Request URL: https://playground.learnqa.ru/api_dev/user/login
Request data: {'email': 'vinkotov@example.com', 'password': '1234'}
Request headers: {}
Request cookies: {}

Response code: 200
Response text: {"user_id":2}
Response headers: {'Date': 'Fri, 08 Sep 2023 18:09:56 GMT', 'Content-Type': 'application/json', 'Content-Length': '13', 'Connection': 'keep-alive', 'Keep-Alive': 'timeout=10', 'Server': 'Apache', 'Set-Cookie': 'auth_sid=2964dae81193823a9d14f23bd24769f902e94918f1549272bcf2cafc2634fd9d', 'x-csrf-token': '7cd561dba006f09e7b3c662f55a2cd75bce8ba1c02e94918f1549272bcf2cafc2634fd9d', 'Cache-Control': 'max-age=0', 'Expires': 'Fri, 08 Sep 2023 18:09:56 GMT'}
Response cookies: {'auth_sid': '2964dae81193823a9d14f23bd24769f902e94918f1549272bcf2cafc2634fd9d'}

-----

-----
Test: None
Time: 2023-09-08 21:10:00.842365
Request method: GET
Request URL: https://playground.learnqa.ru/api_dev/user/1
Request data: None
Request headers: {'x-csrf-token': '7cd561dba006f09e7b3c662f55a2cd75bce8ba1c02e94918f1549272bcf2cafc2634fd9d'}
Request cookies: {'auth_sid': '2964dae81193823a9d14f23bd24769f902e94918f1549272bcf2cafc2634fd9d'}

Response code: 200
Response text: {"username":"Lana"}
Response headers: {'Date': 'Fri, 08 Sep 2023 18:09:57 GMT', 'Content-Type': 'application/json', 'Content-Length': '19', 'Connection': 'keep-alive', 'Keep-Alive': 'timeout=10', 'Server': 'Apache', 'Cache-Control': 'max-age=0', 'Expires': 'Fri, 08 Sep 2023 18:09:57 GMT'}
Response cookies: {}

-----

-----
Test: None
Time: 2023-09-08 21:10:01.674570
Request method: POST
Request URL: https://playground.learnqa.ru/api_dev/user/
Request data: {'password': '1234', 'username': 'learnqa', 'firstName': 'learnqa', 'lastName': 'learnqa', 'email': 'learnqa09082023211001@example.com'}
Request headers: {}
Request cookies: {}

Response code: 200
Response text: {"id":"78887"}
Response headers: {'Date': 'Fri, 08 Sep 2023 18:09:58 GMT', 'Content-Type': 'application/json', 'Content-Length': '14', 'Connection': 'keep-alive', 'Keep-Alive': 'timeout=10', 'Server': 'Apache', 'Cache-Control': 'max-age=0', 'Expires': 'Fri, 08 Sep 2023 18:09:57 GMT'}
Response cookies: {}

-----

-----
Test: None
Time: 2023-09-08 21:10:02.367702
Request method: POST
Request URL: https://playground.learnqa.ru/api_dev/user/
Request data: {'password': '1234', 'username': 'learnqa', 'firstName': 'learnqa', 'lastName': 'learnqa', 'email': 'vinkotov@example.com'}
Request headers: {}
Request cookies: {}

Response code: 400
Response text: Users with email 'vinkotov@example.com' already exists
Response headers: {'Date': 'Fri, 08 Sep 2023 18:09:59 GMT', 'Content-Type': 'text/html; charset=utf-8', 'Content-Length': '54', 'Connection': 'keep-alive', 'Keep-Alive': 'timeout=10', 'Server': 'Apache'}
Response cookies: {}

-----

-----
Test: None
Time: 2023-09-08 21:10:03.108830
Request method: POST
Request URL: https://playground.learnqa.ru/api_dev/user/
Request data: {'password': '1234', 'username': 'learnqa', 'firstName': 'learnqa', 'lastName': 'learnqa', 'email': 'testexample.com'}
Request headers: {}
Request cookies: {}

Response code: 400
Response text: Invalid email format
Response headers: {'Date': 'Fri, 08 Sep 2023 18:09:59 GMT', 'Content-Type': 'text/html; charset=utf-8', 'Content-Length': '20', 'Connection': 'keep-alive', 'Keep-Alive': 'timeout=10', 'Server': 'Apache'}
Response cookies: {}

-----

-----
Test: None
Time: 2023-09-08 21:10:03.778673
Request method: POST
Request URL: https://playground.learnqa.ru/api_dev/user/
Request data: {'password': None, 'username': 'bot', 'firstName': 'bot_fname', 'lastName': 'bot_lname', 'email': 'bot@example.com'}
Request headers: {}
Request cookies: {}

Response code: 400
Response text: The following required params are missed: password
Response headers: {'Date': 'Fri, 08 Sep 2023 18:10:00 GMT', 'Content-Type': 'text/html; charset=utf-8', 'Content-Length': '50', 'Connection': 'keep-alive', 'Keep-Alive': 'timeout=10', 'Server': 'Apache'}
Response cookies: {}

-----

-----
Test: None
Time: 2023-09-08 21:10:04.438536
Request method: POST
Request URL: https://playground.learnqa.ru/api_dev/user/
Request data: {'password': '1234', 'username': None, 'firstName': 'bot_fname', 'lastName': 'bot_lname', 'email': 'bot@example.com'}
Request headers: {}
Request cookies: {}

Response code: 400
Response text: The following required params are missed: username
Response headers: {'Date': 'Fri, 08 Sep 2023 18:10:01 GMT', 'Content-Type': 'text/html; charset=utf-8', 'Content-Length': '50', 'Connection': 'keep-alive', 'Keep-Alive': 'timeout=10', 'Server': 'Apache'}
Response cookies: {}

-----

-----
Test: None
Time: 2023-09-08 21:10:05.170020
Request method: POST
Request URL: https://playground.learnqa.ru/api_dev/user/
Request data: {'password': '1234', 'username': 'bot', 'firstName': None, 'lastName': 'bot_lname', 'email': 'bot@example.com'}
Request headers: {}
Request cookies: {}

Response code: 400
Response text: The following required params are missed: firstName
Response headers: {'Date': 'Fri, 08 Sep 2023 18:10:01 GMT', 'Content-Type': 'text/html; charset=utf-8', 'Content-Length': '51', 'Connection': 'keep-alive', 'Keep-Alive': 'timeout=10', 'Server': 'Apache'}
Response cookies: {}

-----

-----
Test: None
Time: 2023-09-08 21:10:05.853956
Request method: POST
Request URL: https://playground.learnqa.ru/api_dev/user/
Request data: {'password': '1234', 'username': 'bot', 'firstName': 'bot_fname', 'lastName': None, 'email': 'bot@example.com'}
Request headers: {}
Request cookies: {}

Response code: 400
Response text: The following required params are missed: lastName
Response headers: {'Date': 'Fri, 08 Sep 2023 18:10:02 GMT', 'Content-Type': 'text/html; charset=utf-8', 'Content-Length': '50', 'Connection': 'keep-alive', 'Keep-Alive': 'timeout=10', 'Server': 'Apache'}
Response cookies: {}

-----

-----
Test: None
Time: 2023-09-08 21:10:06.575696
Request method: POST
Request URL: https://playground.learnqa.ru/api_dev/user/
Request data: {'password': '1234', 'username': 'bot', 'firstName': 'bot_fname', 'lastName': 'bot_lname', 'email': None}
Request headers: {}
Request cookies: {}

Response code: 400
Response text: The following required params are missed: email
Response headers: {'Date': 'Fri, 08 Sep 2023 18:10:03 GMT', 'Content-Type': 'text/html; charset=utf-8', 'Content-Length': '47', 'Connection': 'keep-alive', 'Keep-Alive': 'timeout=10', 'Server': 'Apache'}
Response cookies: {}

-----

-----
Test: None
Time: 2023-09-08 21:10:07.300359
Request method: POST
Request URL: https://playground.learnqa.ru/api_dev/user/
Request data: {'password': '1234', 'username': 'learnqa', 'firstName': 'x', 'lastName': 'learnqa', 'email': 'learnqa09082023211007@example.com'}
Request headers: {}
Request cookies: {}

Response code: 400
Response text: The value of 'firstName' field is too short
Response headers: {'Date': 'Fri, 08 Sep 2023 18:10:04 GMT', 'Content-Type': 'text/html; charset=utf-8', 'Content-Length': '43', 'Connection': 'keep-alive', 'Keep-Alive': 'timeout=10', 'Server': 'Apache'}
Response cookies: {}

-----

-----
Test: None
Time: 2023-09-08 21:10:08.025722
Request method: POST
Request URL: https://playground.learnqa.ru/api_dev/user/
Request data: {'password': '1234', 'username': 'learnqa', 'firstName': 'btspEAjETkcQJghlwcwUZsMhSkTFJyfCSHqFuQlCRhMkMuRNNhMiDbQaWjAuwYtrovCnFktwZERiqbClrlwKHtdpItXTeHubYyAhWcMtUYkUiFyYNRGHiVFiEYdwEcrIUtGBXUeljMpydkjcvVuDqlZzfWJOcaDwsGhNyonGuIVVWwmKDqZHRkGNTErCflzwVASTlsUUOLfEqTRmvKFdeGVWnXQUZjygVhwcjZszKaZYgjZMdutERUKJvmY', 'lastName': 'learnqa', 'email': 'learnqa09082023211008@example.com'}
Request headers: {}
Request cookies: {}

Response code: 400
Response text: The value of 'firstName' field is too long
Response headers: {'Date': 'Fri, 08 Sep 2023 18:10:04 GMT', 'Content-Type': 'text/html; charset=utf-8', 'Content-Length': '42', 'Connection': 'keep-alive', 'Keep-Alive': 'timeout=10', 'Server': 'Apache'}
Response cookies: {}

-----
