
-----
Test: None
Time: 2023-06-21 22:59:20.587372
Request method: POST
Request URL: https://playground.learnqa.ru/api/user/login
Request data: {'email': 'vinkotov@example.com', 'password': '1234'}
Request headers: {}
Request cookies: {}

Response code: 200
Response text: {"user_id":2}
Response headers: {'Date': 'Wed, 21 Jun 2023 19:59:20 GMT', 'Content-Type': 'application/json', 'Content-Length': '13', 'Connection': 'keep-alive', 'Keep-Alive': 'timeout=10', 'Server': 'Apache', 'Set-Cookie': 'auth_sid=80f39c587ccf7a3ac932279dbda2267302e94918f1549272bcf2cafc2634fd9d', 'x-csrf-token': '208ed595eb90e12d9e399ff30096ed6ed010eab602e94918f1549272bcf2cafc2634fd9d', 'Cache-Control': 'max-age=0', 'Expires': 'Wed, 21 Jun 2023 19:59:20 GMT'}
Response cookies: {'auth_sid': '80f39c587ccf7a3ac932279dbda2267302e94918f1549272bcf2cafc2634fd9d'}

-----

-----
Test: None
Time: 2023-06-21 22:59:20.851625
Request method: GET
Request URL: https://playground.learnqa.ru/api/user/auth
Request data: None
Request headers: {'x-csrf-token': '208ed595eb90e12d9e399ff30096ed6ed010eab602e94918f1549272bcf2cafc2634fd9d'}
Request cookies: {'auth_sid': '80f39c587ccf7a3ac932279dbda2267302e94918f1549272bcf2cafc2634fd9d'}

Response code: 200
Response text: {"user_id":2}
Response headers: {'Date': 'Wed, 21 Jun 2023 19:59:21 GMT', 'Content-Type': 'application/json', 'Content-Length': '13', 'Connection': 'keep-alive', 'Keep-Alive': 'timeout=10', 'Server': 'Apache', 'Cache-Control': 'max-age=0', 'Expires': 'Wed, 21 Jun 2023 19:59:20 GMT'}
Response cookies: {}

-----

-----
Test: None
Time: 2023-06-21 22:59:21.140722
Request method: POST
Request URL: https://playground.learnqa.ru/api/user/login
Request data: {'email': 'vinkotov@example.com', 'password': '1234'}
Request headers: {}
Request cookies: {}

Response code: 200
Response text: {"user_id":2}
Response headers: {'Date': 'Wed, 21 Jun 2023 19:59:21 GMT', 'Content-Type': 'application/json', 'Content-Length': '13', 'Connection': 'keep-alive', 'Keep-Alive': 'timeout=10', 'Server': 'Apache', 'Set-Cookie': 'auth_sid=bee593432ef177363c61c8dbe9c1a37702e94918f1549272bcf2cafc2634fd9d', 'x-csrf-token': '565b23d159857089fff10eac7d50ff2864a2737b02e94918f1549272bcf2cafc2634fd9d', 'Cache-Control': 'max-age=0', 'Expires': 'Wed, 21 Jun 2023 19:59:21 GMT'}
Response cookies: {'auth_sid': 'bee593432ef177363c61c8dbe9c1a37702e94918f1549272bcf2cafc2634fd9d'}

-----

-----
Test: None
Time: 2023-06-21 22:59:21.268134
Request method: GET
Request URL: https://playground.learnqa.ru/api/user/auth
Request data: None
Request headers: {'x-csrf-token': '565b23d159857089fff10eac7d50ff2864a2737b02e94918f1549272bcf2cafc2634fd9d'}
Request cookies: {}

Response code: 200
Response text: {"user_id":0}
Response headers: {'Date': 'Wed, 21 Jun 2023 19:59:21 GMT', 'Content-Type': 'application/json', 'Content-Length': '13', 'Connection': 'keep-alive', 'Keep-Alive': 'timeout=10', 'Server': 'Apache', 'Cache-Control': 'max-age=0', 'Expires': 'Wed, 21 Jun 2023 19:59:21 GMT'}
Response cookies: {}

-----

-----
Test: None
Time: 2023-06-21 22:59:21.476713
Request method: POST
Request URL: https://playground.learnqa.ru/api/user/login
Request data: {'email': 'vinkotov@example.com', 'password': '1234'}
Request headers: {}
Request cookies: {}

Response code: 200
Response text: {"user_id":2}
Response headers: {'Date': 'Wed, 21 Jun 2023 19:59:21 GMT', 'Content-Type': 'application/json', 'Content-Length': '13', 'Connection': 'keep-alive', 'Keep-Alive': 'timeout=10', 'Server': 'Apache', 'Set-Cookie': 'auth_sid=bc1a9644c8ae396c48a2d76dc876c14a02e94918f1549272bcf2cafc2634fd9d', 'x-csrf-token': 'b48faab233fe5c7de846531d2197d74fb652519f02e94918f1549272bcf2cafc2634fd9d', 'Cache-Control': 'max-age=0', 'Expires': 'Wed, 21 Jun 2023 19:59:21 GMT'}
Response cookies: {'auth_sid': 'bc1a9644c8ae396c48a2d76dc876c14a02e94918f1549272bcf2cafc2634fd9d'}

-----

-----
Test: None
Time: 2023-06-21 22:59:21.614316
Request method: GET
Request URL: https://playground.learnqa.ru/api/user/auth
Request data: None
Request headers: {}
Request cookies: {'auth_sid': 'bc1a9644c8ae396c48a2d76dc876c14a02e94918f1549272bcf2cafc2634fd9d'}

Response code: 200
Response text: {"user_id":0}
Response headers: {'Date': 'Wed, 21 Jun 2023 19:59:21 GMT', 'Content-Type': 'application/json', 'Content-Length': '13', 'Connection': 'keep-alive', 'Keep-Alive': 'timeout=10', 'Server': 'Apache', 'Cache-Control': 'max-age=0', 'Expires': 'Wed, 21 Jun 2023 19:59:21 GMT'}
Response cookies: {}

-----

-----
Test: None
Time: 2023-06-21 22:59:21.895993
Request method: POST
Request URL: https://playground.learnqa.ru/api/user/
Request data: {'password': '1234', 'username': 'learnqa', 'firstName': 'learnqa', 'lastName': 'learnqa', 'email': 'learnqa06212023225921@example.com'}
Request headers: {}
Request cookies: {}

Response code: 200
Response text: {"id":"74192"}
Response headers: {'Date': 'Wed, 21 Jun 2023 19:59:22 GMT', 'Content-Type': 'application/json', 'Content-Length': '14', 'Connection': 'keep-alive', 'Keep-Alive': 'timeout=10', 'Server': 'Apache', 'Cache-Control': 'max-age=0', 'Expires': 'Wed, 21 Jun 2023 19:59:21 GMT'}
Response cookies: {}

-----

-----
Test: None
Time: 2023-06-21 22:59:22.612295
Request method: POST
Request URL: https://playground.learnqa.ru/api/user/login
Request data: {'email': 'learnqa06212023225921@example.com', 'password': '1234'}
Request headers: {}
Request cookies: {}

Response code: 200
Response text: {"user_id":74192}
Response headers: {'Date': 'Wed, 21 Jun 2023 19:59:22 GMT', 'Content-Type': 'application/json', 'Content-Length': '17', 'Connection': 'keep-alive', 'Keep-Alive': 'timeout=10', 'Server': 'Apache', 'Set-Cookie': 'auth_sid=10a232a11414a1892d749f1d2a5d9c3c8ac19428a4caaf1d913c6e9c8fbcb062', 'x-csrf-token': '60f511a6a824951fc941252d76efe63154f2e4998ac19428a4caaf1d913c6e9c8fbcb062', 'Cache-Control': 'max-age=0', 'Expires': 'Wed, 21 Jun 2023 19:59:22 GMT'}
Response cookies: {'auth_sid': '10a232a11414a1892d749f1d2a5d9c3c8ac19428a4caaf1d913c6e9c8fbcb062'}

-----

-----
Test: None
Time: 2023-06-21 22:59:22.759685
Request method: PUT
Request URL: https://playground.learnqa.ru/api/user/74192
Request data: {'firstName': 'Changed name'}
Request headers: {'x-csrf-token': '60f511a6a824951fc941252d76efe63154f2e4998ac19428a4caaf1d913c6e9c8fbcb062'}
Request cookies: {'auth_sid': '10a232a11414a1892d749f1d2a5d9c3c8ac19428a4caaf1d913c6e9c8fbcb062'}

Response code: 200
Response text: 
Response headers: {'Date': 'Wed, 21 Jun 2023 19:59:23 GMT', 'Content-Type': 'text/html; charset=utf-8', 'Content-Length': '0', 'Connection': 'keep-alive', 'Keep-Alive': 'timeout=10', 'Server': 'Apache', 'Cache-Control': 'max-age=0', 'Expires': 'Wed, 21 Jun 2023 19:59:22 GMT'}
Response cookies: {}

-----

-----
Test: None
Time: 2023-06-21 22:59:23.561749
Request method: GET
Request URL: https://playground.learnqa.ru/api/user/74192
Request data: None
Request headers: {'x-csrf-token': '60f511a6a824951fc941252d76efe63154f2e4998ac19428a4caaf1d913c6e9c8fbcb062'}
Request cookies: {'auth_sid': '10a232a11414a1892d749f1d2a5d9c3c8ac19428a4caaf1d913c6e9c8fbcb062'}

Response code: 200
Response text: {"id":"74192","username":"learnqa","email":"learnqa06212023225921@example.com","firstName":"Changed name","lastName":"learnqa"}
Response headers: {'Date': 'Wed, 21 Jun 2023 19:59:24 GMT', 'Content-Type': 'application/json', 'Transfer-Encoding': 'chunked', 'Connection': 'keep-alive', 'Keep-Alive': 'timeout=10', 'Vary': 'Accept-Encoding', 'Server': 'Apache', 'Cache-Control': 'max-age=0', 'Expires': 'Wed, 21 Jun 2023 19:59:23 GMT', 'Content-Encoding': 'gzip'}
Response cookies: {}

-----

-----
Test: None
Time: 2023-06-21 22:59:24.200298
Request method: GET
Request URL: https://playground.learnqa.ru/api/user/2
Request data: None
Request headers: {}
Request cookies: {}

Response code: 200
Response text: {"username":"Vitaliy"}
Response headers: {'Date': 'Wed, 21 Jun 2023 19:59:24 GMT', 'Content-Type': 'application/json', 'Transfer-Encoding': 'chunked', 'Connection': 'keep-alive', 'Keep-Alive': 'timeout=10', 'Vary': 'Accept-Encoding', 'Server': 'Apache', 'Cache-Control': 'max-age=0', 'Expires': 'Wed, 21 Jun 2023 19:59:24 GMT', 'Content-Encoding': 'gzip'}
Response cookies: {}

-----

-----
Test: None
Time: 2023-06-21 22:59:24.902953
Request method: POST
Request URL: https://playground.learnqa.ru/api/user/login
Request data: {'email': 'vinkotov@example.com', 'password': '1234'}
Request headers: {}
Request cookies: {}

Response code: 200
Response text: {"user_id":2}
Response headers: {'Date': 'Wed, 21 Jun 2023 19:59:25 GMT', 'Content-Type': 'application/json', 'Content-Length': '13', 'Connection': 'keep-alive', 'Keep-Alive': 'timeout=10', 'Server': 'Apache', 'Set-Cookie': 'auth_sid=be6ddcf879a364b86eb23109692d014002e94918f1549272bcf2cafc2634fd9d', 'x-csrf-token': '88147797e172975ea2143d286e48d9769fe37d6502e94918f1549272bcf2cafc2634fd9d', 'Cache-Control': 'max-age=0', 'Expires': 'Wed, 21 Jun 2023 19:59:25 GMT'}
Response cookies: {'auth_sid': 'be6ddcf879a364b86eb23109692d014002e94918f1549272bcf2cafc2634fd9d'}

-----

-----
Test: None
Time: 2023-06-21 22:59:25.359757
Request method: GET
Request URL: https://playground.learnqa.ru/api/user/2
Request data: None
Request headers: {'x-csrf-token': '88147797e172975ea2143d286e48d9769fe37d6502e94918f1549272bcf2cafc2634fd9d'}
Request cookies: {'auth_sid': 'be6ddcf879a364b86eb23109692d014002e94918f1549272bcf2cafc2634fd9d'}

Response code: 200
Response text: {"id":"2","username":"Vitaliy","email":"vinkotov@example.com","firstName":"Vitalii","lastName":"Kotov"}
Response headers: {'Date': 'Wed, 21 Jun 2023 19:59:26 GMT', 'Content-Type': 'application/json', 'Transfer-Encoding': 'chunked', 'Connection': 'keep-alive', 'Keep-Alive': 'timeout=10', 'Vary': 'Accept-Encoding', 'Server': 'Apache', 'Cache-Control': 'max-age=0', 'Expires': 'Wed, 21 Jun 2023 19:59:25 GMT', 'Content-Encoding': 'gzip'}
Response cookies: {}

-----

-----
Test: None
Time: 2023-06-21 22:59:26.152384
Request method: POST
Request URL: https://playground.learnqa.ru/api/user/
Request data: {'password': '1234', 'username': 'learnqa', 'firstName': 'learnqa', 'lastName': 'learnqa', 'email': 'learnqa06212023225926@example.com'}
Request headers: {}
Request cookies: {}

Response code: 200
Response text: {"id":"74193"}
Response headers: {'Date': 'Wed, 21 Jun 2023 19:59:26 GMT', 'Content-Type': 'application/json', 'Content-Length': '14', 'Connection': 'keep-alive', 'Keep-Alive': 'timeout=10', 'Server': 'Apache', 'Cache-Control': 'max-age=0', 'Expires': 'Wed, 21 Jun 2023 19:59:26 GMT'}
Response cookies: {}

-----

-----
Test: None
Time: 2023-06-21 22:59:26.799565
Request method: POST
Request URL: https://playground.learnqa.ru/api/user/
Request data: {'password': '1234', 'username': 'learnqa', 'firstName': 'learnqa', 'lastName': 'learnqa', 'email': 'vinkotov@example.com'}
Request headers: {}
Request cookies: {}

Response code: 400
Response text: Users with email 'vinkotov@example.com' already exists
Response headers: {'Date': 'Wed, 21 Jun 2023 19:59:27 GMT', 'Content-Type': 'text/html; charset=utf-8', 'Content-Length': '54', 'Connection': 'keep-alive', 'Keep-Alive': 'timeout=10', 'Server': 'Apache'}
Response cookies: {}

-----
