
-----
Test: None
Time: 2023-06-21 22:57:27.375730
Request method: POST
Request URL: <bound method Environment.get_base_url of <environment.Environment object at 0x000002A289D83610>>/user/login
Request data: {'email': 'vinkotov@example.com', 'password': '1234'}
Request headers: {}
Request cookies: {}


-----
Test: None
Time: 2023-06-21 22:57:27.573731
Request method: POST
Request URL: <bound method Environment.get_base_url of <environment.Environment object at 0x000002A289D83610>>/user/login
Request data: {'email': 'vinkotov@example.com', 'password': '1234'}
Request headers: {}
Request cookies: {}


-----
Test: None
Time: 2023-06-21 22:57:27.623731
Request method: POST
Request URL: <bound method Environment.get_base_url of <environment.Environment object at 0x000002A289D83610>>/user/login
Request data: {'email': 'vinkotov@example.com', 'password': '1234'}
Request headers: {}
Request cookies: {}


-----
Test: None
Time: 2023-06-21 22:57:27.674732
Request method: POST
Request URL: <bound method Environment.get_base_url of <environment.Environment object at 0x000002A289D83610>>/user/
Request data: {'password': '1234', 'username': 'learnqa', 'firstName': 'learnqa', 'lastName': 'learnqa', 'email': 'learnqa06212023225727@example.com'}
Request headers: {}
Request cookies: {}


-----
Test: None
Time: 2023-06-21 22:57:27.724731
Request method: GET
Request URL: <bound method Environment.get_base_url of <environment.Environment object at 0x000002A289D83610>>/user/2
Request data: None
Request headers: {}
Request cookies: {}


-----
Test: None
Time: 2023-06-21 22:57:27.773730
Request method: POST
Request URL: <bound method Environment.get_base_url of <environment.Environment object at 0x000002A289D83610>>/user/login
Request data: {'email': 'vinkotov@example.com', 'password': '1234'}
Request headers: {}
Request cookies: {}


-----
Test: None
Time: 2023-06-21 22:57:27.822230
Request method: POST
Request URL: <bound method Environment.get_base_url of <environment.Environment object at 0x000002A289D83610>>/user/
Request data: {'password': '1234', 'username': 'learnqa', 'firstName': 'learnqa', 'lastName': 'learnqa', 'email': 'learnqa06212023225727@example.com'}
Request headers: {}
Request cookies: {}


-----
Test: None
Time: 2023-06-21 22:57:27.873230
Request method: POST
Request URL: <bound method Environment.get_base_url of <environment.Environment object at 0x000002A289D83610>>/user/
Request data: {'password': '1234', 'username': 'learnqa', 'firstName': 'learnqa', 'lastName': 'learnqa', 'email': 'vinkotov@example.com'}
Request headers: {}
Request cookies: {}

