
-----
Test: None
Time: 2023-09-08 20:08:32.979125
Request method: POST
Request URL: https://playground.learnqa.ru/api_dev/user/login
Request data: {'email': 'vinkotov@example.com', 'password': '1234'}
Request headers: {}
Request cookies: {}

Response code: 200
Response text: {"user_id":2}
Response headers: {'Date': 'Fri, 08 Sep 2023 17:08:29 GMT', 'Content-Type': 'application/json', 'Content-Length': '13', 'Connection': 'keep-alive', 'Keep-Alive': 'timeout=10', 'Server': 'Apache', 'Set-Cookie': 'auth_sid=37d8c1570af53efa93bab2df533525ff02e94918f1549272bcf2cafc2634fd9d', 'x-csrf-token': '5510ef18735ee8b5242d6bf7901c1dcac42c867802e94918f1549272bcf2cafc2634fd9d', 'Cache-Control': 'max-age=0', 'Expires': 'Fri, 08 Sep 2023 17:08:29 GMT'}
Response cookies: {'auth_sid': '37d8c1570af53efa93bab2df533525ff02e94918f1549272bcf2cafc2634fd9d'}

-----

-----
Test: None
Time: 2023-09-08 20:08:33.302564
Request method: GET
Request URL: https://playground.learnqa.ru/api_dev/user/auth
Request data: None
Request headers: {'x-csrf-token': '5510ef18735ee8b5242d6bf7901c1dcac42c867802e94918f1549272bcf2cafc2634fd9d'}
Request cookies: {'auth_sid': '37d8c1570af53efa93bab2df533525ff02e94918f1549272bcf2cafc2634fd9d'}

Response code: 200
Response text: {"user_id":2}
Response headers: {'Date': 'Fri, 08 Sep 2023 17:08:29 GMT', 'Content-Type': 'application/json', 'Content-Length': '13', 'Connection': 'keep-alive', 'Keep-Alive': 'timeout=10', 'Server': 'Apache', 'Cache-Control': 'max-age=0', 'Expires': 'Fri, 08 Sep 2023 17:08:29 GMT'}
Response cookies: {}

-----

-----
Test: None
Time: 2023-09-08 20:08:33.627778
Request method: POST
Request URL: https://playground.learnqa.ru/api_dev/user/login
Request data: {'email': 'vinkotov@example.com', 'password': '1234'}
Request headers: {}
Request cookies: {}

Response code: 200
Response text: {"user_id":2}
Response headers: {'Date': 'Fri, 08 Sep 2023 17:08:29 GMT', 'Content-Type': 'application/json', 'Content-Length': '13', 'Connection': 'keep-alive', 'Keep-Alive': 'timeout=10', 'Server': 'Apache', 'Set-Cookie': 'auth_sid=22e4157add786799f6a1f5d6e1c21a0b02e94918f1549272bcf2cafc2634fd9d', 'x-csrf-token': '331e7196678b91a0ac8a5a62930d8ad2c0bc668b02e94918f1549272bcf2cafc2634fd9d', 'Cache-Control': 'max-age=0', 'Expires': 'Fri, 08 Sep 2023 17:08:29 GMT'}
Response cookies: {'auth_sid': '22e4157add786799f6a1f5d6e1c21a0b02e94918f1549272bcf2cafc2634fd9d'}

-----

-----
Test: None
Time: 2023-09-08 20:08:33.826624
Request method: GET
Request URL: https://playground.learnqa.ru/api_dev/user/auth
Request data: None
Request headers: {'x-csrf-token': '331e7196678b91a0ac8a5a62930d8ad2c0bc668b02e94918f1549272bcf2cafc2634fd9d'}
Request cookies: {}

Response code: 200
Response text: {"user_id":0}
Response headers: {'Date': 'Fri, 08 Sep 2023 17:08:30 GMT', 'Content-Type': 'application/json', 'Content-Length': '13', 'Connection': 'keep-alive', 'Keep-Alive': 'timeout=10', 'Server': 'Apache', 'Cache-Control': 'max-age=0', 'Expires': 'Fri, 08 Sep 2023 17:08:30 GMT'}
Response cookies: {}

-----

-----
Test: None
Time: 2023-09-08 20:08:34.107888
Request method: POST
Request URL: https://playground.learnqa.ru/api_dev/user/login
Request data: {'email': 'vinkotov@example.com', 'password': '1234'}
Request headers: {}
Request cookies: {}

Response code: 200
Response text: {"user_id":2}
Response headers: {'Date': 'Fri, 08 Sep 2023 17:08:30 GMT', 'Content-Type': 'application/json', 'Content-Length': '13', 'Connection': 'keep-alive', 'Keep-Alive': 'timeout=10', 'Server': 'Apache', 'Set-Cookie': 'auth_sid=87317cff5a5af6f57a2c28e09a2a585f02e94918f1549272bcf2cafc2634fd9d', 'x-csrf-token': 'b096911ebb4031b2ffeb3d60c2aefb87ec5b811302e94918f1549272bcf2cafc2634fd9d', 'Cache-Control': 'max-age=0', 'Expires': 'Fri, 08 Sep 2023 17:08:30 GMT'}
Response cookies: {'auth_sid': '87317cff5a5af6f57a2c28e09a2a585f02e94918f1549272bcf2cafc2634fd9d'}

-----

-----
Test: None
Time: 2023-09-08 20:08:34.279584
Request method: GET
Request URL: https://playground.learnqa.ru/api_dev/user/auth
Request data: None
Request headers: {}
Request cookies: {'auth_sid': '87317cff5a5af6f57a2c28e09a2a585f02e94918f1549272bcf2cafc2634fd9d'}

Response code: 200
Response text: {"user_id":0}
Response headers: {'Date': 'Fri, 08 Sep 2023 17:08:30 GMT', 'Content-Type': 'application/json', 'Content-Length': '13', 'Connection': 'keep-alive', 'Keep-Alive': 'timeout=10', 'Server': 'Apache', 'Cache-Control': 'max-age=0', 'Expires': 'Fri, 08 Sep 2023 17:08:30 GMT'}
Response cookies: {}

-----

-----
Test: None
Time: 2023-09-08 20:08:34.560833
Request method: POST
Request URL: https://playground.learnqa.ru/api_dev/user/
Request data: {'password': '1234', 'username': 'learnqa', 'firstName': 'learnqa', 'lastName': 'learnqa', 'email': 'learnqa09082023200834@example.com'}
Request headers: {}
Request cookies: {}

Response code: 200
Response text: {"id":"78854"}
Response headers: {'Date': 'Fri, 08 Sep 2023 17:08:31 GMT', 'Content-Type': 'application/json', 'Content-Length': '14', 'Connection': 'keep-alive', 'Keep-Alive': 'timeout=10', 'Server': 'Apache', 'Cache-Control': 'max-age=0', 'Expires': 'Fri, 08 Sep 2023 17:08:30 GMT'}
Response cookies: {}

-----

-----
Test: None
Time: 2023-09-08 20:08:35.264106
Request method: POST
Request URL: https://playground.learnqa.ru/api_dev/user/login
Request data: {'email': 'learnqa09082023200834@example.com', 'password': '1234'}
Request headers: {}
Request cookies: {}

Response code: 200
Response text: {"user_id":78854}
Response headers: {'Date': 'Fri, 08 Sep 2023 17:08:31 GMT', 'Content-Type': 'application/json', 'Content-Length': '17', 'Connection': 'keep-alive', 'Keep-Alive': 'timeout=10', 'Server': 'Apache', 'Set-Cookie': 'auth_sid=5d1586c22c05338e91a95cdbecf67b5b93c9d043207b9ac5426908f1be36d736', 'x-csrf-token': '2210260d1873e2d7cf884732cf9cd62da8f7c28293c9d043207b9ac5426908f1be36d736', 'Cache-Control': 'max-age=0', 'Expires': 'Fri, 08 Sep 2023 17:08:31 GMT'}
Response cookies: {'auth_sid': '5d1586c22c05338e91a95cdbecf67b5b93c9d043207b9ac5426908f1be36d736'}

-----

-----
Test: None
Time: 2023-09-08 20:08:35.435994
Request method: PUT
Request URL: https://playground.learnqa.ru/api_dev/user/78854
Request data: {'firstName': 'Changed name'}
Request headers: {'x-csrf-token': '2210260d1873e2d7cf884732cf9cd62da8f7c28293c9d043207b9ac5426908f1be36d736'}
Request cookies: {'auth_sid': '5d1586c22c05338e91a95cdbecf67b5b93c9d043207b9ac5426908f1be36d736'}

Response code: 200
Response text: 
Response headers: {'Date': 'Fri, 08 Sep 2023 17:08:32 GMT', 'Content-Type': 'text/html; charset=utf-8', 'Content-Length': '0', 'Connection': 'keep-alive', 'Keep-Alive': 'timeout=10', 'Server': 'Apache', 'Cache-Control': 'max-age=0', 'Expires': 'Fri, 08 Sep 2023 17:08:31 GMT'}
Response cookies: {}

-----

-----
Test: None
Time: 2023-09-08 20:08:36.251458
Request method: GET
Request URL: https://playground.learnqa.ru/api_dev/user/78854
Request data: None
Request headers: {'x-csrf-token': '2210260d1873e2d7cf884732cf9cd62da8f7c28293c9d043207b9ac5426908f1be36d736'}
Request cookies: {'auth_sid': '5d1586c22c05338e91a95cdbecf67b5b93c9d043207b9ac5426908f1be36d736'}

Response code: 200
Response text: {"id":"78854","username":"learnqa","email":"learnqa09082023200834@example.com","firstName":"Changed name","lastName":"learnqa"}
Response headers: {'Date': 'Fri, 08 Sep 2023 17:08:32 GMT', 'Content-Type': 'application/json', 'Transfer-Encoding': 'chunked', 'Connection': 'keep-alive', 'Keep-Alive': 'timeout=10', 'Vary': 'Accept-Encoding', 'Server': 'Apache', 'Cache-Control': 'max-age=0', 'Expires': 'Fri, 08 Sep 2023 17:08:32 GMT', 'Content-Encoding': 'gzip'}
Response cookies: {}

-----

-----
Test: None
Time: 2023-09-08 20:08:36.940153
Request method: POST
Request URL: https://playground.learnqa.ru/api_dev/user/
Request data: {'password': '1234', 'username': 'learnqa', 'firstName': 'learnqa', 'lastName': 'learnqa', 'email': 'learnqa09082023200836@example.com'}
Request headers: {}
Request cookies: {}

Response code: 200
Response text: {"id":"78855"}
Response headers: {'Date': 'Fri, 08 Sep 2023 17:08:33 GMT', 'Content-Type': 'application/json', 'Content-Length': '14', 'Connection': 'keep-alive', 'Keep-Alive': 'timeout=10', 'Server': 'Apache', 'Cache-Control': 'max-age=0', 'Expires': 'Fri, 08 Sep 2023 17:08:33 GMT'}
Response cookies: {}

-----

-----
Test: None
Time: 2023-09-08 20:08:37.663775
Request method: PUT
Request URL: https://playground.learnqa.ru/api_dev/user/78631
Request data: {'lastName': 'Changed last name'}
Request headers: {}
Request cookies: {}

Response code: 400
Response text: Auth token not supplied
Response headers: {'Date': 'Fri, 08 Sep 2023 17:08:34 GMT', 'Content-Type': 'text/html; charset=utf-8', 'Content-Length': '23', 'Connection': 'keep-alive', 'Keep-Alive': 'timeout=10', 'Server': 'Apache'}
Response cookies: {}

-----

-----
Test: None
Time: 2023-09-08 20:08:38.494225
Request method: POST
Request URL: https://playground.learnqa.ru/api_dev/user/login
Request data: {'email': 'learnqa09082023200836@example.com', 'password': '1234'}
Request headers: {}
Request cookies: {}

Response code: 200
Response text: {"user_id":78855}
Response headers: {'Date': 'Fri, 08 Sep 2023 17:08:34 GMT', 'Content-Type': 'application/json', 'Content-Length': '17', 'Connection': 'keep-alive', 'Keep-Alive': 'timeout=10', 'Server': 'Apache', 'Set-Cookie': 'auth_sid=4799da9613b0bb3520812ae792c189855e8b5a4fcb119a4d499b491fd206dec9', 'x-csrf-token': 'd355d23bca685d0acd6c67183c4680d6fa364be95e8b5a4fcb119a4d499b491fd206dec9', 'Cache-Control': 'max-age=0', 'Expires': 'Fri, 08 Sep 2023 17:08:34 GMT'}
Response cookies: {'auth_sid': '4799da9613b0bb3520812ae792c189855e8b5a4fcb119a4d499b491fd206dec9'}

-----

-----
Test: None
Time: 2023-09-08 20:08:38.728600
Request method: GET
Request URL: https://playground.learnqa.ru/api_dev/user/78855
Request data: None
Request headers: {'x-csrf-token': 'd355d23bca685d0acd6c67183c4680d6fa364be95e8b5a4fcb119a4d499b491fd206dec9'}
Request cookies: {'auth_sid': '4799da9613b0bb3520812ae792c189855e8b5a4fcb119a4d499b491fd206dec9'}

Response code: 200
Response text: {"id":"78855","username":"learnqa","email":"learnqa09082023200836@example.com","firstName":"learnqa","lastName":"learnqa"}
Response headers: {'Date': 'Fri, 08 Sep 2023 17:08:35 GMT', 'Content-Type': 'application/json', 'Transfer-Encoding': 'chunked', 'Connection': 'keep-alive', 'Keep-Alive': 'timeout=10', 'Vary': 'Accept-Encoding', 'Server': 'Apache', 'Cache-Control': 'max-age=0', 'Expires': 'Fri, 08 Sep 2023 17:08:34 GMT', 'Content-Encoding': 'gzip'}
Response cookies: {}

-----

-----
Test: None
Time: 2023-09-08 20:08:39.543195
Request method: POST
Request URL: https://playground.learnqa.ru/api_dev/user/
Request data: {'password': '1234', 'username': 'learnqa', 'firstName': 'learnqa', 'lastName': 'learnqa', 'email': 'WyzIKQlar@example.com'}
Request headers: {}
Request cookies: {}

Response code: 200
Response text: {"id":"78856"}
Response headers: {'Date': 'Fri, 08 Sep 2023 17:08:36 GMT', 'Content-Type': 'application/json', 'Content-Length': '14', 'Connection': 'keep-alive', 'Keep-Alive': 'timeout=10', 'Server': 'Apache', 'Cache-Control': 'max-age=0', 'Expires': 'Fri, 08 Sep 2023 17:08:35 GMT'}
Response cookies: {}

-----

-----
Test: None
Time: 2023-09-08 20:08:40.249403
Request method: POST
Request URL: https://playground.learnqa.ru/api_dev/user/
Request data: {'password': '1234', 'username': 'learnqa', 'firstName': 'learnqa', 'lastName': 'learnqa', 'email': 'ENJVoOkyMD@example.com'}
Request headers: {}
Request cookies: {}

Response code: 200
Response text: {"id":"78857"}
Response headers: {'Date': 'Fri, 08 Sep 2023 17:08:37 GMT', 'Content-Type': 'application/json', 'Content-Length': '14', 'Connection': 'keep-alive', 'Keep-Alive': 'timeout=10', 'Server': 'Apache', 'Cache-Control': 'max-age=0', 'Expires': 'Fri, 08 Sep 2023 17:08:36 GMT'}
Response cookies: {}

-----

-----
Test: None
Time: 2023-09-08 20:08:40.931630
Request method: POST
Request URL: https://playground.learnqa.ru/api_dev/user/login
Request data: {'email': 'ENJVoOkyMD@example.com', 'password': '1234'}
Request headers: {}
Request cookies: {}

Response code: 200
Response text: {"user_id":78857}
Response headers: {'Date': 'Fri, 08 Sep 2023 17:08:37 GMT', 'Content-Type': 'application/json', 'Content-Length': '17', 'Connection': 'keep-alive', 'Keep-Alive': 'timeout=10', 'Server': 'Apache', 'Set-Cookie': 'auth_sid=3fc89d6c7b450522898600f924dd81acb527502c9705f22be88648bb3f65372f', 'x-csrf-token': '3e9943a8fb257dc2e11f7f05245cafe9448a4f06b527502c9705f22be88648bb3f65372f', 'Cache-Control': 'max-age=0', 'Expires': 'Fri, 08 Sep 2023 17:08:37 GMT'}
Response cookies: {'auth_sid': '3fc89d6c7b450522898600f924dd81acb527502c9705f22be88648bb3f65372f'}

-----

-----
Test: None
Time: 2023-09-08 20:08:41.110682
Request method: PUT
Request URL: https://playground.learnqa.ru/api_dev/user/78856
Request data: {'firstName': 'Test name'}
Request headers: {'x-csrf-token': '3e9943a8fb257dc2e11f7f05245cafe9448a4f06b527502c9705f22be88648bb3f65372f'}
Request cookies: {'auth_sid': '3fc89d6c7b450522898600f924dd81acb527502c9705f22be88648bb3f65372f'}

Response code: 200
Response text: 
Response headers: {'Date': 'Fri, 08 Sep 2023 17:08:37 GMT', 'Content-Type': 'text/html; charset=utf-8', 'Content-Length': '0', 'Connection': 'keep-alive', 'Keep-Alive': 'timeout=10', 'Server': 'Apache', 'Cache-Control': 'max-age=0', 'Expires': 'Fri, 08 Sep 2023 17:08:37 GMT'}
Response cookies: {}

-----

-----
Test: None
Time: 2023-09-08 20:08:41.880566
Request method: POST
Request URL: https://playground.learnqa.ru/api_dev/user/login
Request data: {'email': 'WyzIKQlar@example.com', 'password': '1234'}
Request headers: {}
Request cookies: {}

Response code: 200
Response text: {"user_id":78856}
Response headers: {'Date': 'Fri, 08 Sep 2023 17:08:38 GMT', 'Content-Type': 'application/json', 'Content-Length': '17', 'Connection': 'keep-alive', 'Keep-Alive': 'timeout=10', 'Server': 'Apache', 'Set-Cookie': 'auth_sid=0dd39e41a8b92621f1029012413f9f81206e966570107686f5af496fef5e5180', 'x-csrf-token': '18b57af0402ee2a0da9a86a2b6a8bce9d6baf4ae206e966570107686f5af496fef5e5180', 'Cache-Control': 'max-age=0', 'Expires': 'Fri, 08 Sep 2023 17:08:38 GMT'}
Response cookies: {'auth_sid': '0dd39e41a8b92621f1029012413f9f81206e966570107686f5af496fef5e5180'}

-----

-----
Test: None
Time: 2023-09-08 20:08:42.068067
Request method: GET
Request URL: https://playground.learnqa.ru/api_dev/user/78856
Request data: None
Request headers: {'x-csrf-token': '18b57af0402ee2a0da9a86a2b6a8bce9d6baf4ae206e966570107686f5af496fef5e5180'}
Request cookies: {'auth_sid': '0dd39e41a8b92621f1029012413f9f81206e966570107686f5af496fef5e5180'}

Response code: 200
Response text: {"id":"78856","username":"learnqa","email":"WyzIKQlar@example.com","firstName":"learnqa","lastName":"learnqa"}
Response headers: {'Date': 'Fri, 08 Sep 2023 17:08:38 GMT', 'Content-Type': 'application/json', 'Transfer-Encoding': 'chunked', 'Connection': 'keep-alive', 'Keep-Alive': 'timeout=10', 'Vary': 'Accept-Encoding', 'Server': 'Apache', 'Cache-Control': 'max-age=0', 'Expires': 'Fri, 08 Sep 2023 17:08:38 GMT', 'Content-Encoding': 'gzip'}
Response cookies: {}

-----

-----
Test: None
Time: 2023-09-08 20:08:42.851466
Request method: POST
Request URL: https://playground.learnqa.ru/api_dev/user/
Request data: {'password': '1234', 'username': 'learnqa', 'firstName': 'learnqa', 'lastName': 'learnqa', 'email': 'learnqa09082023200842@example.com'}
Request headers: {}
Request cookies: {}

Response code: 200
Response text: {"id":"78858"}
Response headers: {'Date': 'Fri, 08 Sep 2023 17:08:39 GMT', 'Content-Type': 'application/json', 'Content-Length': '14', 'Connection': 'keep-alive', 'Keep-Alive': 'timeout=10', 'Server': 'Apache', 'Cache-Control': 'max-age=0', 'Expires': 'Fri, 08 Sep 2023 17:08:39 GMT'}
Response cookies: {}

-----

-----
Test: None
Time: 2023-09-08 20:08:43.650387
Request method: POST
Request URL: https://playground.learnqa.ru/api_dev/user/login
Request data: {'email': 'learnqa09082023200842@example.com', 'password': '1234'}
Request headers: {}
Request cookies: {}

Response code: 200
Response text: {"user_id":78858}
Response headers: {'Date': 'Fri, 08 Sep 2023 17:08:39 GMT', 'Content-Type': 'application/json', 'Content-Length': '17', 'Connection': 'keep-alive', 'Keep-Alive': 'timeout=10', 'Server': 'Apache', 'Set-Cookie': 'auth_sid=73e30f3e110e36b2f3ca548e4f8b1299db535f4d140ec7998168ecf02a9f4353', 'x-csrf-token': '8cdaa27ee819eee54fd54c97fd5b4b1a9ffcc90ddb535f4d140ec7998168ecf02a9f4353', 'Cache-Control': 'max-age=0', 'Expires': 'Fri, 08 Sep 2023 17:08:39 GMT'}
Response cookies: {'auth_sid': '73e30f3e110e36b2f3ca548e4f8b1299db535f4d140ec7998168ecf02a9f4353'}

-----

-----
Test: None
Time: 2023-09-08 20:08:43.871303
Request method: PUT
Request URL: https://playground.learnqa.ru/api_dev/user/78858
Request data: {'email': 'testexample.com'}
Request headers: {'x-csrf-token': '8cdaa27ee819eee54fd54c97fd5b4b1a9ffcc90ddb535f4d140ec7998168ecf02a9f4353'}
Request cookies: {'auth_sid': '73e30f3e110e36b2f3ca548e4f8b1299db535f4d140ec7998168ecf02a9f4353'}

Response code: 400
Response text: Invalid email format
Response headers: {'Date': 'Fri, 08 Sep 2023 17:08:40 GMT', 'Content-Type': 'text/html; charset=utf-8', 'Content-Length': '20', 'Connection': 'keep-alive', 'Keep-Alive': 'timeout=10', 'Server': 'Apache'}
Response cookies: {}

-----

-----
Test: None
Time: 2023-09-08 20:08:44.653525
Request method: GET
Request URL: https://playground.learnqa.ru/api_dev/user/78858
Request data: None
Request headers: {'x-csrf-token': '8cdaa27ee819eee54fd54c97fd5b4b1a9ffcc90ddb535f4d140ec7998168ecf02a9f4353'}
Request cookies: {'auth_sid': '73e30f3e110e36b2f3ca548e4f8b1299db535f4d140ec7998168ecf02a9f4353'}

Response code: 200
Response text: {"id":"78858","username":"learnqa","email":"learnqa09082023200842@example.com","firstName":"learnqa","lastName":"learnqa"}
Response headers: {'Date': 'Fri, 08 Sep 2023 17:08:41 GMT', 'Content-Type': 'application/json', 'Transfer-Encoding': 'chunked', 'Connection': 'keep-alive', 'Keep-Alive': 'timeout=10', 'Vary': 'Accept-Encoding', 'Server': 'Apache', 'Cache-Control': 'max-age=0', 'Expires': 'Fri, 08 Sep 2023 17:08:40 GMT', 'Content-Encoding': 'gzip'}
Response cookies: {}

-----

-----
Test: None
Time: 2023-09-08 20:08:45.345134
Request method: POST
Request URL: https://playground.learnqa.ru/api_dev/user/
Request data: {'password': '1234', 'username': 'learnqa', 'firstName': 'learnqa', 'lastName': 'learnqa', 'email': 'learnqa09082023200845@example.com'}
Request headers: {}
Request cookies: {}

Response code: 200
Response text: {"id":"78859"}
Response headers: {'Date': 'Fri, 08 Sep 2023 17:08:42 GMT', 'Content-Type': 'application/json', 'Content-Length': '14', 'Connection': 'keep-alive', 'Keep-Alive': 'timeout=10', 'Server': 'Apache', 'Cache-Control': 'max-age=0', 'Expires': 'Fri, 08 Sep 2023 17:08:41 GMT'}
Response cookies: {}

-----

-----
Test: None
Time: 2023-09-08 20:08:46.081444
Request method: POST
Request URL: https://playground.learnqa.ru/api_dev/user/login
Request data: {'email': 'learnqa09082023200845@example.com', 'password': '1234'}
Request headers: {}
Request cookies: {}

Response code: 200
Response text: {"user_id":78859}
Response headers: {'Date': 'Fri, 08 Sep 2023 17:08:42 GMT', 'Content-Type': 'application/json', 'Content-Length': '17', 'Connection': 'keep-alive', 'Keep-Alive': 'timeout=10', 'Server': 'Apache', 'Set-Cookie': 'auth_sid=8af3a05aab75de46db1fa3e6b2917e205c8a14ff557e8f85734b66d7dce123a9', 'x-csrf-token': '2512f092bd3b6ff667a5b684643cdb92c7f5a3655c8a14ff557e8f85734b66d7dce123a9', 'Cache-Control': 'max-age=0', 'Expires': 'Fri, 08 Sep 2023 17:08:42 GMT'}
Response cookies: {'auth_sid': '8af3a05aab75de46db1fa3e6b2917e205c8a14ff557e8f85734b66d7dce123a9'}

-----

-----
Test: None
Time: 2023-09-08 20:08:46.269051
Request method: PUT
Request URL: https://playground.learnqa.ru/api_dev/user/78859
Request data: {'firstName': 'x'}
Request headers: {'x-csrf-token': '2512f092bd3b6ff667a5b684643cdb92c7f5a3655c8a14ff557e8f85734b66d7dce123a9'}
Request cookies: {'auth_sid': '8af3a05aab75de46db1fa3e6b2917e205c8a14ff557e8f85734b66d7dce123a9'}

Response code: 400
Response text: {"error":"Too short value for field firstName"}
Response headers: {'Date': 'Fri, 08 Sep 2023 17:08:43 GMT', 'Content-Type': 'application/json', 'Content-Length': '47', 'Connection': 'keep-alive', 'Keep-Alive': 'timeout=10', 'Server': 'Apache'}
Response cookies: {}

-----

-----
Test: None
Time: 2023-09-08 20:08:47.084585
Request method: GET
Request URL: https://playground.learnqa.ru/api_dev/user/78859
Request data: None
Request headers: {'x-csrf-token': '2512f092bd3b6ff667a5b684643cdb92c7f5a3655c8a14ff557e8f85734b66d7dce123a9'}
Request cookies: {'auth_sid': '8af3a05aab75de46db1fa3e6b2917e205c8a14ff557e8f85734b66d7dce123a9'}

Response code: 200
Response text: {"id":"78859","username":"learnqa","email":"learnqa09082023200845@example.com","firstName":"learnqa","lastName":"learnqa"}
Response headers: {'Date': 'Fri, 08 Sep 2023 17:08:43 GMT', 'Content-Type': 'application/json', 'Transfer-Encoding': 'chunked', 'Connection': 'keep-alive', 'Keep-Alive': 'timeout=10', 'Vary': 'Accept-Encoding', 'Server': 'Apache', 'Cache-Control': 'max-age=0', 'Expires': 'Fri, 08 Sep 2023 17:08:43 GMT', 'Content-Encoding': 'gzip'}
Response cookies: {}

-----

-----
Test: None
Time: 2023-09-08 20:08:47.776143
Request method: GET
Request URL: https://playground.learnqa.ru/api_dev/user/2
Request data: None
Request headers: {}
Request cookies: {}

Response code: 200
Response text: {"username":"Vitaliy"}
Response headers: {'Date': 'Fri, 08 Sep 2023 17:08:44 GMT', 'Content-Type': 'application/json', 'Transfer-Encoding': 'chunked', 'Connection': 'keep-alive', 'Keep-Alive': 'timeout=10', 'Vary': 'Accept-Encoding', 'Server': 'Apache', 'Cache-Control': 'max-age=0', 'Expires': 'Fri, 08 Sep 2023 17:08:44 GMT', 'Content-Encoding': 'gzip'}
Response cookies: {}

-----

-----
Test: None
Time: 2023-09-08 20:08:48.604614
Request method: POST
Request URL: https://playground.learnqa.ru/api_dev/user/login
Request data: {'email': 'vinkotov@example.com', 'password': '1234'}
Request headers: {}
Request cookies: {}

Response code: 200
Response text: {"user_id":2}
Response headers: {'Date': 'Fri, 08 Sep 2023 17:08:44 GMT', 'Content-Type': 'application/json', 'Content-Length': '13', 'Connection': 'keep-alive', 'Keep-Alive': 'timeout=10', 'Server': 'Apache', 'Set-Cookie': 'auth_sid=57cf70585545a99b9905aaba481a15cf02e94918f1549272bcf2cafc2634fd9d', 'x-csrf-token': '9971fde4a1e01b82557b5827f3cc339326f5bf5802e94918f1549272bcf2cafc2634fd9d', 'Cache-Control': 'max-age=0', 'Expires': 'Fri, 08 Sep 2023 17:08:44 GMT'}
Response cookies: {'auth_sid': '57cf70585545a99b9905aaba481a15cf02e94918f1549272bcf2cafc2634fd9d'}

-----

-----
Test: None
Time: 2023-09-08 20:08:48.814689
Request method: GET
Request URL: https://playground.learnqa.ru/api_dev/user/2
Request data: None
Request headers: {'x-csrf-token': '9971fde4a1e01b82557b5827f3cc339326f5bf5802e94918f1549272bcf2cafc2634fd9d'}
Request cookies: {'auth_sid': '57cf70585545a99b9905aaba481a15cf02e94918f1549272bcf2cafc2634fd9d'}

Response code: 200
Response text: {"id":"2","username":"Vitaliy","email":"vinkotov@example.com","firstName":"Vitalii","lastName":"Kotov"}
Response headers: {'Date': 'Fri, 08 Sep 2023 17:08:45 GMT', 'Content-Type': 'application/json', 'Transfer-Encoding': 'chunked', 'Connection': 'keep-alive', 'Keep-Alive': 'timeout=10', 'Vary': 'Accept-Encoding', 'Server': 'Apache', 'Cache-Control': 'max-age=0', 'Expires': 'Fri, 08 Sep 2023 17:08:45 GMT', 'Content-Encoding': 'gzip'}
Response cookies: {}

-----

-----
Test: None
Time: 2023-09-08 20:08:49.594754
Request method: POST
Request URL: https://playground.learnqa.ru/api_dev/user/login
Request data: {'email': 'vinkotov@example.com', 'password': '1234'}
Request headers: {}
Request cookies: {}

Response code: 200
Response text: {"user_id":2}
Response headers: {'Date': 'Fri, 08 Sep 2023 17:08:45 GMT', 'Content-Type': 'application/json', 'Content-Length': '13', 'Connection': 'keep-alive', 'Keep-Alive': 'timeout=10', 'Server': 'Apache', 'Set-Cookie': 'auth_sid=2d191d9dcf0b9d20dc3bd63fc84d2b1e02e94918f1549272bcf2cafc2634fd9d', 'x-csrf-token': '291861e59cad2c3c7dc005fa40dc06aa2b9eeb1802e94918f1549272bcf2cafc2634fd9d', 'Cache-Control': 'max-age=0', 'Expires': 'Fri, 08 Sep 2023 17:08:45 GMT'}
Response cookies: {'auth_sid': '2d191d9dcf0b9d20dc3bd63fc84d2b1e02e94918f1549272bcf2cafc2634fd9d'}

-----

-----
Test: None
Time: 2023-09-08 20:08:49.770046
Request method: GET
Request URL: https://playground.learnqa.ru/api_dev/user/1
Request data: None
Request headers: {'x-csrf-token': '291861e59cad2c3c7dc005fa40dc06aa2b9eeb1802e94918f1549272bcf2cafc2634fd9d'}
Request cookies: {'auth_sid': '2d191d9dcf0b9d20dc3bd63fc84d2b1e02e94918f1549272bcf2cafc2634fd9d'}

Response code: 200
Response text: {"username":"Lana"}
Response headers: {'Date': 'Fri, 08 Sep 2023 17:08:46 GMT', 'Content-Type': 'application/json', 'Content-Length': '19', 'Connection': 'keep-alive', 'Keep-Alive': 'timeout=10', 'Server': 'Apache', 'Cache-Control': 'max-age=0', 'Expires': 'Fri, 08 Sep 2023 17:08:46 GMT'}
Response cookies: {}

-----

-----
Test: None
Time: 2023-09-08 20:08:50.555777
Request method: POST
Request URL: https://playground.learnqa.ru/api_dev/user/
Request data: {'password': '1234', 'username': 'learnqa', 'firstName': 'learnqa', 'lastName': 'learnqa', 'email': 'learnqa09082023200850@example.com'}
Request headers: {}
Request cookies: {}

Response code: 200
Response text: {"id":"78860"}
Response headers: {'Date': 'Fri, 08 Sep 2023 17:08:47 GMT', 'Content-Type': 'application/json', 'Content-Length': '14', 'Connection': 'keep-alive', 'Keep-Alive': 'timeout=10', 'Server': 'Apache', 'Cache-Control': 'max-age=0', 'Expires': 'Fri, 08 Sep 2023 17:08:46 GMT'}
Response cookies: {}

-----

-----
Test: None
Time: 2023-09-08 20:08:51.293554
Request method: POST
Request URL: https://playground.learnqa.ru/api_dev/user/
Request data: {'password': '1234', 'username': 'learnqa', 'firstName': 'learnqa', 'lastName': 'learnqa', 'email': 'vinkotov@example.com'}
Request headers: {}
Request cookies: {}

Response code: 400
Response text: Users with email 'vinkotov@example.com' already exists
Response headers: {'Date': 'Fri, 08 Sep 2023 17:08:48 GMT', 'Content-Type': 'text/html; charset=utf-8', 'Content-Length': '54', 'Connection': 'keep-alive', 'Keep-Alive': 'timeout=10', 'Server': 'Apache'}
Response cookies: {}

-----

-----
Test: None
Time: 2023-09-08 20:08:51.987967
Request method: POST
Request URL: https://playground.learnqa.ru/api_dev/user/
Request data: {'password': '1234', 'username': 'learnqa', 'firstName': 'learnqa', 'lastName': 'learnqa', 'email': 'testexample.com'}
Request headers: {}
Request cookies: {}

Response code: 400
Response text: Invalid email format
Response headers: {'Date': 'Fri, 08 Sep 2023 17:08:48 GMT', 'Content-Type': 'text/html; charset=utf-8', 'Content-Length': '20', 'Connection': 'keep-alive', 'Keep-Alive': 'timeout=10', 'Server': 'Apache'}
Response cookies: {}

-----

-----
Test: None
Time: 2023-09-08 20:08:52.718075
Request method: POST
Request URL: https://playground.learnqa.ru/api_dev/user/
Request data: {'password': None, 'username': 'bot', 'firstName': 'bot_fname', 'lastName': 'bot_lname', 'email': 'bot@example.com'}
Request headers: {}
Request cookies: {}

Response code: 400
Response text: The following required params are missed: password
Response headers: {'Date': 'Fri, 08 Sep 2023 17:08:49 GMT', 'Content-Type': 'text/html; charset=utf-8', 'Content-Length': '50', 'Connection': 'keep-alive', 'Keep-Alive': 'timeout=10', 'Server': 'Apache'}
Response cookies: {}

-----

-----
Test: None
Time: 2023-09-08 20:08:53.492371
Request method: POST
Request URL: https://playground.learnqa.ru/api_dev/user/
Request data: {'password': '1234', 'username': None, 'firstName': 'bot_fname', 'lastName': 'bot_lname', 'email': 'bot@example.com'}
Request headers: {}
Request cookies: {}

Response code: 400
Response text: The following required params are missed: username
Response headers: {'Date': 'Fri, 08 Sep 2023 17:08:50 GMT', 'Content-Type': 'text/html; charset=utf-8', 'Content-Length': '50', 'Connection': 'keep-alive', 'Keep-Alive': 'timeout=10', 'Server': 'Apache'}
Response cookies: {}

-----

-----
Test: None
Time: 2023-09-08 20:08:54.177587
Request method: POST
Request URL: https://playground.learnqa.ru/api_dev/user/
Request data: {'password': '1234', 'username': 'bot', 'firstName': None, 'lastName': 'bot_lname', 'email': 'bot@example.com'}
Request headers: {}
Request cookies: {}

Response code: 400
Response text: The following required params are missed: firstName
Response headers: {'Date': 'Fri, 08 Sep 2023 17:08:50 GMT', 'Content-Type': 'text/html; charset=utf-8', 'Content-Length': '51', 'Connection': 'keep-alive', 'Keep-Alive': 'timeout=10', 'Server': 'Apache'}
Response cookies: {}

-----

-----
Test: None
Time: 2023-09-08 20:08:54.884597
Request method: POST
Request URL: https://playground.learnqa.ru/api_dev/user/
Request data: {'password': '1234', 'username': 'bot', 'firstName': 'bot_fname', 'lastName': None, 'email': 'bot@example.com'}
Request headers: {}
Request cookies: {}

Response code: 400
Response text: The following required params are missed: lastName
Response headers: {'Date': 'Fri, 08 Sep 2023 17:08:51 GMT', 'Content-Type': 'text/html; charset=utf-8', 'Content-Length': '50', 'Connection': 'keep-alive', 'Keep-Alive': 'timeout=10', 'Server': 'Apache'}
Response cookies: {}

-----

-----
Test: None
Time: 2023-09-08 20:08:55.598785
Request method: POST
Request URL: https://playground.learnqa.ru/api_dev/user/
Request data: {'password': '1234', 'username': 'bot', 'firstName': 'bot_fname', 'lastName': 'bot_lname', 'email': None}
Request headers: {}
Request cookies: {}

Response code: 400
Response text: The following required params are missed: email
Response headers: {'Date': 'Fri, 08 Sep 2023 17:08:52 GMT', 'Content-Type': 'text/html; charset=utf-8', 'Content-Length': '47', 'Connection': 'keep-alive', 'Keep-Alive': 'timeout=10', 'Server': 'Apache'}
Response cookies: {}

-----

-----
Test: None
Time: 2023-09-08 20:08:56.311522
Request method: POST
Request URL: https://playground.learnqa.ru/api_dev/user/
Request data: {'password': '1234', 'username': 'learnqa', 'firstName': 'x', 'lastName': 'learnqa', 'email': 'learnqa09082023200856@example.com'}
Request headers: {}
Request cookies: {}

Response code: 400
Response text: The value of 'firstName' field is too short
Response headers: {'Date': 'Fri, 08 Sep 2023 17:08:53 GMT', 'Content-Type': 'text/html; charset=utf-8', 'Content-Length': '43', 'Connection': 'keep-alive', 'Keep-Alive': 'timeout=10', 'Server': 'Apache'}
Response cookies: {}

-----

-----
Test: None
Time: 2023-09-08 20:08:57.033049
Request method: POST
Request URL: https://playground.learnqa.ru/api_dev/user/
Request data: {'password': '1234', 'username': 'learnqa', 'firstName': 'NJiPASjslqiLbKdTOGRqFyBKSavDzarTeZjfRZdAnJexKptXjIuPXtFVjPkLaxfjhxKVeayFZGwkatpBZvOPdZNTDMsxwwjqdOLzsDRzOtNTrtXFZbdKYjhcGOzETZossdFWzdeWDVcoYmSbqbanhFFTwPbqkWmGIyMndKSbZdfJgAZCpQIrhJPzoGhweLjXyBjDrIVOMREnBINKMrcLgAJWsTtzFvrtHpNrwcdmuQoeGKnAglJjDdrhgvn', 'lastName': 'learnqa', 'email': 'learnqa09082023200857@example.com'}
Request headers: {}
Request cookies: {}

Response code: 400
Response text: The value of 'firstName' field is too long
Response headers: {'Date': 'Fri, 08 Sep 2023 17:08:53 GMT', 'Content-Type': 'text/html; charset=utf-8', 'Content-Length': '42', 'Connection': 'keep-alive', 'Keep-Alive': 'timeout=10', 'Server': 'Apache'}
Response cookies: {}

-----
