
-----
Test: None
Time: 2023-09-09 12:16:36.011217
Request method: POST
Request URL: https://playground.learnqa.ru/api_dev/user/login
Request data: {'email': 'vinkotov@example.com', 'password': '1234'}
Request headers: {}
Request cookies: {}

Response code: 200
Response text: {"user_id":2}
Response headers: {'Date': 'Sat, 09 Sep 2023 09:16:36 GMT', 'Content-Type': 'application/json', 'Content-Length': '13', 'Connection': 'keep-alive', 'Keep-Alive': 'timeout=10', 'Server': 'Apache', 'Set-Cookie': 'auth_sid=b66369b2b1ab488db174c78c3c7e836a02e94918f1549272bcf2cafc2634fd9d', 'x-csrf-token': '1c4934bbd6700f7514e1a68254517c852de9313f02e94918f1549272bcf2cafc2634fd9d', 'Cache-Control': 'max-age=0', 'Expires': 'Sat, 09 Sep 2023 09:16:36 GMT'}
Response cookies: {'auth_sid': 'b66369b2b1ab488db174c78c3c7e836a02e94918f1549272bcf2cafc2634fd9d'}

-----

-----
Test: None
Time: 2023-09-09 12:16:36.191562
Request method: GET
Request URL: https://playground.learnqa.ru/api_dev/user/auth
Request data: None
Request headers: {'x-csrf-token': '1c4934bbd6700f7514e1a68254517c852de9313f02e94918f1549272bcf2cafc2634fd9d'}
Request cookies: {'auth_sid': 'b66369b2b1ab488db174c78c3c7e836a02e94918f1549272bcf2cafc2634fd9d'}

Response code: 200
Response text: {"user_id":2}
Response headers: {'Date': 'Sat, 09 Sep 2023 09:16:36 GMT', 'Content-Type': 'application/json', 'Content-Length': '13', 'Connection': 'keep-alive', 'Keep-Alive': 'timeout=10', 'Server': 'Apache', 'Cache-Control': 'max-age=0', 'Expires': 'Sat, 09 Sep 2023 09:16:36 GMT'}
Response cookies: {}

-----

-----
Test: None
Time: 2023-09-09 12:16:36.471779
Request method: POST
Request URL: https://playground.learnqa.ru/api_dev/user/login
Request data: {'email': 'vinkotov@example.com', 'password': '1234'}
Request headers: {}
Request cookies: {}

Response code: 200
Response text: {"user_id":2}
Response headers: {'Date': 'Sat, 09 Sep 2023 09:16:36 GMT', 'Content-Type': 'application/json', 'Content-Length': '13', 'Connection': 'keep-alive', 'Keep-Alive': 'timeout=10', 'Server': 'Apache', 'Set-Cookie': 'auth_sid=502cc7f34d828698c02e4a2df26f63db02e94918f1549272bcf2cafc2634fd9d', 'x-csrf-token': '1ab7484823218daf160f22a0c8dde7c751da7b0102e94918f1549272bcf2cafc2634fd9d', 'Cache-Control': 'max-age=0', 'Expires': 'Sat, 09 Sep 2023 09:16:36 GMT'}
Response cookies: {'auth_sid': '502cc7f34d828698c02e4a2df26f63db02e94918f1549272bcf2cafc2634fd9d'}

-----

-----
Test: None
Time: 2023-09-09 12:16:36.594946
Request method: GET
Request URL: https://playground.learnqa.ru/api_dev/user/auth
Request data: None
Request headers: {'x-csrf-token': '1ab7484823218daf160f22a0c8dde7c751da7b0102e94918f1549272bcf2cafc2634fd9d'}
Request cookies: {}

Response code: 200
Response text: {"user_id":0}
Response headers: {'Date': 'Sat, 09 Sep 2023 09:16:37 GMT', 'Content-Type': 'application/json', 'Content-Length': '13', 'Connection': 'keep-alive', 'Keep-Alive': 'timeout=10', 'Server': 'Apache', 'Cache-Control': 'max-age=0', 'Expires': 'Sat, 09 Sep 2023 09:16:37 GMT'}
Response cookies: {}

-----

-----
Test: None
Time: 2023-09-09 12:16:36.876215
Request method: POST
Request URL: https://playground.learnqa.ru/api_dev/user/login
Request data: {'email': 'vinkotov@example.com', 'password': '1234'}
Request headers: {}
Request cookies: {}

Response code: 200
Response text: {"user_id":2}
Response headers: {'Date': 'Sat, 09 Sep 2023 09:16:37 GMT', 'Content-Type': 'application/json', 'Content-Length': '13', 'Connection': 'keep-alive', 'Keep-Alive': 'timeout=10', 'Server': 'Apache', 'Set-Cookie': 'auth_sid=d6e1d4668d0d7b9815eea344fb487ef802e94918f1549272bcf2cafc2634fd9d', 'x-csrf-token': 'f883d007088e39da5c76773e1fbbc8569512c92c02e94918f1549272bcf2cafc2634fd9d', 'Cache-Control': 'max-age=0', 'Expires': 'Sat, 09 Sep 2023 09:16:37 GMT'}
Response cookies: {'auth_sid': 'd6e1d4668d0d7b9815eea344fb487ef802e94918f1549272bcf2cafc2634fd9d'}

-----

-----
Test: None
Time: 2023-09-09 12:16:37.083933
Request method: GET
Request URL: https://playground.learnqa.ru/api_dev/user/auth
Request data: None
Request headers: {}
Request cookies: {'auth_sid': 'd6e1d4668d0d7b9815eea344fb487ef802e94918f1549272bcf2cafc2634fd9d'}

Response code: 200
Response text: {"user_id":0}
Response headers: {'Date': 'Sat, 09 Sep 2023 09:16:37 GMT', 'Content-Type': 'application/json', 'Content-Length': '13', 'Connection': 'keep-alive', 'Keep-Alive': 'timeout=10', 'Server': 'Apache', 'Cache-Control': 'max-age=0', 'Expires': 'Sat, 09 Sep 2023 09:16:37 GMT'}
Response cookies: {}

-----

-----
Test: None
Time: 2023-09-09 12:16:37.370950
Request method: POST
Request URL: https://playground.learnqa.ru/api_dev/user/login
Request data: {'email': 'vinkotov@example.com', 'password': '1234'}
Request headers: {}
Request cookies: {}

Response code: 200
Response text: {"user_id":2}
Response headers: {'Date': 'Sat, 09 Sep 2023 09:16:37 GMT', 'Content-Type': 'application/json', 'Content-Length': '13', 'Connection': 'keep-alive', 'Keep-Alive': 'timeout=10', 'Server': 'Apache', 'Set-Cookie': 'auth_sid=1f8435cde7d0984d033890d3064a9f5102e94918f1549272bcf2cafc2634fd9d', 'x-csrf-token': '994f09b0f36b26a88ba59acf4542df76d965be1002e94918f1549272bcf2cafc2634fd9d', 'Cache-Control': 'max-age=0', 'Expires': 'Sat, 09 Sep 2023 09:16:37 GMT'}
Response cookies: {'auth_sid': '1f8435cde7d0984d033890d3064a9f5102e94918f1549272bcf2cafc2634fd9d'}

-----

-----
Test: None
Time: 2023-09-09 12:16:37.557721
Request method: DELETE
Request URL: https://playground.learnqa.ru/api_dev/user/2
Request data: None
Request headers: {'x-csrf-token': '994f09b0f36b26a88ba59acf4542df76d965be1002e94918f1549272bcf2cafc2634fd9d'}
Request cookies: {'auth_sid': '1f8435cde7d0984d033890d3064a9f5102e94918f1549272bcf2cafc2634fd9d'}

Response code: 400
Response text: Please, do not delete test users with ID 1, 2, 3, 4 or 5.
Response headers: {'Date': 'Sat, 09 Sep 2023 09:16:38 GMT', 'Content-Type': 'text/html; charset=utf-8', 'Content-Length': '57', 'Connection': 'keep-alive', 'Keep-Alive': 'timeout=10', 'Server': 'Apache'}
Response cookies: {}

-----

-----
Test: None
Time: 2023-09-09 12:16:38.353334
Request method: POST
Request URL: https://playground.learnqa.ru/api_dev/user/
Request data: {'password': '1234', 'username': 'learnqa', 'firstName': 'learnqa', 'lastName': 'learnqa', 'email': 'learnqa09092023121638@example.com'}
Request headers: {}
Request cookies: {}

Response code: 200
Response text: {"id":"79039"}
Response headers: {'Date': 'Sat, 09 Sep 2023 09:16:39 GMT', 'Content-Type': 'application/json', 'Content-Length': '14', 'Connection': 'keep-alive', 'Keep-Alive': 'timeout=10', 'Server': 'Apache', 'Cache-Control': 'max-age=0', 'Expires': 'Sat, 09 Sep 2023 09:16:38 GMT'}
Response cookies: {}

-----

-----
Test: None
Time: 2023-09-09 12:16:39.012436
Request method: POST
Request URL: https://playground.learnqa.ru/api_dev/user/login
Request data: {'email': 'learnqa09092023121638@example.com', 'password': '1234'}
Request headers: {}
Request cookies: {}

Response code: 200
Response text: {"user_id":79039}
Response headers: {'Date': 'Sat, 09 Sep 2023 09:16:39 GMT', 'Content-Type': 'application/json', 'Content-Length': '17', 'Connection': 'keep-alive', 'Keep-Alive': 'timeout=10', 'Server': 'Apache', 'Set-Cookie': 'auth_sid=b16ca4091ea0edc956954353cdf558056e54b9bdf7795bd4200838c2a7084f82', 'x-csrf-token': '2916e405eccc8dd12e9a84b01dd66b9ee796110a6e54b9bdf7795bd4200838c2a7084f82', 'Cache-Control': 'max-age=0', 'Expires': 'Sat, 09 Sep 2023 09:16:39 GMT'}
Response cookies: {'auth_sid': 'b16ca4091ea0edc956954353cdf558056e54b9bdf7795bd4200838c2a7084f82'}

-----

-----
Test: None
Time: 2023-09-09 12:16:39.145814
Request method: DELETE
Request URL: https://playground.learnqa.ru/api_dev/user/79039
Request data: None
Request headers: {'x-csrf-token': '2916e405eccc8dd12e9a84b01dd66b9ee796110a6e54b9bdf7795bd4200838c2a7084f82'}
Request cookies: {'auth_sid': 'b16ca4091ea0edc956954353cdf558056e54b9bdf7795bd4200838c2a7084f82'}

Response code: 200
Response text: 
Response headers: {'Date': 'Sat, 09 Sep 2023 09:16:40 GMT', 'Content-Type': 'text/html; charset=utf-8', 'Content-Length': '0', 'Connection': 'keep-alive', 'Keep-Alive': 'timeout=10', 'Server': 'Apache', 'Cache-Control': 'max-age=0', 'Expires': 'Sat, 09 Sep 2023 09:16:39 GMT'}
Response cookies: {}

-----

-----
Test: None
Time: 2023-09-09 12:16:39.935538
Request method: GET
Request URL: https://playground.learnqa.ru/api_dev/user/79039
Request data: None
Request headers: {'x-csrf-token': '2916e405eccc8dd12e9a84b01dd66b9ee796110a6e54b9bdf7795bd4200838c2a7084f82'}
Request cookies: {'auth_sid': 'b16ca4091ea0edc956954353cdf558056e54b9bdf7795bd4200838c2a7084f82'}

Response code: 404
Response text: User not found
Response headers: {'Date': 'Sat, 09 Sep 2023 09:16:40 GMT', 'Content-Type': 'text/html; charset=utf-8', 'Content-Length': '14', 'Connection': 'keep-alive', 'Keep-Alive': 'timeout=10', 'Server': 'Apache'}
Response cookies: {}

-----

-----
Test: None
Time: 2023-09-09 12:16:40.618221
Request method: POST
Request URL: https://playground.learnqa.ru/api_dev/user/
Request data: {'password': '1234', 'username': 'learnqa', 'firstName': 'learnqa', 'lastName': 'learnqa', 'email': 'Qbpflmvul@example.com'}
Request headers: {}
Request cookies: {}

Response code: 200
Response text: {"id":"79040"}
Response headers: {'Date': 'Sat, 09 Sep 2023 09:16:41 GMT', 'Content-Type': 'application/json', 'Content-Length': '14', 'Connection': 'keep-alive', 'Keep-Alive': 'timeout=10', 'Server': 'Apache', 'Cache-Control': 'max-age=0', 'Expires': 'Sat, 09 Sep 2023 09:16:41 GMT'}
Response cookies: {}

-----

-----
Test: None
Time: 2023-09-09 12:16:41.262294
Request method: POST
Request URL: https://playground.learnqa.ru/api_dev/user/
Request data: {'password': '1234', 'username': 'learnqa', 'firstName': 'learnqa', 'lastName': 'learnqa', 'email': 'AupyRoXyIc@example.com'}
Request headers: {}
Request cookies: {}

Response code: 200
Response text: {"id":"79041"}
Response headers: {'Date': 'Sat, 09 Sep 2023 09:16:42 GMT', 'Content-Type': 'application/json', 'Content-Length': '14', 'Connection': 'keep-alive', 'Keep-Alive': 'timeout=10', 'Server': 'Apache', 'Cache-Control': 'max-age=0', 'Expires': 'Sat, 09 Sep 2023 09:16:41 GMT'}
Response cookies: {}

-----

-----
Test: None
Time: 2023-09-09 12:16:41.955058
Request method: POST
Request URL: https://playground.learnqa.ru/api_dev/user/login
Request data: {'email': 'AupyRoXyIc@example.com', 'password': '1234'}
Request headers: {}
Request cookies: {}

Response code: 200
Response text: {"user_id":79041}
Response headers: {'Date': 'Sat, 09 Sep 2023 09:16:42 GMT', 'Content-Type': 'application/json', 'Content-Length': '17', 'Connection': 'keep-alive', 'Keep-Alive': 'timeout=10', 'Server': 'Apache', 'Set-Cookie': 'auth_sid=03fd25a83bc086e3392f4276d5bc2df776697f6ab93ca87b1cadc77bc46f73d9', 'x-csrf-token': '1f0b7f4607df314f1c7459cf40434ec37abcf42c76697f6ab93ca87b1cadc77bc46f73d9', 'Cache-Control': 'max-age=0', 'Expires': 'Sat, 09 Sep 2023 09:16:42 GMT'}
Response cookies: {'auth_sid': '03fd25a83bc086e3392f4276d5bc2df776697f6ab93ca87b1cadc77bc46f73d9'}

-----

-----
Test: None
Time: 2023-09-09 12:16:42.082487
Request method: DELETE
Request URL: https://playground.learnqa.ru/api_dev/user/79040
Request data: None
Request headers: {'x-csrf-token': '1f0b7f4607df314f1c7459cf40434ec37abcf42c76697f6ab93ca87b1cadc77bc46f73d9'}
Request cookies: {'auth_sid': '03fd25a83bc086e3392f4276d5bc2df776697f6ab93ca87b1cadc77bc46f73d9'}

Response code: 200
Response text: 
Response headers: {'Date': 'Sat, 09 Sep 2023 09:16:43 GMT', 'Content-Type': 'text/html; charset=utf-8', 'Content-Length': '0', 'Connection': 'keep-alive', 'Keep-Alive': 'timeout=10', 'Server': 'Apache', 'Cache-Control': 'max-age=0', 'Expires': 'Sat, 09 Sep 2023 09:16:42 GMT'}
Response cookies: {}

-----

-----
Test: None
Time: 2023-09-09 12:16:42.832257
Request method: POST
Request URL: https://playground.learnqa.ru/api_dev/user/login
Request data: {'email': 'Qbpflmvul@example.com', 'password': '1234'}
Request headers: {}
Request cookies: {}

Response code: 200
Response text: {"user_id":79040}
Response headers: {'Date': 'Sat, 09 Sep 2023 09:16:43 GMT', 'Content-Type': 'application/json', 'Content-Length': '17', 'Connection': 'keep-alive', 'Keep-Alive': 'timeout=10', 'Server': 'Apache', 'Set-Cookie': 'auth_sid=07f02e8278618150df9aef2729fd5d27e3a0639326cd30f218d573f37598d00a', 'x-csrf-token': '598d078232fcf4deb63bd55c4e1de5a629e73df1e3a0639326cd30f218d573f37598d00a', 'Cache-Control': 'max-age=0', 'Expires': 'Sat, 09 Sep 2023 09:16:43 GMT'}
Response cookies: {'auth_sid': '07f02e8278618150df9aef2729fd5d27e3a0639326cd30f218d573f37598d00a'}

-----

-----
Test: None
Time: 2023-09-09 12:16:43.008786
Request method: GET
Request URL: https://playground.learnqa.ru/api_dev/user/79040
Request data: None
Request headers: {'x-csrf-token': '598d078232fcf4deb63bd55c4e1de5a629e73df1e3a0639326cd30f218d573f37598d00a'}
Request cookies: {'auth_sid': '07f02e8278618150df9aef2729fd5d27e3a0639326cd30f218d573f37598d00a'}

Response code: 200
Response text: {"id":"79040","username":"learnqa","email":"Qbpflmvul@example.com","firstName":"learnqa","lastName":"learnqa"}
Response headers: {'Date': 'Sat, 09 Sep 2023 09:16:44 GMT', 'Content-Type': 'application/json', 'Transfer-Encoding': 'chunked', 'Connection': 'keep-alive', 'Keep-Alive': 'timeout=10', 'Vary': 'Accept-Encoding', 'Server': 'Apache', 'Cache-Control': 'max-age=0', 'Expires': 'Sat, 09 Sep 2023 09:16:43 GMT', 'Content-Encoding': 'gzip'}
Response cookies: {}

-----

-----
Test: None
Time: 2023-09-09 12:16:43.781465
Request method: POST
Request URL: https://playground.learnqa.ru/api_dev/user/
Request data: {'password': '1234', 'username': 'learnqa', 'firstName': 'learnqa', 'lastName': 'learnqa', 'email': 'learnqa09092023121643@example.com'}
Request headers: {}
Request cookies: {}

Response code: 200
Response text: {"id":"79042"}
Response headers: {'Date': 'Sat, 09 Sep 2023 09:16:44 GMT', 'Content-Type': 'application/json', 'Content-Length': '14', 'Connection': 'keep-alive', 'Keep-Alive': 'timeout=10', 'Server': 'Apache', 'Cache-Control': 'max-age=0', 'Expires': 'Sat, 09 Sep 2023 09:16:44 GMT'}
Response cookies: {}

-----

-----
Test: None
Time: 2023-09-09 12:16:44.429465
Request method: POST
Request URL: https://playground.learnqa.ru/api_dev/user/login
Request data: {'email': 'learnqa09092023121643@example.com', 'password': '1234'}
Request headers: {}
Request cookies: {}

Response code: 200
Response text: {"user_id":79042}
Response headers: {'Date': 'Sat, 09 Sep 2023 09:16:44 GMT', 'Content-Type': 'application/json', 'Content-Length': '17', 'Connection': 'keep-alive', 'Keep-Alive': 'timeout=10', 'Server': 'Apache', 'Set-Cookie': 'auth_sid=87148a45d337cdefab0e8fec7816b4f0bc9641d976c40ff76aad83f6ecbc704e', 'x-csrf-token': '34662546da959a0b1c33f17ab8d8b5568bad2a30bc9641d976c40ff76aad83f6ecbc704e', 'Cache-Control': 'max-age=0', 'Expires': 'Sat, 09 Sep 2023 09:16:44 GMT'}
Response cookies: {'auth_sid': '87148a45d337cdefab0e8fec7816b4f0bc9641d976c40ff76aad83f6ecbc704e'}

-----

-----
Test: None
Time: 2023-09-09 12:16:44.576099
Request method: PUT
Request URL: https://playground.learnqa.ru/api_dev/user/79042
Request data: {'firstName': 'Changed name'}
Request headers: {'x-csrf-token': '34662546da959a0b1c33f17ab8d8b5568bad2a30bc9641d976c40ff76aad83f6ecbc704e'}
Request cookies: {'auth_sid': '87148a45d337cdefab0e8fec7816b4f0bc9641d976c40ff76aad83f6ecbc704e'}

Response code: 200
Response text: 
Response headers: {'Date': 'Sat, 09 Sep 2023 09:16:45 GMT', 'Content-Type': 'text/html; charset=utf-8', 'Content-Length': '0', 'Connection': 'keep-alive', 'Keep-Alive': 'timeout=10', 'Server': 'Apache', 'Cache-Control': 'max-age=0', 'Expires': 'Sat, 09 Sep 2023 09:16:44 GMT'}
Response cookies: {}

-----

-----
Test: None
Time: 2023-09-09 12:16:45.327746
Request method: GET
Request URL: https://playground.learnqa.ru/api_dev/user/79042
Request data: None
Request headers: {'x-csrf-token': '34662546da959a0b1c33f17ab8d8b5568bad2a30bc9641d976c40ff76aad83f6ecbc704e'}
Request cookies: {'auth_sid': '87148a45d337cdefab0e8fec7816b4f0bc9641d976c40ff76aad83f6ecbc704e'}

Response code: 200
Response text: {"id":"79042","username":"learnqa","email":"learnqa09092023121643@example.com","firstName":"Changed name","lastName":"learnqa"}
Response headers: {'Date': 'Sat, 09 Sep 2023 09:16:46 GMT', 'Content-Type': 'application/json', 'Transfer-Encoding': 'chunked', 'Connection': 'keep-alive', 'Keep-Alive': 'timeout=10', 'Vary': 'Accept-Encoding', 'Server': 'Apache', 'Cache-Control': 'max-age=0', 'Expires': 'Sat, 09 Sep 2023 09:16:45 GMT', 'Content-Encoding': 'gzip'}
Response cookies: {}

-----

-----
Test: None
Time: 2023-09-09 12:16:45.979440
Request method: POST
Request URL: https://playground.learnqa.ru/api_dev/user/
Request data: {'password': '1234', 'username': 'learnqa', 'firstName': 'learnqa', 'lastName': 'learnqa', 'email': 'learnqa09092023121645@example.com'}
Request headers: {}
Request cookies: {}

Response code: 200
Response text: {"id":"79043"}
Response headers: {'Date': 'Sat, 09 Sep 2023 09:16:46 GMT', 'Content-Type': 'application/json', 'Content-Length': '14', 'Connection': 'keep-alive', 'Keep-Alive': 'timeout=10', 'Server': 'Apache', 'Cache-Control': 'max-age=0', 'Expires': 'Sat, 09 Sep 2023 09:16:46 GMT'}
Response cookies: {}

-----

-----
Test: None
Time: 2023-09-09 12:16:46.709339
Request method: PUT
Request URL: https://playground.learnqa.ru/api_dev/user/78631
Request data: {'lastName': 'Changed last name'}
Request headers: {}
Request cookies: {}

Response code: 400
Response text: Auth token not supplied
Response headers: {'Date': 'Sat, 09 Sep 2023 09:16:47 GMT', 'Content-Type': 'text/html; charset=utf-8', 'Content-Length': '23', 'Connection': 'keep-alive', 'Keep-Alive': 'timeout=10', 'Server': 'Apache'}
Response cookies: {}

-----

-----
Test: None
Time: 2023-09-09 12:16:47.453621
Request method: POST
Request URL: https://playground.learnqa.ru/api_dev/user/login
Request data: {'email': 'learnqa09092023121645@example.com', 'password': '1234'}
Request headers: {}
Request cookies: {}

Response code: 200
Response text: {"user_id":79043}
Response headers: {'Date': 'Sat, 09 Sep 2023 09:16:47 GMT', 'Content-Type': 'application/json', 'Content-Length': '17', 'Connection': 'keep-alive', 'Keep-Alive': 'timeout=10', 'Server': 'Apache', 'Set-Cookie': 'auth_sid=4aac279043c0224352ed086cbf595c3179eced627c20c016f569083eef8219b3', 'x-csrf-token': '80965bd84da4f331dcae973999928c8b821b054679eced627c20c016f569083eef8219b3', 'Cache-Control': 'max-age=0', 'Expires': 'Sat, 09 Sep 2023 09:16:47 GMT'}
Response cookies: {'auth_sid': '4aac279043c0224352ed086cbf595c3179eced627c20c016f569083eef8219b3'}

-----

-----
Test: None
Time: 2023-09-09 12:16:47.662472
Request method: GET
Request URL: https://playground.learnqa.ru/api_dev/user/79043
Request data: None
Request headers: {'x-csrf-token': '80965bd84da4f331dcae973999928c8b821b054679eced627c20c016f569083eef8219b3'}
Request cookies: {'auth_sid': '4aac279043c0224352ed086cbf595c3179eced627c20c016f569083eef8219b3'}

Response code: 200
Response text: {"id":"79043","username":"learnqa","email":"learnqa09092023121645@example.com","firstName":"learnqa","lastName":"learnqa"}
Response headers: {'Date': 'Sat, 09 Sep 2023 09:16:48 GMT', 'Content-Type': 'application/json', 'Transfer-Encoding': 'chunked', 'Connection': 'keep-alive', 'Keep-Alive': 'timeout=10', 'Vary': 'Accept-Encoding', 'Server': 'Apache', 'Cache-Control': 'max-age=0', 'Expires': 'Sat, 09 Sep 2023 09:16:48 GMT', 'Content-Encoding': 'gzip'}
Response cookies: {}

-----

-----
Test: None
Time: 2023-09-09 12:16:48.421541
Request method: POST
Request URL: https://playground.learnqa.ru/api_dev/user/
Request data: {'password': '1234', 'username': 'learnqa', 'firstName': 'learnqa', 'lastName': 'learnqa', 'email': 'oWoyINujy@example.com'}
Request headers: {}
Request cookies: {}

Response code: 200
Response text: {"id":"79044"}
Response headers: {'Date': 'Sat, 09 Sep 2023 09:16:49 GMT', 'Content-Type': 'application/json', 'Content-Length': '14', 'Connection': 'keep-alive', 'Keep-Alive': 'timeout=10', 'Server': 'Apache', 'Cache-Control': 'max-age=0', 'Expires': 'Sat, 09 Sep 2023 09:16:48 GMT'}
Response cookies: {}

-----

-----
Test: None
Time: 2023-09-09 12:16:49.063750
Request method: POST
Request URL: https://playground.learnqa.ru/api_dev/user/
Request data: {'password': '1234', 'username': 'learnqa', 'firstName': 'learnqa', 'lastName': 'learnqa', 'email': 'qtVvgEGgbI@example.com'}
Request headers: {}
Request cookies: {}

Response code: 200
Response text: {"id":"79045"}
Response headers: {'Date': 'Sat, 09 Sep 2023 09:16:50 GMT', 'Content-Type': 'application/json', 'Content-Length': '14', 'Connection': 'keep-alive', 'Keep-Alive': 'timeout=10', 'Server': 'Apache', 'Cache-Control': 'max-age=0', 'Expires': 'Sat, 09 Sep 2023 09:16:49 GMT'}
Response cookies: {}

-----

-----
Test: None
Time: 2023-09-09 12:16:49.751820
Request method: POST
Request URL: https://playground.learnqa.ru/api_dev/user/login
Request data: {'email': 'qtVvgEGgbI@example.com', 'password': '1234'}
Request headers: {}
Request cookies: {}

Response code: 200
Response text: {"user_id":79045}
Response headers: {'Date': 'Sat, 09 Sep 2023 09:16:50 GMT', 'Content-Type': 'application/json', 'Content-Length': '17', 'Connection': 'keep-alive', 'Keep-Alive': 'timeout=10', 'Server': 'Apache', 'Set-Cookie': 'auth_sid=bce74a53f0ca1ddb9aaa30c455903d4e620519867302c669acb7d586e35c92ff', 'x-csrf-token': '13c1d1154b7e7bff5843c054287339f4e6364bd8620519867302c669acb7d586e35c92ff', 'Cache-Control': 'max-age=0', 'Expires': 'Sat, 09 Sep 2023 09:16:50 GMT'}
Response cookies: {'auth_sid': 'bce74a53f0ca1ddb9aaa30c455903d4e620519867302c669acb7d586e35c92ff'}

-----

-----
Test: None
Time: 2023-09-09 12:16:49.901817
Request method: PUT
Request URL: https://playground.learnqa.ru/api_dev/user/79044
Request data: {'firstName': 'Test name'}
Request headers: {'x-csrf-token': '13c1d1154b7e7bff5843c054287339f4e6364bd8620519867302c669acb7d586e35c92ff'}
Request cookies: {'auth_sid': 'bce74a53f0ca1ddb9aaa30c455903d4e620519867302c669acb7d586e35c92ff'}

Response code: 200
Response text: 
Response headers: {'Date': 'Sat, 09 Sep 2023 09:16:50 GMT', 'Content-Type': 'text/html; charset=utf-8', 'Content-Length': '0', 'Connection': 'keep-alive', 'Keep-Alive': 'timeout=10', 'Server': 'Apache', 'Cache-Control': 'max-age=0', 'Expires': 'Sat, 09 Sep 2023 09:16:50 GMT'}
Response cookies: {}

-----

-----
Test: None
Time: 2023-09-09 12:16:50.661688
Request method: POST
Request URL: https://playground.learnqa.ru/api_dev/user/login
Request data: {'email': 'oWoyINujy@example.com', 'password': '1234'}
Request headers: {}
Request cookies: {}

Response code: 200
Response text: {"user_id":79044}
Response headers: {'Date': 'Sat, 09 Sep 2023 09:16:51 GMT', 'Content-Type': 'application/json', 'Content-Length': '17', 'Connection': 'keep-alive', 'Keep-Alive': 'timeout=10', 'Server': 'Apache', 'Set-Cookie': 'auth_sid=aa16c00dfcd2a2bcd031b0643648800b058fef36eece40b2d325c5fe7770f17b', 'x-csrf-token': 'a8c3367c3acfceea36a17d3997c06f5b0061804f058fef36eece40b2d325c5fe7770f17b', 'Cache-Control': 'max-age=0', 'Expires': 'Sat, 09 Sep 2023 09:16:51 GMT'}
Response cookies: {'auth_sid': 'aa16c00dfcd2a2bcd031b0643648800b058fef36eece40b2d325c5fe7770f17b'}

-----

-----
Test: None
Time: 2023-09-09 12:16:50.812861
Request method: GET
Request URL: https://playground.learnqa.ru/api_dev/user/79044
Request data: None
Request headers: {'x-csrf-token': 'a8c3367c3acfceea36a17d3997c06f5b0061804f058fef36eece40b2d325c5fe7770f17b'}
Request cookies: {'auth_sid': 'aa16c00dfcd2a2bcd031b0643648800b058fef36eece40b2d325c5fe7770f17b'}

Response code: 200
Response text: {"id":"79044","username":"learnqa","email":"oWoyINujy@example.com","firstName":"learnqa","lastName":"learnqa"}
Response headers: {'Date': 'Sat, 09 Sep 2023 09:16:51 GMT', 'Content-Type': 'application/json', 'Transfer-Encoding': 'chunked', 'Connection': 'keep-alive', 'Keep-Alive': 'timeout=10', 'Vary': 'Accept-Encoding', 'Server': 'Apache', 'Cache-Control': 'max-age=0', 'Expires': 'Sat, 09 Sep 2023 09:16:51 GMT', 'Content-Encoding': 'gzip'}
Response cookies: {}

-----

-----
Test: None
Time: 2023-09-09 12:16:51.562014
Request method: POST
Request URL: https://playground.learnqa.ru/api_dev/user/
Request data: {'password': '1234', 'username': 'learnqa', 'firstName': 'learnqa', 'lastName': 'learnqa', 'email': 'learnqa09092023121651@example.com'}
Request headers: {}
Request cookies: {}

Response code: 200
Response text: {"id":"79046"}
Response headers: {'Date': 'Sat, 09 Sep 2023 09:16:52 GMT', 'Content-Type': 'application/json', 'Content-Length': '14', 'Connection': 'keep-alive', 'Keep-Alive': 'timeout=10', 'Server': 'Apache', 'Cache-Control': 'max-age=0', 'Expires': 'Sat, 09 Sep 2023 09:16:51 GMT'}
Response cookies: {}

-----

-----
Test: None
Time: 2023-09-09 12:16:52.215852
Request method: POST
Request URL: https://playground.learnqa.ru/api_dev/user/login
Request data: {'email': 'learnqa09092023121651@example.com', 'password': '1234'}
Request headers: {}
Request cookies: {}

Response code: 200
Response text: {"user_id":79046}
Response headers: {'Date': 'Sat, 09 Sep 2023 09:16:52 GMT', 'Content-Type': 'application/json', 'Content-Length': '17', 'Connection': 'keep-alive', 'Keep-Alive': 'timeout=10', 'Server': 'Apache', 'Set-Cookie': 'auth_sid=7fd8d92222d0799b160f741d485db7223e36062761ef9ae7b085a96ac94b2aac', 'x-csrf-token': '3a480469a6166e662fbf2873a633eff69e04dd663e36062761ef9ae7b085a96ac94b2aac', 'Cache-Control': 'max-age=0', 'Expires': 'Sat, 09 Sep 2023 09:16:52 GMT'}
Response cookies: {'auth_sid': '7fd8d92222d0799b160f741d485db7223e36062761ef9ae7b085a96ac94b2aac'}

-----

-----
Test: None
Time: 2023-09-09 12:16:52.398903
Request method: PUT
Request URL: https://playground.learnqa.ru/api_dev/user/79046
Request data: {'email': 'testexample.com'}
Request headers: {'x-csrf-token': '3a480469a6166e662fbf2873a633eff69e04dd663e36062761ef9ae7b085a96ac94b2aac'}
Request cookies: {'auth_sid': '7fd8d92222d0799b160f741d485db7223e36062761ef9ae7b085a96ac94b2aac'}

Response code: 400
Response text: Invalid email format
Response headers: {'Date': 'Sat, 09 Sep 2023 09:16:53 GMT', 'Content-Type': 'text/html; charset=utf-8', 'Content-Length': '20', 'Connection': 'keep-alive', 'Keep-Alive': 'timeout=10', 'Server': 'Apache'}
Response cookies: {}

-----

-----
Test: None
Time: 2023-09-09 12:16:53.138401
Request method: GET
Request URL: https://playground.learnqa.ru/api_dev/user/79046
Request data: None
Request headers: {'x-csrf-token': '3a480469a6166e662fbf2873a633eff69e04dd663e36062761ef9ae7b085a96ac94b2aac'}
Request cookies: {'auth_sid': '7fd8d92222d0799b160f741d485db7223e36062761ef9ae7b085a96ac94b2aac'}

Response code: 200
Response text: {"id":"79046","username":"learnqa","email":"learnqa09092023121651@example.com","firstName":"learnqa","lastName":"learnqa"}
Response headers: {'Date': 'Sat, 09 Sep 2023 09:16:54 GMT', 'Content-Type': 'application/json', 'Transfer-Encoding': 'chunked', 'Connection': 'keep-alive', 'Keep-Alive': 'timeout=10', 'Vary': 'Accept-Encoding', 'Server': 'Apache', 'Cache-Control': 'max-age=0', 'Expires': 'Sat, 09 Sep 2023 09:16:53 GMT', 'Content-Encoding': 'gzip'}
Response cookies: {}

-----

-----
Test: None
Time: 2023-09-09 12:16:53.817759
Request method: POST
Request URL: https://playground.learnqa.ru/api_dev/user/
Request data: {'password': '1234', 'username': 'learnqa', 'firstName': 'learnqa', 'lastName': 'learnqa', 'email': 'learnqa09092023121653@example.com'}
Request headers: {}
Request cookies: {}

Response code: 200
Response text: {"id":"79047"}
Response headers: {'Date': 'Sat, 09 Sep 2023 09:16:54 GMT', 'Content-Type': 'application/json', 'Content-Length': '14', 'Connection': 'keep-alive', 'Keep-Alive': 'timeout=10', 'Server': 'Apache', 'Cache-Control': 'max-age=0', 'Expires': 'Sat, 09 Sep 2023 09:16:54 GMT'}
Response cookies: {}

-----

-----
Test: None
Time: 2023-09-09 12:16:54.472015
Request method: POST
Request URL: https://playground.learnqa.ru/api_dev/user/login
Request data: {'email': 'learnqa09092023121653@example.com', 'password': '1234'}
Request headers: {}
Request cookies: {}

Response code: 200
Response text: {"user_id":79047}
Response headers: {'Date': 'Sat, 09 Sep 2023 09:16:54 GMT', 'Content-Type': 'application/json', 'Content-Length': '17', 'Connection': 'keep-alive', 'Keep-Alive': 'timeout=10', 'Server': 'Apache', 'Set-Cookie': 'auth_sid=16945c569d59fa01866928f6b7e9b73bcaecfb23494e54b6eebd81faa6aeb03b', 'x-csrf-token': 'aa82b5a37a9d289e0639f1f9b99d807dc709cd02caecfb23494e54b6eebd81faa6aeb03b', 'Cache-Control': 'max-age=0', 'Expires': 'Sat, 09 Sep 2023 09:16:54 GMT'}
Response cookies: {'auth_sid': '16945c569d59fa01866928f6b7e9b73bcaecfb23494e54b6eebd81faa6aeb03b'}

-----

-----
Test: None
Time: 2023-09-09 12:16:54.618830
Request method: PUT
Request URL: https://playground.learnqa.ru/api_dev/user/79047
Request data: {'firstName': 'x'}
Request headers: {'x-csrf-token': 'aa82b5a37a9d289e0639f1f9b99d807dc709cd02caecfb23494e54b6eebd81faa6aeb03b'}
Request cookies: {'auth_sid': '16945c569d59fa01866928f6b7e9b73bcaecfb23494e54b6eebd81faa6aeb03b'}

Response code: 400
Response text: {"error":"Too short value for field firstName"}
Response headers: {'Date': 'Sat, 09 Sep 2023 09:16:55 GMT', 'Content-Type': 'application/json', 'Content-Length': '47', 'Connection': 'keep-alive', 'Keep-Alive': 'timeout=10', 'Server': 'Apache'}
Response cookies: {}

-----

-----
Test: None
Time: 2023-09-09 12:16:55.370221
Request method: GET
Request URL: https://playground.learnqa.ru/api_dev/user/79047
Request data: None
Request headers: {'x-csrf-token': 'aa82b5a37a9d289e0639f1f9b99d807dc709cd02caecfb23494e54b6eebd81faa6aeb03b'}
Request cookies: {'auth_sid': '16945c569d59fa01866928f6b7e9b73bcaecfb23494e54b6eebd81faa6aeb03b'}

Response code: 200
Response text: {"id":"79047","username":"learnqa","email":"learnqa09092023121653@example.com","firstName":"learnqa","lastName":"learnqa"}
Response headers: {'Date': 'Sat, 09 Sep 2023 09:16:56 GMT', 'Content-Type': 'application/json', 'Transfer-Encoding': 'chunked', 'Connection': 'keep-alive', 'Keep-Alive': 'timeout=10', 'Vary': 'Accept-Encoding', 'Server': 'Apache', 'Cache-Control': 'max-age=0', 'Expires': 'Sat, 09 Sep 2023 09:16:55 GMT', 'Content-Encoding': 'gzip'}
Response cookies: {}

-----

-----
Test: None
Time: 2023-09-09 12:16:56.048962
Request method: GET
Request URL: https://playground.learnqa.ru/api_dev/user/2
Request data: None
Request headers: {}
Request cookies: {}

Response code: 200
Response text: {"username":"Vitaliy"}
Response headers: {'Date': 'Sat, 09 Sep 2023 09:16:57 GMT', 'Content-Type': 'application/json', 'Transfer-Encoding': 'chunked', 'Connection': 'keep-alive', 'Keep-Alive': 'timeout=10', 'Vary': 'Accept-Encoding', 'Server': 'Apache', 'Cache-Control': 'max-age=0', 'Expires': 'Sat, 09 Sep 2023 09:16:56 GMT', 'Content-Encoding': 'gzip'}
Response cookies: {}

-----

-----
Test: None
Time: 2023-09-09 12:16:56.775894
Request method: POST
Request URL: https://playground.learnqa.ru/api_dev/user/login
Request data: {'email': 'vinkotov@example.com', 'password': '1234'}
Request headers: {}
Request cookies: {}

Response code: 200
Response text: {"user_id":2}
Response headers: {'Date': 'Sat, 09 Sep 2023 09:16:57 GMT', 'Content-Type': 'application/json', 'Content-Length': '13', 'Connection': 'keep-alive', 'Keep-Alive': 'timeout=10', 'Server': 'Apache', 'Set-Cookie': 'auth_sid=c7fc5d929056eaf03801fdd95570562a02e94918f1549272bcf2cafc2634fd9d', 'x-csrf-token': 'cff98b6a328d1f4229aaf975685d09b9f359810802e94918f1549272bcf2cafc2634fd9d', 'Cache-Control': 'max-age=0', 'Expires': 'Sat, 09 Sep 2023 09:16:57 GMT'}
Response cookies: {'auth_sid': 'c7fc5d929056eaf03801fdd95570562a02e94918f1549272bcf2cafc2634fd9d'}

-----

-----
Test: None
Time: 2023-09-09 12:16:56.919402
Request method: GET
Request URL: https://playground.learnqa.ru/api_dev/user/2
Request data: None
Request headers: {'x-csrf-token': 'cff98b6a328d1f4229aaf975685d09b9f359810802e94918f1549272bcf2cafc2634fd9d'}
Request cookies: {'auth_sid': 'c7fc5d929056eaf03801fdd95570562a02e94918f1549272bcf2cafc2634fd9d'}

Response code: 200
Response text: {"id":"2","username":"Vitaliy","email":"vinkotov@example.com","firstName":"Vitalii","lastName":"Kotov"}
Response headers: {'Date': 'Sat, 09 Sep 2023 09:16:57 GMT', 'Content-Type': 'application/json', 'Transfer-Encoding': 'chunked', 'Connection': 'keep-alive', 'Keep-Alive': 'timeout=10', 'Vary': 'Accept-Encoding', 'Server': 'Apache', 'Cache-Control': 'max-age=0', 'Expires': 'Sat, 09 Sep 2023 09:16:57 GMT', 'Content-Encoding': 'gzip'}
Response cookies: {}

-----

-----
Test: None
Time: 2023-09-09 12:16:57.668126
Request method: POST
Request URL: https://playground.learnqa.ru/api_dev/user/login
Request data: {'email': 'vinkotov@example.com', 'password': '1234'}
Request headers: {}
Request cookies: {}

Response code: 200
Response text: {"user_id":2}
Response headers: {'Date': 'Sat, 09 Sep 2023 09:16:58 GMT', 'Content-Type': 'application/json', 'Content-Length': '13', 'Connection': 'keep-alive', 'Keep-Alive': 'timeout=10', 'Server': 'Apache', 'Set-Cookie': 'auth_sid=43d57ace869bd9b304278886b0f8be8802e94918f1549272bcf2cafc2634fd9d', 'x-csrf-token': 'fd9e584e73db2a05168f1e0bec1f075cdac4124702e94918f1549272bcf2cafc2634fd9d', 'Cache-Control': 'max-age=0', 'Expires': 'Sat, 09 Sep 2023 09:16:58 GMT'}
Response cookies: {'auth_sid': '43d57ace869bd9b304278886b0f8be8802e94918f1549272bcf2cafc2634fd9d'}

-----

-----
Test: None
Time: 2023-09-09 12:16:57.827921
Request method: GET
Request URL: https://playground.learnqa.ru/api_dev/user/1
Request data: None
Request headers: {'x-csrf-token': 'fd9e584e73db2a05168f1e0bec1f075cdac4124702e94918f1549272bcf2cafc2634fd9d'}
Request cookies: {'auth_sid': '43d57ace869bd9b304278886b0f8be8802e94918f1549272bcf2cafc2634fd9d'}

Response code: 200
Response text: {"username":"Lana"}
Response headers: {'Date': 'Sat, 09 Sep 2023 09:16:58 GMT', 'Content-Type': 'application/json', 'Content-Length': '19', 'Connection': 'keep-alive', 'Keep-Alive': 'timeout=10', 'Server': 'Apache', 'Cache-Control': 'max-age=0', 'Expires': 'Sat, 09 Sep 2023 09:16:58 GMT'}
Response cookies: {}

-----

-----
Test: None
Time: 2023-09-09 12:16:58.577095
Request method: POST
Request URL: https://playground.learnqa.ru/api_dev/user/
Request data: {'password': '1234', 'username': 'learnqa', 'firstName': 'learnqa', 'lastName': 'learnqa', 'email': 'learnqa09092023121658@example.com'}
Request headers: {}
Request cookies: {}

Response code: 200
Response text: {"id":"79048"}
Response headers: {'Date': 'Sat, 09 Sep 2023 09:16:59 GMT', 'Content-Type': 'application/json', 'Content-Length': '14', 'Connection': 'keep-alive', 'Keep-Alive': 'timeout=10', 'Server': 'Apache', 'Cache-Control': 'max-age=0', 'Expires': 'Sat, 09 Sep 2023 09:16:58 GMT'}
Response cookies: {}

-----

-----
Test: None
Time: 2023-09-09 12:16:59.261859
Request method: POST
Request URL: https://playground.learnqa.ru/api_dev/user/
Request data: {'password': '1234', 'username': 'learnqa', 'firstName': 'learnqa', 'lastName': 'learnqa', 'email': 'vinkotov@example.com'}
Request headers: {}
Request cookies: {}

Response code: 400
Response text: Users with email 'vinkotov@example.com' already exists
Response headers: {'Date': 'Sat, 09 Sep 2023 09:17:00 GMT', 'Content-Type': 'text/html; charset=utf-8', 'Content-Length': '54', 'Connection': 'keep-alive', 'Keep-Alive': 'timeout=10', 'Server': 'Apache'}
Response cookies: {}

-----

-----
Test: None
Time: 2023-09-09 12:16:59.903030
Request method: POST
Request URL: https://playground.learnqa.ru/api_dev/user/
Request data: {'password': '1234', 'username': 'learnqa', 'firstName': 'learnqa', 'lastName': 'learnqa', 'email': 'testexample.com'}
Request headers: {}
Request cookies: {}

Response code: 400
Response text: Invalid email format
Response headers: {'Date': 'Sat, 09 Sep 2023 09:17:00 GMT', 'Content-Type': 'text/html; charset=utf-8', 'Content-Length': '20', 'Connection': 'keep-alive', 'Keep-Alive': 'timeout=10', 'Server': 'Apache'}
Response cookies: {}

-----

-----
Test: None
Time: 2023-09-09 12:17:00.593295
Request method: POST
Request URL: https://playground.learnqa.ru/api_dev/user/
Request data: {'password': None, 'username': 'bot', 'firstName': 'bot_fname', 'lastName': 'bot_lname', 'email': 'bot@example.com'}
Request headers: {}
Request cookies: {}

Response code: 400
Response text: The following required params are missed: password
Response headers: {'Date': 'Sat, 09 Sep 2023 09:17:01 GMT', 'Content-Type': 'text/html; charset=utf-8', 'Content-Length': '50', 'Connection': 'keep-alive', 'Keep-Alive': 'timeout=10', 'Server': 'Apache'}
Response cookies: {}

-----

-----
Test: None
Time: 2023-09-09 12:17:01.275315
Request method: POST
Request URL: https://playground.learnqa.ru/api_dev/user/
Request data: {'password': '1234', 'username': None, 'firstName': 'bot_fname', 'lastName': 'bot_lname', 'email': 'bot@example.com'}
Request headers: {}
Request cookies: {}

Response code: 400
Response text: The following required params are missed: username
Response headers: {'Date': 'Sat, 09 Sep 2023 09:17:02 GMT', 'Content-Type': 'text/html; charset=utf-8', 'Content-Length': '50', 'Connection': 'keep-alive', 'Keep-Alive': 'timeout=10', 'Server': 'Apache'}
Response cookies: {}

-----

-----
Test: None
Time: 2023-09-09 12:17:01.916078
Request method: POST
Request URL: https://playground.learnqa.ru/api_dev/user/
Request data: {'password': '1234', 'username': 'bot', 'firstName': None, 'lastName': 'bot_lname', 'email': 'bot@example.com'}
Request headers: {}
Request cookies: {}

Response code: 400
Response text: The following required params are missed: firstName
Response headers: {'Date': 'Sat, 09 Sep 2023 09:17:02 GMT', 'Content-Type': 'text/html; charset=utf-8', 'Content-Length': '51', 'Connection': 'keep-alive', 'Keep-Alive': 'timeout=10', 'Server': 'Apache'}
Response cookies: {}

-----

-----
Test: None
Time: 2023-09-09 12:17:02.606445
Request method: POST
Request URL: https://playground.learnqa.ru/api_dev/user/
Request data: {'password': '1234', 'username': 'bot', 'firstName': 'bot_fname', 'lastName': None, 'email': 'bot@example.com'}
Request headers: {}
Request cookies: {}

Response code: 400
Response text: The following required params are missed: lastName
Response headers: {'Date': 'Sat, 09 Sep 2023 09:17:03 GMT', 'Content-Type': 'text/html; charset=utf-8', 'Content-Length': '50', 'Connection': 'keep-alive', 'Keep-Alive': 'timeout=10', 'Server': 'Apache'}
Response cookies: {}

-----

-----
Test: None
Time: 2023-09-09 12:17:03.314707
Request method: POST
Request URL: https://playground.learnqa.ru/api_dev/user/
Request data: {'password': '1234', 'username': 'bot', 'firstName': 'bot_fname', 'lastName': 'bot_lname', 'email': None}
Request headers: {}
Request cookies: {}

Response code: 400
Response text: The following required params are missed: email
Response headers: {'Date': 'Sat, 09 Sep 2023 09:17:04 GMT', 'Content-Type': 'text/html; charset=utf-8', 'Content-Length': '47', 'Connection': 'keep-alive', 'Keep-Alive': 'timeout=10', 'Server': 'Apache'}
Response cookies: {}

-----

-----
Test: None
Time: 2023-09-09 12:17:03.989914
Request method: POST
Request URL: https://playground.learnqa.ru/api_dev/user/
Request data: {'password': '1234', 'username': 'learnqa', 'firstName': 'x', 'lastName': 'learnqa', 'email': 'learnqa09092023121703@example.com'}
Request headers: {}
Request cookies: {}

Response code: 400
Response text: The value of 'firstName' field is too short
Response headers: {'Date': 'Sat, 09 Sep 2023 09:17:04 GMT', 'Content-Type': 'text/html; charset=utf-8', 'Content-Length': '43', 'Connection': 'keep-alive', 'Keep-Alive': 'timeout=10', 'Server': 'Apache'}
Response cookies: {}

-----

-----
Test: None
Time: 2023-09-09 12:17:04.660866
Request method: POST
Request URL: https://playground.learnqa.ru/api_dev/user/
Request data: {'password': '1234', 'username': 'learnqa', 'firstName': 'FniWvANlQRYsXFQwNoCuQjvcTwNBaEZcEKkMXQImTsfGaGqifbAQBMsRQIHgINMnLrEyoOYcHhVHlRfztvDyAIMDiIneXolsFMilQwKhKQBaustPPiccrCZMCdZysAYfRylUggYAVIPMDKxhgBVUKLLbXHgwCERyRBtjdYJNKKDrlriMNtbHufZVDEoLJbLcIsEXXftHKTOBSWUcBtCAViGXKNcyTaOPtpJutBxdDexntkrZFqoRncnhKIb', 'lastName': 'learnqa', 'email': 'learnqa09092023121704@example.com'}
Request headers: {}
Request cookies: {}

Response code: 400
Response text: The value of 'firstName' field is too long
Response headers: {'Date': 'Sat, 09 Sep 2023 09:17:05 GMT', 'Content-Type': 'text/html; charset=utf-8', 'Content-Length': '42', 'Connection': 'keep-alive', 'Keep-Alive': 'timeout=10', 'Server': 'Apache'}
Response cookies: {}

-----
