
-----
Test: None
Time: 2023-06-21 22:15:41.366437
Request method: POST
Request URL: https://playground.learnqa.ru/api/user/login
Request data: {'email': 'vinkotov@example.com', 'password': '1234'}
Request headers: {}
Request cookies: {}


-----
Test: None
Time: 2023-06-21 22:15:41.796140
Request method: POST
Request URL: https://playground.learnqa.ru/api/user/login
Request data: {'email': 'vinkotov@example.com', 'password': '1234'}
Request headers: {}
Request cookies: {}


-----
Test: None
Time: 2023-06-21 22:15:41.934687
Request method: POST
Request URL: https://playground.learnqa.ru/api/user/login
Request data: {'email': 'vinkotov@example.com', 'password': '1234'}
Request headers: {}
Request cookies: {}


-----
Test: None
Time: 2023-06-21 22:15:42.082961
Request method: POST
Request URL: https://playground.learnqa.ru/api/user/
Request data: {'password': '1234', 'username': 'learnqa', 'firstName': 'learnqa', 'lastName': 'learnqa', 'email': 'learnqa06212023221542@example.com'}
Request headers: {}
Request cookies: {}


-----
Test: None
Time: 2023-06-21 22:15:42.817550
Request method: GET
Request URL: https://playground.learnqa.ru/api/user/2
Request data: None
Request headers: {}
Request cookies: {}


-----
Test: None
Time: 2023-06-21 22:15:43.602844
Request method: POST
Request URL: https://playground.learnqa.ru/api/user/login
Request data: {'email': 'vinkotov@example.com', 'password': '1234'}
Request headers: {}
Request cookies: {}


-----
Test: None
Time: 2023-06-21 22:15:43.743241
Request method: POST
Request URL: https://playground.learnqa.ru/api/user/
Request data: {'password': '1234', 'username': 'learnqa', 'firstName': 'learnqa', 'lastName': 'learnqa', 'email': 'learnqa06212023221543@example.com'}
Request headers: {}
Request cookies: {}


-----
Test: None
Time: 2023-06-21 22:15:44.400563
Request method: POST
Request URL: https://playground.learnqa.ru/api/user/
Request data: {'password': '1234', 'username': 'learnqa', 'firstName': 'learnqa', 'lastName': 'learnqa', 'email': 'vinkotov@example.com'}
Request headers: {}
Request cookies: {}

