
-----
Test: None
Time: 2023-06-21 22:58:22.871425
Request method: POST
Request URL: https://playground.learnqa.ru/api/user/login
Request data: {'email': 'vinkotov@example.com', 'password': '1234'}
Request headers: {}
Request cookies: {}

Response code: 200
Response text: {"user_id":2}
Response headers: {'Date': 'Wed, 21 Jun 2023 19:58:23 GMT', 'Content-Type': 'application/json', 'Content-Length': '13', 'Connection': 'keep-alive', 'Keep-Alive': 'timeout=10', 'Server': 'Apache', 'Set-Cookie': 'auth_sid=1fa2b6ad2f4a14f134991199dd0df1b302e94918f1549272bcf2cafc2634fd9d', 'x-csrf-token': '99254d70dfd4ca8cf79f9e236bf53ef8ed8d255902e94918f1549272bcf2cafc2634fd9d', 'Cache-Control': 'max-age=0', 'Expires': 'Wed, 21 Jun 2023 19:58:22 GMT'}
Response cookies: {'auth_sid': '1fa2b6ad2f4a14f134991199dd0df1b302e94918f1549272bcf2cafc2634fd9d'}

-----

-----
Test: None
Time: 2023-06-21 22:58:23.158121
Request method: GET
Request URL: https://playground.learnqa.ru/api/user/auth
Request data: None
Request headers: {'x-csrf-token': '99254d70dfd4ca8cf79f9e236bf53ef8ed8d255902e94918f1549272bcf2cafc2634fd9d'}
Request cookies: {'auth_sid': '1fa2b6ad2f4a14f134991199dd0df1b302e94918f1549272bcf2cafc2634fd9d'}

Response code: 200
Response text: {"user_id":2}
Response headers: {'Date': 'Wed, 21 Jun 2023 19:58:23 GMT', 'Content-Type': 'application/json', 'Content-Length': '13', 'Connection': 'keep-alive', 'Keep-Alive': 'timeout=10', 'Server': 'Apache', 'Cache-Control': 'max-age=0', 'Expires': 'Wed, 21 Jun 2023 19:58:23 GMT'}
Response cookies: {}

-----

-----
Test: None
Time: 2023-06-21 22:58:23.438928
Request method: POST
Request URL: https://playground.learnqa.ru/api/user/login
Request data: {'email': 'vinkotov@example.com', 'password': '1234'}
Request headers: {}
Request cookies: {}

Response code: 200
Response text: {"user_id":2}
Response headers: {'Date': 'Wed, 21 Jun 2023 19:58:23 GMT', 'Content-Type': 'application/json', 'Content-Length': '13', 'Connection': 'keep-alive', 'Keep-Alive': 'timeout=10', 'Server': 'Apache', 'Set-Cookie': 'auth_sid=a6566f4cf4205d3c00446410c89b0bf702e94918f1549272bcf2cafc2634fd9d', 'x-csrf-token': '362f84d2964defcf99a7d59b24874566e6be809c02e94918f1549272bcf2cafc2634fd9d', 'Cache-Control': 'max-age=0', 'Expires': 'Wed, 21 Jun 2023 19:58:23 GMT'}
Response cookies: {'auth_sid': 'a6566f4cf4205d3c00446410c89b0bf702e94918f1549272bcf2cafc2634fd9d'}

-----

-----
Test: None
Time: 2023-06-21 22:58:23.646078
Request method: GET
Request URL: https://playground.learnqa.ru/api/user/auth
Request data: None
Request headers: {'x-csrf-token': '362f84d2964defcf99a7d59b24874566e6be809c02e94918f1549272bcf2cafc2634fd9d'}
Request cookies: {}

Response code: 200
Response text: {"user_id":0}
Response headers: {'Date': 'Wed, 21 Jun 2023 19:58:23 GMT', 'Content-Type': 'application/json', 'Content-Length': '13', 'Connection': 'keep-alive', 'Keep-Alive': 'timeout=10', 'Server': 'Apache', 'Cache-Control': 'max-age=0', 'Expires': 'Wed, 21 Jun 2023 19:58:23 GMT'}
Response cookies: {}

-----

-----
Test: None
Time: 2023-06-21 22:58:23.927690
Request method: POST
Request URL: https://playground.learnqa.ru/api/user/login
Request data: {'email': 'vinkotov@example.com', 'password': '1234'}
Request headers: {}
Request cookies: {}

Response code: 200
Response text: {"user_id":2}
Response headers: {'Date': 'Wed, 21 Jun 2023 19:58:23 GMT', 'Content-Type': 'application/json', 'Content-Length': '13', 'Connection': 'keep-alive', 'Keep-Alive': 'timeout=10', 'Server': 'Apache', 'Set-Cookie': 'auth_sid=a6566f4cf4205d3c00446410c89b0bf702e94918f1549272bcf2cafc2634fd9d', 'x-csrf-token': '99254d70dfd4ca8cf79f9e236bf53ef8ed8d255902e94918f1549272bcf2cafc2634fd9d', 'Cache-Control': 'max-age=0', 'Expires': 'Wed, 21 Jun 2023 19:58:23 GMT'}
Response cookies: {'auth_sid': 'a6566f4cf4205d3c00446410c89b0bf702e94918f1549272bcf2cafc2634fd9d'}

-----

-----
Test: None
Time: 2023-06-21 22:58:24.068607
Request method: GET
Request URL: https://playground.learnqa.ru/api/user/auth
Request data: None
Request headers: {}
Request cookies: {'auth_sid': 'a6566f4cf4205d3c00446410c89b0bf702e94918f1549272bcf2cafc2634fd9d'}

Response code: 200
Response text: {"user_id":0}
Response headers: {'Date': 'Wed, 21 Jun 2023 19:58:24 GMT', 'Content-Type': 'application/json', 'Content-Length': '13', 'Connection': 'keep-alive', 'Keep-Alive': 'timeout=10', 'Server': 'Apache', 'Cache-Control': 'max-age=0', 'Expires': 'Wed, 21 Jun 2023 19:58:24 GMT'}
Response cookies: {}

-----

-----
Test: None
Time: 2023-06-21 22:58:24.302039
Request method: POST
Request URL: https://playground.learnqa.ru/api/user/
Request data: {'password': '1234', 'username': 'learnqa', 'firstName': 'learnqa', 'lastName': 'learnqa', 'email': 'learnqa06212023225824@example.com'}
Request headers: {}
Request cookies: {}

Response code: 200
Response text: {"id":"74190"}
Response headers: {'Date': 'Wed, 21 Jun 2023 19:58:24 GMT', 'Content-Type': 'application/json', 'Content-Length': '14', 'Connection': 'keep-alive', 'Keep-Alive': 'timeout=10', 'Server': 'Apache', 'Cache-Control': 'max-age=0', 'Expires': 'Wed, 21 Jun 2023 19:58:24 GMT'}
Response cookies: {}

-----

-----
Test: None
Time: 2023-06-21 22:58:24.967697
Request method: POST
Request URL: https://playground.learnqa.ru/api/user/login
Request data: {'email': 'learnqa06212023225824@example.com', 'password': '1234'}
Request headers: {}
Request cookies: {}

Response code: 200
Response text: {"user_id":74190}
Response headers: {'Date': 'Wed, 21 Jun 2023 19:58:24 GMT', 'Content-Type': 'application/json', 'Content-Length': '17', 'Connection': 'keep-alive', 'Keep-Alive': 'timeout=10', 'Server': 'Apache', 'Set-Cookie': 'auth_sid=56f64639d0b8190edd4d9bdcf18c8936247ef7975b67764bc38f529a30ccc9f2', 'x-csrf-token': '11a8fe79303ec50020e4013235463e6fca3bf6b5247ef7975b67764bc38f529a30ccc9f2', 'Cache-Control': 'max-age=0', 'Expires': 'Wed, 21 Jun 2023 19:58:24 GMT'}
Response cookies: {'auth_sid': '56f64639d0b8190edd4d9bdcf18c8936247ef7975b67764bc38f529a30ccc9f2'}

-----

-----
Test: None
Time: 2023-06-21 22:58:25.121115
Request method: PUT
Request URL: https://playground.learnqa.ru/api/user/74190
Request data: {'firstName': 'Changed name'}
Request headers: {'x-csrf-token': '11a8fe79303ec50020e4013235463e6fca3bf6b5247ef7975b67764bc38f529a30ccc9f2'}
Request cookies: {'auth_sid': '56f64639d0b8190edd4d9bdcf18c8936247ef7975b67764bc38f529a30ccc9f2'}

Response code: 200
Response text: 
Response headers: {'Date': 'Wed, 21 Jun 2023 19:58:25 GMT', 'Content-Type': 'text/html; charset=utf-8', 'Content-Length': '0', 'Connection': 'keep-alive', 'Keep-Alive': 'timeout=10', 'Server': 'Apache', 'Cache-Control': 'max-age=0', 'Expires': 'Wed, 21 Jun 2023 19:58:25 GMT'}
Response cookies: {}

-----

-----
Test: None
Time: 2023-06-21 22:58:25.843902
Request method: GET
Request URL: https://playground.learnqa.ru/api/user/74190
Request data: None
Request headers: {'x-csrf-token': '11a8fe79303ec50020e4013235463e6fca3bf6b5247ef7975b67764bc38f529a30ccc9f2'}
Request cookies: {'auth_sid': '56f64639d0b8190edd4d9bdcf18c8936247ef7975b67764bc38f529a30ccc9f2'}

Response code: 200
Response text: {"id":"74190","username":"learnqa","email":"learnqa06212023225824@example.com","firstName":"Changed name","lastName":"learnqa"}
Response headers: {'Date': 'Wed, 21 Jun 2023 19:58:26 GMT', 'Content-Type': 'application/json', 'Transfer-Encoding': 'chunked', 'Connection': 'keep-alive', 'Keep-Alive': 'timeout=10', 'Vary': 'Accept-Encoding', 'Server': 'Apache', 'Cache-Control': 'max-age=0', 'Expires': 'Wed, 21 Jun 2023 19:58:25 GMT', 'Content-Encoding': 'gzip'}
Response cookies: {}

-----

-----
Test: None
Time: 2023-06-21 22:58:26.485433
Request method: GET
Request URL: https://playground.learnqa.ru/api/user/2
Request data: None
Request headers: {}
Request cookies: {}

Response code: 200
Response text: {"username":"Vitaliy"}
Response headers: {'Date': 'Wed, 21 Jun 2023 19:58:27 GMT', 'Content-Type': 'application/json', 'Transfer-Encoding': 'chunked', 'Connection': 'keep-alive', 'Keep-Alive': 'timeout=10', 'Vary': 'Accept-Encoding', 'Server': 'Apache', 'Cache-Control': 'max-age=0', 'Expires': 'Wed, 21 Jun 2023 19:58:26 GMT', 'Content-Encoding': 'gzip'}
Response cookies: {}

-----

-----
Test: None
Time: 2023-06-21 22:58:27.273972
Request method: POST
Request URL: https://playground.learnqa.ru/api/user/login
Request data: {'email': 'vinkotov@example.com', 'password': '1234'}
Request headers: {}
Request cookies: {}

Response code: 200
Response text: {"user_id":2}
Response headers: {'Date': 'Wed, 21 Jun 2023 19:58:27 GMT', 'Content-Type': 'application/json', 'Content-Length': '13', 'Connection': 'keep-alive', 'Keep-Alive': 'timeout=10', 'Server': 'Apache', 'Set-Cookie': 'auth_sid=e563440979673e300fc0dc1b8cc1331802e94918f1549272bcf2cafc2634fd9d', 'x-csrf-token': '3d121b47ed4ed6dfcc417468bd60bb6218fa618f02e94918f1549272bcf2cafc2634fd9d', 'Cache-Control': 'max-age=0', 'Expires': 'Wed, 21 Jun 2023 19:58:27 GMT'}
Response cookies: {'auth_sid': 'e563440979673e300fc0dc1b8cc1331802e94918f1549272bcf2cafc2634fd9d'}

-----

-----
Test: None
Time: 2023-06-21 22:58:27.421434
Request method: GET
Request URL: https://playground.learnqa.ru/api/user/2
Request data: None
Request headers: {'x-csrf-token': '3d121b47ed4ed6dfcc417468bd60bb6218fa618f02e94918f1549272bcf2cafc2634fd9d'}
Request cookies: {'auth_sid': 'e563440979673e300fc0dc1b8cc1331802e94918f1549272bcf2cafc2634fd9d'}

Response code: 200
Response text: {"id":"2","username":"Vitaliy","email":"vinkotov@example.com","firstName":"Vitalii","lastName":"Kotov"}
Response headers: {'Date': 'Wed, 21 Jun 2023 19:58:28 GMT', 'Content-Type': 'application/json', 'Transfer-Encoding': 'chunked', 'Connection': 'keep-alive', 'Keep-Alive': 'timeout=10', 'Vary': 'Accept-Encoding', 'Server': 'Apache', 'Cache-Control': 'max-age=0', 'Expires': 'Wed, 21 Jun 2023 19:58:27 GMT', 'Content-Encoding': 'gzip'}
Response cookies: {}

-----

-----
Test: None
Time: 2023-06-21 22:58:28.144999
Request method: POST
Request URL: https://playground.learnqa.ru/api/user/
Request data: {'password': '1234', 'username': 'learnqa', 'firstName': 'learnqa', 'lastName': 'learnqa', 'email': 'learnqa06212023225828@example.com'}
Request headers: {}
Request cookies: {}

Response code: 200
Response text: {"id":"74191"}
Response headers: {'Date': 'Wed, 21 Jun 2023 19:58:28 GMT', 'Content-Type': 'application/json', 'Content-Length': '14', 'Connection': 'keep-alive', 'Keep-Alive': 'timeout=10', 'Server': 'Apache', 'Cache-Control': 'max-age=0', 'Expires': 'Wed, 21 Jun 2023 19:58:28 GMT'}
Response cookies: {}

-----

-----
Test: None
Time: 2023-06-21 22:58:28.869186
Request method: POST
Request URL: https://playground.learnqa.ru/api/user/
Request data: {'password': '1234', 'username': 'learnqa', 'firstName': 'learnqa', 'lastName': 'learnqa', 'email': 'vinkotov@example.com'}
Request headers: {}
Request cookies: {}

Response code: 400
Response text: Users with email 'vinkotov@example.com' already exists
Response headers: {'Date': 'Wed, 21 Jun 2023 19:58:29 GMT', 'Content-Type': 'text/html; charset=utf-8', 'Content-Length': '54', 'Connection': 'keep-alive', 'Keep-Alive': 'timeout=10', 'Server': 'Apache'}
Response cookies: {}

-----
