
-----
Test: None
Time: 2023-06-21 23:10:17.153610
Request method: POST
Request URL: https://playground.learnqa.ru/api_dev/user/login
Request data: {'email': 'vinkotov@example.com', 'password': '1234'}
Request headers: {}
Request cookies: {}

Response code: 200
Response text: {"user_id":2}
Response headers: {'Date': 'Wed, 21 Jun 2023 20:10:17 GMT', 'Content-Type': 'application/json', 'Content-Length': '13', 'Connection': 'keep-alive', 'Keep-Alive': 'timeout=10', 'Server': 'Apache', 'Set-Cookie': 'auth_sid=b4ebae1f3d901eb86735a8cccdc1e83b02e94918f1549272bcf2cafc2634fd9d', 'x-csrf-token': 'c2f13afbc3805c93749c28e4ac18116fb1ca0d3b02e94918f1549272bcf2cafc2634fd9d', 'Cache-Control': 'max-age=0', 'Expires': 'Wed, 21 Jun 2023 20:10:17 GMT'}
Response cookies: {'auth_sid': 'b4ebae1f3d901eb86735a8cccdc1e83b02e94918f1549272bcf2cafc2634fd9d'}

-----

-----
Test: None
Time: 2023-06-21 23:10:17.435929
Request method: GET
Request URL: https://playground.learnqa.ru/api_dev/user/auth
Request data: None
Request headers: {'x-csrf-token': 'c2f13afbc3805c93749c28e4ac18116fb1ca0d3b02e94918f1549272bcf2cafc2634fd9d'}
Request cookies: {'auth_sid': 'b4ebae1f3d901eb86735a8cccdc1e83b02e94918f1549272bcf2cafc2634fd9d'}

Response code: 200
Response text: {"user_id":2}
Response headers: {'Date': 'Wed, 21 Jun 2023 20:10:17 GMT', 'Content-Type': 'application/json', 'Content-Length': '13', 'Connection': 'keep-alive', 'Keep-Alive': 'timeout=10', 'Server': 'Apache', 'Cache-Control': 'max-age=0', 'Expires': 'Wed, 21 Jun 2023 20:10:17 GMT'}
Response cookies: {}

-----

-----
Test: None
Time: 2023-06-21 23:10:17.656840
Request method: POST
Request URL: https://playground.learnqa.ru/api_dev/user/login
Request data: {'email': 'vinkotov@example.com', 'password': '1234'}
Request headers: {}
Request cookies: {}

Response code: 200
Response text: {"user_id":2}
Response headers: {'Date': 'Wed, 21 Jun 2023 20:10:17 GMT', 'Content-Type': 'application/json', 'Content-Length': '13', 'Connection': 'keep-alive', 'Keep-Alive': 'timeout=10', 'Server': 'Apache', 'Set-Cookie': 'auth_sid=a9a43b8b49dbb7a70577279992ccfe2f02e94918f1549272bcf2cafc2634fd9d', 'x-csrf-token': 'c9a7c29bbbe2d4d41866b39948e0a0225494c34402e94918f1549272bcf2cafc2634fd9d', 'Cache-Control': 'max-age=0', 'Expires': 'Wed, 21 Jun 2023 20:10:17 GMT'}
Response cookies: {'auth_sid': 'a9a43b8b49dbb7a70577279992ccfe2f02e94918f1549272bcf2cafc2634fd9d'}

-----

-----
Test: None
Time: 2023-06-21 23:10:17.781872
Request method: GET
Request URL: https://playground.learnqa.ru/api_dev/user/auth
Request data: None
Request headers: {'x-csrf-token': 'c9a7c29bbbe2d4d41866b39948e0a0225494c34402e94918f1549272bcf2cafc2634fd9d'}
Request cookies: {}

Response code: 200
Response text: {"user_id":0}
Response headers: {'Date': 'Wed, 21 Jun 2023 20:10:17 GMT', 'Content-Type': 'application/json', 'Content-Length': '13', 'Connection': 'keep-alive', 'Keep-Alive': 'timeout=10', 'Server': 'Apache', 'Cache-Control': 'max-age=0', 'Expires': 'Wed, 21 Jun 2023 20:10:17 GMT'}
Response cookies: {}

-----

-----
Test: None
Time: 2023-06-21 23:10:17.993599
Request method: POST
Request URL: https://playground.learnqa.ru/api_dev/user/login
Request data: {'email': 'vinkotov@example.com', 'password': '1234'}
Request headers: {}
Request cookies: {}

Response code: 200
Response text: {"user_id":2}
Response headers: {'Date': 'Wed, 21 Jun 2023 20:10:18 GMT', 'Content-Type': 'application/json', 'Content-Length': '13', 'Connection': 'keep-alive', 'Keep-Alive': 'timeout=10', 'Server': 'Apache', 'Set-Cookie': 'auth_sid=055f14a48f5633c09d1928d7bba38a3702e94918f1549272bcf2cafc2634fd9d', 'x-csrf-token': '45857cee65771b44a7e4e5d0776afd5b2721e17502e94918f1549272bcf2cafc2634fd9d', 'Cache-Control': 'max-age=0', 'Expires': 'Wed, 21 Jun 2023 20:10:17 GMT'}
Response cookies: {'auth_sid': '055f14a48f5633c09d1928d7bba38a3702e94918f1549272bcf2cafc2634fd9d'}

-----

-----
Test: None
Time: 2023-06-21 23:10:18.124080
Request method: GET
Request URL: https://playground.learnqa.ru/api_dev/user/auth
Request data: None
Request headers: {}
Request cookies: {'auth_sid': '055f14a48f5633c09d1928d7bba38a3702e94918f1549272bcf2cafc2634fd9d'}

Response code: 200
Response text: {"user_id":0}
Response headers: {'Date': 'Wed, 21 Jun 2023 20:10:18 GMT', 'Content-Type': 'application/json', 'Content-Length': '13', 'Connection': 'keep-alive', 'Keep-Alive': 'timeout=10', 'Server': 'Apache', 'Cache-Control': 'max-age=0', 'Expires': 'Wed, 21 Jun 2023 20:10:18 GMT'}
Response cookies: {}

-----

-----
Test: None
Time: 2023-06-21 23:10:18.393005
Request method: POST
Request URL: https://playground.learnqa.ru/api_dev/user/
Request data: {'password': '1234', 'username': 'learnqa', 'firstName': 'learnqa', 'lastName': 'learnqa', 'email': 'learnqa06212023231018@example.com'}
Request headers: {}
Request cookies: {}

Response code: 200
Response text: {"id":"74200"}
Response headers: {'Date': 'Wed, 21 Jun 2023 20:10:19 GMT', 'Content-Type': 'application/json', 'Content-Length': '14', 'Connection': 'keep-alive', 'Keep-Alive': 'timeout=10', 'Server': 'Apache', 'Cache-Control': 'max-age=0', 'Expires': 'Wed, 21 Jun 2023 20:10:18 GMT'}
Response cookies: {}

-----

-----
Test: None
Time: 2023-06-21 23:10:19.132053
Request method: POST
Request URL: https://playground.learnqa.ru/api_dev/user/login
Request data: {'email': 'learnqa06212023231018@example.com', 'password': '1234'}
Request headers: {}
Request cookies: {}

Response code: 200
Response text: {"user_id":74200}
Response headers: {'Date': 'Wed, 21 Jun 2023 20:10:19 GMT', 'Content-Type': 'application/json', 'Content-Length': '17', 'Connection': 'keep-alive', 'Keep-Alive': 'timeout=10', 'Server': 'Apache', 'Set-Cookie': 'auth_sid=1877aa09ba8ab5966f8abb5211bdd38f1432ffbc028260ae43fbe6f8109ec1aa', 'x-csrf-token': '8b706be6b9eb80b16f0f02b2e4a86247f0d437611432ffbc028260ae43fbe6f8109ec1aa', 'Cache-Control': 'max-age=0', 'Expires': 'Wed, 21 Jun 2023 20:10:19 GMT'}
Response cookies: {'auth_sid': '1877aa09ba8ab5966f8abb5211bdd38f1432ffbc028260ae43fbe6f8109ec1aa'}

-----

-----
Test: None
Time: 2023-06-21 23:10:19.274862
Request method: PUT
Request URL: https://playground.learnqa.ru/api_dev/user/74200
Request data: {'firstName': 'Changed name'}
Request headers: {'x-csrf-token': '8b706be6b9eb80b16f0f02b2e4a86247f0d437611432ffbc028260ae43fbe6f8109ec1aa'}
Request cookies: {'auth_sid': '1877aa09ba8ab5966f8abb5211bdd38f1432ffbc028260ae43fbe6f8109ec1aa'}

Response code: 200
Response text: 
Response headers: {'Date': 'Wed, 21 Jun 2023 20:10:19 GMT', 'Content-Type': 'text/html; charset=utf-8', 'Content-Length': '0', 'Connection': 'keep-alive', 'Keep-Alive': 'timeout=10', 'Server': 'Apache', 'Cache-Control': 'max-age=0', 'Expires': 'Wed, 21 Jun 2023 20:10:19 GMT'}
Response cookies: {}

-----

-----
Test: None
Time: 2023-06-21 23:10:19.995377
Request method: GET
Request URL: https://playground.learnqa.ru/api_dev/user/74200
Request data: None
Request headers: {'x-csrf-token': '8b706be6b9eb80b16f0f02b2e4a86247f0d437611432ffbc028260ae43fbe6f8109ec1aa'}
Request cookies: {'auth_sid': '1877aa09ba8ab5966f8abb5211bdd38f1432ffbc028260ae43fbe6f8109ec1aa'}

Response code: 200
Response text: {"id":"74200","username":"learnqa","email":"learnqa06212023231018@example.com","firstName":"Changed name","lastName":"learnqa"}
Response headers: {'Date': 'Wed, 21 Jun 2023 20:10:20 GMT', 'Content-Type': 'application/json', 'Transfer-Encoding': 'chunked', 'Connection': 'keep-alive', 'Keep-Alive': 'timeout=10', 'Vary': 'Accept-Encoding', 'Server': 'Apache', 'Cache-Control': 'max-age=0', 'Expires': 'Wed, 21 Jun 2023 20:10:20 GMT', 'Content-Encoding': 'gzip'}
Response cookies: {}

-----

-----
Test: None
Time: 2023-06-21 23:10:20.637734
Request method: GET
Request URL: https://playground.learnqa.ru/api_dev/user/2
Request data: None
Request headers: {}
Request cookies: {}

Response code: 200
Response text: {"username":"Vitaliy"}
Response headers: {'Date': 'Wed, 21 Jun 2023 20:10:21 GMT', 'Content-Type': 'application/json', 'Transfer-Encoding': 'chunked', 'Connection': 'keep-alive', 'Keep-Alive': 'timeout=10', 'Vary': 'Accept-Encoding', 'Server': 'Apache', 'Cache-Control': 'max-age=0', 'Expires': 'Wed, 21 Jun 2023 20:10:20 GMT', 'Content-Encoding': 'gzip'}
Response cookies: {}

-----

-----
Test: None
Time: 2023-06-21 23:10:21.418864
Request method: POST
Request URL: https://playground.learnqa.ru/api_dev/user/login
Request data: {'email': 'vinkotov@example.com', 'password': '1234'}
Request headers: {}
Request cookies: {}

Response code: 200
Response text: {"user_id":2}
Response headers: {'Date': 'Wed, 21 Jun 2023 20:10:21 GMT', 'Content-Type': 'application/json', 'Content-Length': '13', 'Connection': 'keep-alive', 'Keep-Alive': 'timeout=10', 'Server': 'Apache', 'Set-Cookie': 'auth_sid=a9fc0e56eda95ee1ee41ad666caf651c02e94918f1549272bcf2cafc2634fd9d', 'x-csrf-token': 'e468749352fdaffc895d81f26015778db39cc29b02e94918f1549272bcf2cafc2634fd9d', 'Cache-Control': 'max-age=0', 'Expires': 'Wed, 21 Jun 2023 20:10:21 GMT'}
Response cookies: {'auth_sid': 'a9fc0e56eda95ee1ee41ad666caf651c02e94918f1549272bcf2cafc2634fd9d'}

-----

-----
Test: None
Time: 2023-06-21 23:10:21.557829
Request method: GET
Request URL: https://playground.learnqa.ru/api_dev/user/2
Request data: None
Request headers: {'x-csrf-token': 'e468749352fdaffc895d81f26015778db39cc29b02e94918f1549272bcf2cafc2634fd9d'}
Request cookies: {'auth_sid': 'a9fc0e56eda95ee1ee41ad666caf651c02e94918f1549272bcf2cafc2634fd9d'}

Response code: 200
Response text: {"id":"2","username":"Vitaliy","email":"vinkotov@example.com","firstName":"Vitalii","lastName":"Kotov"}
Response headers: {'Date': 'Wed, 21 Jun 2023 20:10:22 GMT', 'Content-Type': 'application/json', 'Transfer-Encoding': 'chunked', 'Connection': 'keep-alive', 'Keep-Alive': 'timeout=10', 'Vary': 'Accept-Encoding', 'Server': 'Apache', 'Cache-Control': 'max-age=0', 'Expires': 'Wed, 21 Jun 2023 20:10:21 GMT', 'Content-Encoding': 'gzip'}
Response cookies: {}

-----

-----
Test: None
Time: 2023-06-21 23:10:22.281726
Request method: POST
Request URL: https://playground.learnqa.ru/api_dev/user/
Request data: {'password': '1234', 'username': 'learnqa', 'firstName': 'learnqa', 'lastName': 'learnqa', 'email': 'learnqa06212023231022@example.com'}
Request headers: {}
Request cookies: {}

Response code: 200
Response text: {"id":"74201"}
Response headers: {'Date': 'Wed, 21 Jun 2023 20:10:22 GMT', 'Content-Type': 'application/json', 'Content-Length': '14', 'Connection': 'keep-alive', 'Keep-Alive': 'timeout=10', 'Server': 'Apache', 'Cache-Control': 'max-age=0', 'Expires': 'Wed, 21 Jun 2023 20:10:22 GMT'}
Response cookies: {}

-----

-----
Test: None
Time: 2023-06-21 23:10:22.971397
Request method: POST
Request URL: https://playground.learnqa.ru/api_dev/user/
Request data: {'password': '1234', 'username': 'learnqa', 'firstName': 'learnqa', 'lastName': 'learnqa', 'email': 'vinkotov@example.com'}
Request headers: {}
Request cookies: {}

Response code: 400
Response text: Users with email 'vinkotov@example.com' already exists
Response headers: {'Date': 'Wed, 21 Jun 2023 20:10:23 GMT', 'Content-Type': 'text/html; charset=utf-8', 'Content-Length': '54', 'Connection': 'keep-alive', 'Keep-Alive': 'timeout=10', 'Server': 'Apache'}
Response cookies: {}

-----
