
-----
Test: None
Time: 2023-09-08 22:17:18.235432
Request method: POST
Request URL: https://playground.learnqa.ru/api_dev/user/login
Request data: {'email': 'vinkotov@example.com', 'password': '1234'}
Request headers: {}
Request cookies: {}

Response code: 200
Response text: {"user_id":2}
Response headers: {'Date': 'Fri, 08 Sep 2023 19:17:18 GMT', 'Content-Type': 'application/json', 'Content-Length': '13', 'Connection': 'keep-alive', 'Keep-Alive': 'timeout=10', 'Server': 'Apache', 'Set-Cookie': 'auth_sid=ed95c7a6d6cec41c604edb78a974105d02e94918f1549272bcf2cafc2634fd9d', 'x-csrf-token': '143666534d85fcb6f09047cd26212302a6c3ab2602e94918f1549272bcf2cafc2634fd9d', 'Cache-Control': 'max-age=0', 'Expires': 'Fri, 08 Sep 2023 19:17:18 GMT'}
Response cookies: {'auth_sid': 'ed95c7a6d6cec41c604edb78a974105d02e94918f1549272bcf2cafc2634fd9d'}

-----

-----
Test: None
Time: 2023-09-08 22:17:18.484853
Request method: GET
Request URL: https://playground.learnqa.ru/api_dev/user/auth
Request data: None
Request headers: {'x-csrf-token': '143666534d85fcb6f09047cd26212302a6c3ab2602e94918f1549272bcf2cafc2634fd9d'}
Request cookies: {'auth_sid': 'ed95c7a6d6cec41c604edb78a974105d02e94918f1549272bcf2cafc2634fd9d'}

Response code: 200
Response text: {"user_id":2}
Response headers: {'Date': 'Fri, 08 Sep 2023 19:17:18 GMT', 'Content-Type': 'application/json', 'Content-Length': '13', 'Connection': 'keep-alive', 'Keep-Alive': 'timeout=10', 'Server': 'Apache', 'Cache-Control': 'max-age=0', 'Expires': 'Fri, 08 Sep 2023 19:17:18 GMT'}
Response cookies: {}

-----

-----
Test: None
Time: 2023-09-08 22:17:18.776981
Request method: POST
Request URL: https://playground.learnqa.ru/api_dev/user/login
Request data: {'email': 'vinkotov@example.com', 'password': '1234'}
Request headers: {}
Request cookies: {}

Response code: 200
Response text: {"user_id":2}
Response headers: {'Date': 'Fri, 08 Sep 2023 19:17:18 GMT', 'Content-Type': 'application/json', 'Content-Length': '13', 'Connection': 'keep-alive', 'Keep-Alive': 'timeout=10', 'Server': 'Apache', 'Set-Cookie': 'auth_sid=75b9cbdc7609cd671fe4f14f8031590802e94918f1549272bcf2cafc2634fd9d', 'x-csrf-token': 'c1eec75f2ab8387298a359edacf0cf8a0e0fcd5b02e94918f1549272bcf2cafc2634fd9d', 'Cache-Control': 'max-age=0', 'Expires': 'Fri, 08 Sep 2023 19:17:18 GMT'}
Response cookies: {'auth_sid': '75b9cbdc7609cd671fe4f14f8031590802e94918f1549272bcf2cafc2634fd9d'}

-----

-----
Test: None
Time: 2023-09-08 22:17:18.948488
Request method: GET
Request URL: https://playground.learnqa.ru/api_dev/user/auth
Request data: None
Request headers: {'x-csrf-token': 'c1eec75f2ab8387298a359edacf0cf8a0e0fcd5b02e94918f1549272bcf2cafc2634fd9d'}
Request cookies: {}

Response code: 200
Response text: {"user_id":0}
Response headers: {'Date': 'Fri, 08 Sep 2023 19:17:19 GMT', 'Content-Type': 'application/json', 'Content-Length': '13', 'Connection': 'keep-alive', 'Keep-Alive': 'timeout=10', 'Server': 'Apache', 'Cache-Control': 'max-age=0', 'Expires': 'Fri, 08 Sep 2023 19:17:19 GMT'}
Response cookies: {}

-----

-----
Test: None
Time: 2023-09-08 22:17:19.190369
Request method: POST
Request URL: https://playground.learnqa.ru/api_dev/user/login
Request data: {'email': 'vinkotov@example.com', 'password': '1234'}
Request headers: {}
Request cookies: {}

Response code: 200
Response text: {"user_id":2}
Response headers: {'Date': 'Fri, 08 Sep 2023 19:17:19 GMT', 'Content-Type': 'application/json', 'Content-Length': '13', 'Connection': 'keep-alive', 'Keep-Alive': 'timeout=10', 'Server': 'Apache', 'Set-Cookie': 'auth_sid=62220c26b0a17aa8275b0b3e75451b0f02e94918f1549272bcf2cafc2634fd9d', 'x-csrf-token': '03f16c68e6bc5b2891e2d2020c4eaa505499a07702e94918f1549272bcf2cafc2634fd9d', 'Cache-Control': 'max-age=0', 'Expires': 'Fri, 08 Sep 2023 19:17:19 GMT'}
Response cookies: {'auth_sid': '62220c26b0a17aa8275b0b3e75451b0f02e94918f1549272bcf2cafc2634fd9d'}

-----

-----
Test: None
Time: 2023-09-08 22:17:19.359364
Request method: GET
Request URL: https://playground.learnqa.ru/api_dev/user/auth
Request data: None
Request headers: {}
Request cookies: {'auth_sid': '62220c26b0a17aa8275b0b3e75451b0f02e94918f1549272bcf2cafc2634fd9d'}

Response code: 200
Response text: {"user_id":0}
Response headers: {'Date': 'Fri, 08 Sep 2023 19:17:19 GMT', 'Content-Type': 'application/json', 'Content-Length': '13', 'Connection': 'keep-alive', 'Keep-Alive': 'timeout=10', 'Server': 'Apache', 'Cache-Control': 'max-age=0', 'Expires': 'Fri, 08 Sep 2023 19:17:19 GMT'}
Response cookies: {}

-----

-----
Test: None
Time: 2023-09-08 22:17:19.603694
Request method: POST
Request URL: https://playground.learnqa.ru/api_dev/user/
Request data: {'password': '1234', 'username': 'learnqa', 'firstName': 'learnqa', 'lastName': 'learnqa', 'email': 'learnqa09082023221719@example.com'}
Request headers: {}
Request cookies: {}

Response code: 200
Response text: {"id":"78916"}
Response headers: {'Date': 'Fri, 08 Sep 2023 19:17:20 GMT', 'Content-Type': 'application/json', 'Content-Length': '14', 'Connection': 'keep-alive', 'Keep-Alive': 'timeout=10', 'Server': 'Apache', 'Cache-Control': 'max-age=0', 'Expires': 'Fri, 08 Sep 2023 19:17:19 GMT'}
Response cookies: {}

-----

-----
Test: None
Time: 2023-09-08 22:17:20.260042
Request method: POST
Request URL: https://playground.learnqa.ru/api_dev/user/login
Request data: {'email': 'learnqa09082023221719@example.com', 'password': '1234'}
Request headers: {}
Request cookies: {}

Response code: 200
Response text: {"user_id":78916}
Response headers: {'Date': 'Fri, 08 Sep 2023 19:17:20 GMT', 'Content-Type': 'application/json', 'Content-Length': '17', 'Connection': 'keep-alive', 'Keep-Alive': 'timeout=10', 'Server': 'Apache', 'Set-Cookie': 'auth_sid=d4f810abc54ebb80b73e5078496edb27562ed9d562ed89c3e254ae9c52f09fb6', 'x-csrf-token': '0558f74b41de2b10f7a8d65bca1aa70d12827f55562ed9d562ed89c3e254ae9c52f09fb6', 'Cache-Control': 'max-age=0', 'Expires': 'Fri, 08 Sep 2023 19:17:20 GMT'}
Response cookies: {'auth_sid': 'd4f810abc54ebb80b73e5078496edb27562ed9d562ed89c3e254ae9c52f09fb6'}

-----

-----
Test: None
Time: 2023-09-08 22:17:20.410970
Request method: PUT
Request URL: https://playground.learnqa.ru/api_dev/user/78916
Request data: {'firstName': 'Changed name'}
Request headers: {'x-csrf-token': '0558f74b41de2b10f7a8d65bca1aa70d12827f55562ed9d562ed89c3e254ae9c52f09fb6'}
Request cookies: {'auth_sid': 'd4f810abc54ebb80b73e5078496edb27562ed9d562ed89c3e254ae9c52f09fb6'}

Response code: 200
Response text: 
Response headers: {'Date': 'Fri, 08 Sep 2023 19:17:21 GMT', 'Content-Type': 'text/html; charset=utf-8', 'Content-Length': '0', 'Connection': 'keep-alive', 'Keep-Alive': 'timeout=10', 'Server': 'Apache', 'Cache-Control': 'max-age=0', 'Expires': 'Fri, 08 Sep 2023 19:17:20 GMT'}
Response cookies: {}

-----

-----
Test: None
Time: 2023-09-08 22:17:21.147602
Request method: GET
Request URL: https://playground.learnqa.ru/api_dev/user/78916
Request data: None
Request headers: {'x-csrf-token': '0558f74b41de2b10f7a8d65bca1aa70d12827f55562ed9d562ed89c3e254ae9c52f09fb6'}
Request cookies: {'auth_sid': 'd4f810abc54ebb80b73e5078496edb27562ed9d562ed89c3e254ae9c52f09fb6'}

Response code: 200
Response text: {"id":"78916","username":"learnqa","email":"learnqa09082023221719@example.com","firstName":"Changed name","lastName":"learnqa"}
Response headers: {'Date': 'Fri, 08 Sep 2023 19:17:21 GMT', 'Content-Type': 'application/json', 'Transfer-Encoding': 'chunked', 'Connection': 'keep-alive', 'Keep-Alive': 'timeout=10', 'Vary': 'Accept-Encoding', 'Server': 'Apache', 'Cache-Control': 'max-age=0', 'Expires': 'Fri, 08 Sep 2023 19:17:21 GMT', 'Content-Encoding': 'gzip'}
Response cookies: {}

-----

-----
Test: None
Time: 2023-09-08 22:17:21.811651
Request method: POST
Request URL: https://playground.learnqa.ru/api_dev/user/
Request data: {'password': '1234', 'username': 'learnqa', 'firstName': 'learnqa', 'lastName': 'learnqa', 'email': 'learnqa09082023221721@example.com'}
Request headers: {}
Request cookies: {}

Response code: 200
Response text: {"id":"78917"}
Response headers: {'Date': 'Fri, 08 Sep 2023 19:17:22 GMT', 'Content-Type': 'application/json', 'Content-Length': '14', 'Connection': 'keep-alive', 'Keep-Alive': 'timeout=10', 'Server': 'Apache', 'Cache-Control': 'max-age=0', 'Expires': 'Fri, 08 Sep 2023 19:17:21 GMT'}
Response cookies: {}

-----

-----
Test: None
Time: 2023-09-08 22:17:22.446886
Request method: PUT
Request URL: https://playground.learnqa.ru/api_dev/user/78631
Request data: {'lastName': 'Changed last name'}
Request headers: {}
Request cookies: {}

Response code: 400
Response text: Auth token not supplied
Response headers: {'Date': 'Fri, 08 Sep 2023 19:17:23 GMT', 'Content-Type': 'text/html; charset=utf-8', 'Content-Length': '23', 'Connection': 'keep-alive', 'Keep-Alive': 'timeout=10', 'Server': 'Apache'}
Response cookies: {}

-----

-----
Test: None
Time: 2023-09-08 22:17:23.175579
Request method: POST
Request URL: https://playground.learnqa.ru/api_dev/user/login
Request data: {'email': 'learnqa09082023221721@example.com', 'password': '1234'}
Request headers: {}
Request cookies: {}

Response code: 200
Response text: {"user_id":78917}
Response headers: {'Date': 'Fri, 08 Sep 2023 19:17:23 GMT', 'Content-Type': 'application/json', 'Content-Length': '17', 'Connection': 'keep-alive', 'Keep-Alive': 'timeout=10', 'Server': 'Apache', 'Set-Cookie': 'auth_sid=4377770c05386eccaa22670c062722070ea3430d5d91bc8cedcc0c6a6751dc51', 'x-csrf-token': 'a06409fe3b7a4cf3f4b934bfb8839af1c15b07730ea3430d5d91bc8cedcc0c6a6751dc51', 'Cache-Control': 'max-age=0', 'Expires': 'Fri, 08 Sep 2023 19:17:23 GMT'}
Response cookies: {'auth_sid': '4377770c05386eccaa22670c062722070ea3430d5d91bc8cedcc0c6a6751dc51'}

-----

-----
Test: None
Time: 2023-09-08 22:17:23.396568
Request method: GET
Request URL: https://playground.learnqa.ru/api_dev/user/78917
Request data: None
Request headers: {'x-csrf-token': 'a06409fe3b7a4cf3f4b934bfb8839af1c15b07730ea3430d5d91bc8cedcc0c6a6751dc51'}
Request cookies: {'auth_sid': '4377770c05386eccaa22670c062722070ea3430d5d91bc8cedcc0c6a6751dc51'}

Response code: 200
Response text: {"id":"78917","username":"learnqa","email":"learnqa09082023221721@example.com","firstName":"learnqa","lastName":"learnqa"}
Response headers: {'Date': 'Fri, 08 Sep 2023 19:17:24 GMT', 'Content-Type': 'application/json', 'Transfer-Encoding': 'chunked', 'Connection': 'keep-alive', 'Keep-Alive': 'timeout=10', 'Vary': 'Accept-Encoding', 'Server': 'Apache', 'Cache-Control': 'max-age=0', 'Expires': 'Fri, 08 Sep 2023 19:17:23 GMT', 'Content-Encoding': 'gzip'}
Response cookies: {}

-----

-----
Test: None
Time: 2023-09-08 22:17:24.135951
Request method: POST
Request URL: https://playground.learnqa.ru/api_dev/user/
Request data: {'password': '1234', 'username': 'learnqa', 'firstName': 'learnqa', 'lastName': 'learnqa', 'email': 'DPGAmjdeO@example.com'}
Request headers: {}
Request cookies: {}

Response code: 200
Response text: {"id":"78918"}
Response headers: {'Date': 'Fri, 08 Sep 2023 19:17:24 GMT', 'Content-Type': 'application/json', 'Content-Length': '14', 'Connection': 'keep-alive', 'Keep-Alive': 'timeout=10', 'Server': 'Apache', 'Cache-Control': 'max-age=0', 'Expires': 'Fri, 08 Sep 2023 19:17:24 GMT'}
Response cookies: {}

-----

-----
Test: None
Time: 2023-09-08 22:17:24.828856
Request method: POST
Request URL: https://playground.learnqa.ru/api_dev/user/
Request data: {'password': '1234', 'username': 'learnqa', 'firstName': 'learnqa', 'lastName': 'learnqa', 'email': 'piSejVRDGF@example.com'}
Request headers: {}
Request cookies: {}

Response code: 200
Response text: {"id":"78919"}
Response headers: {'Date': 'Fri, 08 Sep 2023 19:17:25 GMT', 'Content-Type': 'application/json', 'Content-Length': '14', 'Connection': 'keep-alive', 'Keep-Alive': 'timeout=10', 'Server': 'Apache', 'Cache-Control': 'max-age=0', 'Expires': 'Fri, 08 Sep 2023 19:17:24 GMT'}
Response cookies: {}

-----

-----
Test: None
Time: 2023-09-08 22:17:25.471484
Request method: POST
Request URL: https://playground.learnqa.ru/api_dev/user/login
Request data: {'email': 'piSejVRDGF@example.com', 'password': '1234'}
Request headers: {}
Request cookies: {}

Response code: 200
Response text: {"user_id":78919}
Response headers: {'Date': 'Fri, 08 Sep 2023 19:17:25 GMT', 'Content-Type': 'application/json', 'Content-Length': '17', 'Connection': 'keep-alive', 'Keep-Alive': 'timeout=10', 'Server': 'Apache', 'Set-Cookie': 'auth_sid=0c1a60140e4b1e9120f12b130e90bebb87de4ca3d0dbc47a8282d9b4d06c96ac', 'x-csrf-token': '2bfba5a85e526b00a7a246420c0aaa37362614aa87de4ca3d0dbc47a8282d9b4d06c96ac', 'Cache-Control': 'max-age=0', 'Expires': 'Fri, 08 Sep 2023 19:17:25 GMT'}
Response cookies: {'auth_sid': '0c1a60140e4b1e9120f12b130e90bebb87de4ca3d0dbc47a8282d9b4d06c96ac'}

-----

-----
Test: None
Time: 2023-09-08 22:17:25.617695
Request method: PUT
Request URL: https://playground.learnqa.ru/api_dev/user/78918
Request data: {'firstName': 'Test name'}
Request headers: {'x-csrf-token': '2bfba5a85e526b00a7a246420c0aaa37362614aa87de4ca3d0dbc47a8282d9b4d06c96ac'}
Request cookies: {'auth_sid': '0c1a60140e4b1e9120f12b130e90bebb87de4ca3d0dbc47a8282d9b4d06c96ac'}

Response code: 200
Response text: 
Response headers: {'Date': 'Fri, 08 Sep 2023 19:17:26 GMT', 'Content-Type': 'text/html; charset=utf-8', 'Content-Length': '0', 'Connection': 'keep-alive', 'Keep-Alive': 'timeout=10', 'Server': 'Apache', 'Cache-Control': 'max-age=0', 'Expires': 'Fri, 08 Sep 2023 19:17:25 GMT'}
Response cookies: {}

-----

-----
Test: None
Time: 2023-09-08 22:17:26.351146
Request method: POST
Request URL: https://playground.learnqa.ru/api_dev/user/login
Request data: {'email': 'DPGAmjdeO@example.com', 'password': '1234'}
Request headers: {}
Request cookies: {}

Response code: 200
Response text: {"user_id":78918}
Response headers: {'Date': 'Fri, 08 Sep 2023 19:17:26 GMT', 'Content-Type': 'application/json', 'Content-Length': '17', 'Connection': 'keep-alive', 'Keep-Alive': 'timeout=10', 'Server': 'Apache', 'Set-Cookie': 'auth_sid=d7db8d8c4951dea645d48b58b5d077f39825e1d96319afa286752bfde4ddd223', 'x-csrf-token': '0b262e2063492a4c4e81df423649ce398f0928c79825e1d96319afa286752bfde4ddd223', 'Cache-Control': 'max-age=0', 'Expires': 'Fri, 08 Sep 2023 19:17:26 GMT'}
Response cookies: {'auth_sid': 'd7db8d8c4951dea645d48b58b5d077f39825e1d96319afa286752bfde4ddd223'}

-----

-----
Test: None
Time: 2023-09-08 22:17:26.502380
Request method: GET
Request URL: https://playground.learnqa.ru/api_dev/user/78918
Request data: None
Request headers: {'x-csrf-token': '0b262e2063492a4c4e81df423649ce398f0928c79825e1d96319afa286752bfde4ddd223'}
Request cookies: {'auth_sid': 'd7db8d8c4951dea645d48b58b5d077f39825e1d96319afa286752bfde4ddd223'}

Response code: 200
Response text: {"id":"78918","username":"learnqa","email":"DPGAmjdeO@example.com","firstName":"learnqa","lastName":"learnqa"}
Response headers: {'Date': 'Fri, 08 Sep 2023 19:17:27 GMT', 'Content-Type': 'application/json', 'Transfer-Encoding': 'chunked', 'Connection': 'keep-alive', 'Keep-Alive': 'timeout=10', 'Vary': 'Accept-Encoding', 'Server': 'Apache', 'Cache-Control': 'max-age=0', 'Expires': 'Fri, 08 Sep 2023 19:17:26 GMT', 'Content-Encoding': 'gzip'}
Response cookies: {}

-----

-----
Test: None
Time: 2023-09-08 22:17:27.280262
Request method: POST
Request URL: https://playground.learnqa.ru/api_dev/user/
Request data: {'password': '1234', 'username': 'learnqa', 'firstName': 'learnqa', 'lastName': 'learnqa', 'email': 'learnqa09082023221727@example.com'}
Request headers: {}
Request cookies: {}

Response code: 200
Response text: {"id":"78920"}
Response headers: {'Date': 'Fri, 08 Sep 2023 19:17:27 GMT', 'Content-Type': 'application/json', 'Content-Length': '14', 'Connection': 'keep-alive', 'Keep-Alive': 'timeout=10', 'Server': 'Apache', 'Cache-Control': 'max-age=0', 'Expires': 'Fri, 08 Sep 2023 19:17:27 GMT'}
Response cookies: {}

-----

-----
Test: None
Time: 2023-09-08 22:17:27.940427
Request method: POST
Request URL: https://playground.learnqa.ru/api_dev/user/login
Request data: {'email': 'learnqa09082023221727@example.com', 'password': '1234'}
Request headers: {}
Request cookies: {}

Response code: 200
Response text: {"user_id":78920}
Response headers: {'Date': 'Fri, 08 Sep 2023 19:17:28 GMT', 'Content-Type': 'application/json', 'Content-Length': '17', 'Connection': 'keep-alive', 'Keep-Alive': 'timeout=10', 'Server': 'Apache', 'Set-Cookie': 'auth_sid=5cc5210e258569629eeac33869f12dfb6b2ab4ad41ecec6318a49635b122ff87', 'x-csrf-token': '2733e577a57df6e42290200a42fc371c7f2232e36b2ab4ad41ecec6318a49635b122ff87', 'Cache-Control': 'max-age=0', 'Expires': 'Fri, 08 Sep 2023 19:17:28 GMT'}
Response cookies: {'auth_sid': '5cc5210e258569629eeac33869f12dfb6b2ab4ad41ecec6318a49635b122ff87'}

-----

-----
Test: None
Time: 2023-09-08 22:17:28.128516
Request method: PUT
Request URL: https://playground.learnqa.ru/api_dev/user/78920
Request data: {'email': 'testexample.com'}
Request headers: {'x-csrf-token': '2733e577a57df6e42290200a42fc371c7f2232e36b2ab4ad41ecec6318a49635b122ff87'}
Request cookies: {'auth_sid': '5cc5210e258569629eeac33869f12dfb6b2ab4ad41ecec6318a49635b122ff87'}

Response code: 400
Response text: Invalid email format
Response headers: {'Date': 'Fri, 08 Sep 2023 19:17:28 GMT', 'Content-Type': 'text/html; charset=utf-8', 'Content-Length': '20', 'Connection': 'keep-alive', 'Keep-Alive': 'timeout=10', 'Server': 'Apache'}
Response cookies: {}

-----

-----
Test: None
Time: 2023-09-08 22:17:28.862198
Request method: GET
Request URL: https://playground.learnqa.ru/api_dev/user/78920
Request data: None
Request headers: {'x-csrf-token': '2733e577a57df6e42290200a42fc371c7f2232e36b2ab4ad41ecec6318a49635b122ff87'}
Request cookies: {'auth_sid': '5cc5210e258569629eeac33869f12dfb6b2ab4ad41ecec6318a49635b122ff87'}

Response code: 200
Response text: {"id":"78920","username":"learnqa","email":"learnqa09082023221727@example.com","firstName":"learnqa","lastName":"learnqa"}
Response headers: {'Date': 'Fri, 08 Sep 2023 19:17:29 GMT', 'Content-Type': 'application/json', 'Transfer-Encoding': 'chunked', 'Connection': 'keep-alive', 'Keep-Alive': 'timeout=10', 'Vary': 'Accept-Encoding', 'Server': 'Apache', 'Cache-Control': 'max-age=0', 'Expires': 'Fri, 08 Sep 2023 19:17:29 GMT', 'Content-Encoding': 'gzip'}
Response cookies: {}

-----

-----
Test: None
Time: 2023-09-08 22:17:29.502663
Request method: POST
Request URL: https://playground.learnqa.ru/api_dev/user/
Request data: {'password': '1234', 'username': 'learnqa', 'firstName': 'learnqa', 'lastName': 'learnqa', 'email': 'learnqa09082023221729@example.com'}
Request headers: {}
Request cookies: {}

Response code: 200
Response text: {"id":"78921"}
Response headers: {'Date': 'Fri, 08 Sep 2023 19:17:30 GMT', 'Content-Type': 'application/json', 'Content-Length': '14', 'Connection': 'keep-alive', 'Keep-Alive': 'timeout=10', 'Server': 'Apache', 'Cache-Control': 'max-age=0', 'Expires': 'Fri, 08 Sep 2023 19:17:29 GMT'}
Response cookies: {}

-----

-----
Test: None
Time: 2023-09-08 22:17:30.145202
Request method: POST
Request URL: https://playground.learnqa.ru/api_dev/user/login
Request data: {'email': 'learnqa09082023221729@example.com', 'password': '1234'}
Request headers: {}
Request cookies: {}

Response code: 200
Response text: {"user_id":78921}
Response headers: {'Date': 'Fri, 08 Sep 2023 19:17:30 GMT', 'Content-Type': 'application/json', 'Content-Length': '17', 'Connection': 'keep-alive', 'Keep-Alive': 'timeout=10', 'Server': 'Apache', 'Set-Cookie': 'auth_sid=2401ab398b5e8bf07d449f2fba6e64f8adea0aaca07f8702ab833a7e02a8d4d0', 'x-csrf-token': 'b856207add86d5fa19cc84f038d276ca67929585adea0aaca07f8702ab833a7e02a8d4d0', 'Cache-Control': 'max-age=0', 'Expires': 'Fri, 08 Sep 2023 19:17:30 GMT'}
Response cookies: {'auth_sid': '2401ab398b5e8bf07d449f2fba6e64f8adea0aaca07f8702ab833a7e02a8d4d0'}

-----

-----
Test: None
Time: 2023-09-08 22:17:30.277877
Request method: PUT
Request URL: https://playground.learnqa.ru/api_dev/user/78921
Request data: {'firstName': 'x'}
Request headers: {'x-csrf-token': 'b856207add86d5fa19cc84f038d276ca67929585adea0aaca07f8702ab833a7e02a8d4d0'}
Request cookies: {'auth_sid': '2401ab398b5e8bf07d449f2fba6e64f8adea0aaca07f8702ab833a7e02a8d4d0'}

Response code: 400
Response text: {"error":"Too short value for field firstName"}
Response headers: {'Date': 'Fri, 08 Sep 2023 19:17:31 GMT', 'Content-Type': 'application/json', 'Content-Length': '47', 'Connection': 'keep-alive', 'Keep-Alive': 'timeout=10', 'Server': 'Apache'}
Response cookies: {}

-----

-----
Test: None
Time: 2023-09-08 22:17:30.996653
Request method: GET
Request URL: https://playground.learnqa.ru/api_dev/user/78921
Request data: None
Request headers: {'x-csrf-token': 'b856207add86d5fa19cc84f038d276ca67929585adea0aaca07f8702ab833a7e02a8d4d0'}
Request cookies: {'auth_sid': '2401ab398b5e8bf07d449f2fba6e64f8adea0aaca07f8702ab833a7e02a8d4d0'}

Response code: 200
Response text: {"id":"78921","username":"learnqa","email":"learnqa09082023221729@example.com","firstName":"learnqa","lastName":"learnqa"}
Response headers: {'Date': 'Fri, 08 Sep 2023 19:17:31 GMT', 'Content-Type': 'application/json', 'Transfer-Encoding': 'chunked', 'Connection': 'keep-alive', 'Keep-Alive': 'timeout=10', 'Vary': 'Accept-Encoding', 'Server': 'Apache', 'Cache-Control': 'max-age=0', 'Expires': 'Fri, 08 Sep 2023 19:17:31 GMT', 'Content-Encoding': 'gzip'}
Response cookies: {}

-----

-----
Test: None
Time: 2023-09-08 22:17:31.679512
Request method: GET
Request URL: https://playground.learnqa.ru/api_dev/user/2
Request data: None
Request headers: {}
Request cookies: {}

Response code: 200
Response text: {"username":"Vitaliy"}
Response headers: {'Date': 'Fri, 08 Sep 2023 19:17:32 GMT', 'Content-Type': 'application/json', 'Transfer-Encoding': 'chunked', 'Connection': 'keep-alive', 'Keep-Alive': 'timeout=10', 'Vary': 'Accept-Encoding', 'Server': 'Apache', 'Cache-Control': 'max-age=0', 'Expires': 'Fri, 08 Sep 2023 19:17:31 GMT', 'Content-Encoding': 'gzip'}
Response cookies: {}

-----

-----
Test: None
Time: 2023-09-08 22:17:32.413832
Request method: POST
Request URL: https://playground.learnqa.ru/api_dev/user/login
Request data: {'email': 'vinkotov@example.com', 'password': '1234'}
Request headers: {}
Request cookies: {}

Response code: 200
Response text: {"user_id":2}
Response headers: {'Date': 'Fri, 08 Sep 2023 19:17:32 GMT', 'Content-Type': 'application/json', 'Content-Length': '13', 'Connection': 'keep-alive', 'Keep-Alive': 'timeout=10', 'Server': 'Apache', 'Set-Cookie': 'auth_sid=046bcac18c534241ca2cd0f8efe8a3c202e94918f1549272bcf2cafc2634fd9d', 'x-csrf-token': '01f933de1eb845d627052810cc31e1e20ce6ce8402e94918f1549272bcf2cafc2634fd9d', 'Cache-Control': 'max-age=0', 'Expires': 'Fri, 08 Sep 2023 19:17:32 GMT'}
Response cookies: {'auth_sid': '046bcac18c534241ca2cd0f8efe8a3c202e94918f1549272bcf2cafc2634fd9d'}

-----

-----
Test: None
Time: 2023-09-08 22:17:32.547745
Request method: GET
Request URL: https://playground.learnqa.ru/api_dev/user/2
Request data: None
Request headers: {'x-csrf-token': '01f933de1eb845d627052810cc31e1e20ce6ce8402e94918f1549272bcf2cafc2634fd9d'}
Request cookies: {'auth_sid': '046bcac18c534241ca2cd0f8efe8a3c202e94918f1549272bcf2cafc2634fd9d'}

Response code: 200
Response text: {"id":"2","username":"Vitaliy","email":"vinkotov@example.com","firstName":"Vitalii","lastName":"Kotov"}
Response headers: {'Date': 'Fri, 08 Sep 2023 19:17:33 GMT', 'Content-Type': 'application/json', 'Transfer-Encoding': 'chunked', 'Connection': 'keep-alive', 'Keep-Alive': 'timeout=10', 'Vary': 'Accept-Encoding', 'Server': 'Apache', 'Cache-Control': 'max-age=0', 'Expires': 'Fri, 08 Sep 2023 19:17:32 GMT', 'Content-Encoding': 'gzip'}
Response cookies: {}

-----

-----
Test: None
Time: 2023-09-08 22:17:33.302162
Request method: POST
Request URL: https://playground.learnqa.ru/api_dev/user/login
Request data: {'email': 'vinkotov@example.com', 'password': '1234'}
Request headers: {}
Request cookies: {}

Response code: 200
Response text: {"user_id":2}
Response headers: {'Date': 'Fri, 08 Sep 2023 19:17:33 GMT', 'Content-Type': 'application/json', 'Content-Length': '13', 'Connection': 'keep-alive', 'Keep-Alive': 'timeout=10', 'Server': 'Apache', 'Set-Cookie': 'auth_sid=658e60e728a71b1489c3bc552246b51702e94918f1549272bcf2cafc2634fd9d', 'x-csrf-token': 'b925bd53ffda905fab50b3e6908b89984455525102e94918f1549272bcf2cafc2634fd9d', 'Cache-Control': 'max-age=0', 'Expires': 'Fri, 08 Sep 2023 19:17:33 GMT'}
Response cookies: {'auth_sid': '658e60e728a71b1489c3bc552246b51702e94918f1549272bcf2cafc2634fd9d'}

-----

-----
Test: None
Time: 2023-09-08 22:17:33.475282
Request method: GET
Request URL: https://playground.learnqa.ru/api_dev/user/1
Request data: None
Request headers: {'x-csrf-token': 'b925bd53ffda905fab50b3e6908b89984455525102e94918f1549272bcf2cafc2634fd9d'}
Request cookies: {'auth_sid': '658e60e728a71b1489c3bc552246b51702e94918f1549272bcf2cafc2634fd9d'}

Response code: 200
Response text: {"username":"Lana"}
Response headers: {'Date': 'Fri, 08 Sep 2023 19:17:34 GMT', 'Content-Type': 'application/json', 'Content-Length': '19', 'Connection': 'keep-alive', 'Keep-Alive': 'timeout=10', 'Server': 'Apache', 'Cache-Control': 'max-age=0', 'Expires': 'Fri, 08 Sep 2023 19:17:33 GMT'}
Response cookies: {}

-----

-----
Test: None
Time: 2023-09-08 22:17:34.265022
Request method: POST
Request URL: https://playground.learnqa.ru/api_dev/user/
Request data: {'password': '1234', 'username': 'learnqa', 'firstName': 'learnqa', 'lastName': 'learnqa', 'email': 'learnqa09082023221734@example.com'}
Request headers: {}
Request cookies: {}

Response code: 200
Response text: {"id":"78922"}
Response headers: {'Date': 'Fri, 08 Sep 2023 19:17:34 GMT', 'Content-Type': 'application/json', 'Content-Length': '14', 'Connection': 'keep-alive', 'Keep-Alive': 'timeout=10', 'Server': 'Apache', 'Cache-Control': 'max-age=0', 'Expires': 'Fri, 08 Sep 2023 19:17:34 GMT'}
Response cookies: {}

-----

-----
Test: None
Time: 2023-09-08 22:17:34.963032
Request method: POST
Request URL: https://playground.learnqa.ru/api_dev/user/
Request data: {'password': '1234', 'username': 'learnqa', 'firstName': 'learnqa', 'lastName': 'learnqa', 'email': 'vinkotov@example.com'}
Request headers: {}
Request cookies: {}

Response code: 400
Response text: Users with email 'vinkotov@example.com' already exists
Response headers: {'Date': 'Fri, 08 Sep 2023 19:17:35 GMT', 'Content-Type': 'text/html; charset=utf-8', 'Content-Length': '54', 'Connection': 'keep-alive', 'Keep-Alive': 'timeout=10', 'Server': 'Apache'}
Response cookies: {}

-----

-----
Test: None
Time: 2023-09-08 22:17:35.657187
Request method: POST
Request URL: https://playground.learnqa.ru/api_dev/user/
Request data: {'password': '1234', 'username': 'learnqa', 'firstName': 'learnqa', 'lastName': 'learnqa', 'email': 'testexample.com'}
Request headers: {}
Request cookies: {}

Response code: 400
Response text: Invalid email format
Response headers: {'Date': 'Fri, 08 Sep 2023 19:17:36 GMT', 'Content-Type': 'text/html; charset=utf-8', 'Content-Length': '20', 'Connection': 'keep-alive', 'Keep-Alive': 'timeout=10', 'Server': 'Apache'}
Response cookies: {}

-----

-----
Test: None
Time: 2023-09-08 22:17:36.297160
Request method: POST
Request URL: https://playground.learnqa.ru/api_dev/user/
Request data: {'password': None, 'username': 'bot', 'firstName': 'bot_fname', 'lastName': 'bot_lname', 'email': 'bot@example.com'}
Request headers: {}
Request cookies: {}

Response code: 400
Response text: The following required params are missed: password
Response headers: {'Date': 'Fri, 08 Sep 2023 19:17:36 GMT', 'Content-Type': 'text/html; charset=utf-8', 'Content-Length': '50', 'Connection': 'keep-alive', 'Keep-Alive': 'timeout=10', 'Server': 'Apache'}
Response cookies: {}

-----

-----
Test: None
Time: 2023-09-08 22:17:36.943483
Request method: POST
Request URL: https://playground.learnqa.ru/api_dev/user/
Request data: {'password': '1234', 'username': None, 'firstName': 'bot_fname', 'lastName': 'bot_lname', 'email': 'bot@example.com'}
Request headers: {}
Request cookies: {}

Response code: 400
Response text: The following required params are missed: username
Response headers: {'Date': 'Fri, 08 Sep 2023 19:17:37 GMT', 'Content-Type': 'text/html; charset=utf-8', 'Content-Length': '50', 'Connection': 'keep-alive', 'Keep-Alive': 'timeout=10', 'Server': 'Apache'}
Response cookies: {}

-----

-----
Test: None
Time: 2023-09-08 22:17:37.635091
Request method: POST
Request URL: https://playground.learnqa.ru/api_dev/user/
Request data: {'password': '1234', 'username': 'bot', 'firstName': None, 'lastName': 'bot_lname', 'email': 'bot@example.com'}
Request headers: {}
Request cookies: {}

Response code: 400
Response text: The following required params are missed: firstName
Response headers: {'Date': 'Fri, 08 Sep 2023 19:17:38 GMT', 'Content-Type': 'text/html; charset=utf-8', 'Content-Length': '51', 'Connection': 'keep-alive', 'Keep-Alive': 'timeout=10', 'Server': 'Apache'}
Response cookies: {}

-----

-----
Test: None
Time: 2023-09-08 22:17:38.271399
Request method: POST
Request URL: https://playground.learnqa.ru/api_dev/user/
Request data: {'password': '1234', 'username': 'bot', 'firstName': 'bot_fname', 'lastName': None, 'email': 'bot@example.com'}
Request headers: {}
Request cookies: {}

Response code: 400
Response text: The following required params are missed: lastName
Response headers: {'Date': 'Fri, 08 Sep 2023 19:17:38 GMT', 'Content-Type': 'text/html; charset=utf-8', 'Content-Length': '50', 'Connection': 'keep-alive', 'Keep-Alive': 'timeout=10', 'Server': 'Apache'}
Response cookies: {}

-----

-----
Test: None
Time: 2023-09-08 22:17:38.981412
Request method: POST
Request URL: https://playground.learnqa.ru/api_dev/user/
Request data: {'password': '1234', 'username': 'bot', 'firstName': 'bot_fname', 'lastName': 'bot_lname', 'email': None}
Request headers: {}
Request cookies: {}

Response code: 400
Response text: The following required params are missed: email
Response headers: {'Date': 'Fri, 08 Sep 2023 19:17:39 GMT', 'Content-Type': 'text/html; charset=utf-8', 'Content-Length': '47', 'Connection': 'keep-alive', 'Keep-Alive': 'timeout=10', 'Server': 'Apache'}
Response cookies: {}

-----

-----
Test: None
Time: 2023-09-08 22:17:39.656446
Request method: POST
Request URL: https://playground.learnqa.ru/api_dev/user/
Request data: {'password': '1234', 'username': 'learnqa', 'firstName': 'x', 'lastName': 'learnqa', 'email': 'learnqa09082023221739@example.com'}
Request headers: {}
Request cookies: {}

Response code: 400
Response text: The value of 'firstName' field is too short
Response headers: {'Date': 'Fri, 08 Sep 2023 19:17:40 GMT', 'Content-Type': 'text/html; charset=utf-8', 'Content-Length': '43', 'Connection': 'keep-alive', 'Keep-Alive': 'timeout=10', 'Server': 'Apache'}
Response cookies: {}

-----

-----
Test: None
Time: 2023-09-08 22:17:40.328943
Request method: POST
Request URL: https://playground.learnqa.ru/api_dev/user/
Request data: {'password': '1234', 'username': 'learnqa', 'firstName': 'rExJrFvnLQvLcVtZmkkfNjGPKjGsGHqAGQXAraXofUwjcreNzGPXFykixdaGyNFzNrpyuKxtBMeOrXoRlKgdpfbXsKsRXPIPJWKBIwfUlolAySVVoQkisuIMgaJayljZKfBBGOOCBLhAXIkhlFBFzwshvmqgGBHzrdaJAtxILefUMsekjgmTDWlHlQzRJuUQKuqsbZPVKcMukVIuHNQZHFakhTTgxcCgbgZXmuXwxTLnXepSyYxbtOsXzoe', 'lastName': 'learnqa', 'email': 'learnqa09082023221740@example.com'}
Request headers: {}
Request cookies: {}

Response code: 400
Response text: The value of 'firstName' field is too long
Response headers: {'Date': 'Fri, 08 Sep 2023 19:17:41 GMT', 'Content-Type': 'text/html; charset=utf-8', 'Content-Length': '42', 'Connection': 'keep-alive', 'Keep-Alive': 'timeout=10', 'Server': 'Apache'}
Response cookies: {}

-----
