
-----
Test: None
Time: 2023-09-08 21:37:07.816961
Request method: POST
Request URL: https://playground.learnqa.ru/api_dev/user/login
Request data: {'email': 'vinkotov@example.com', 'password': '1234'}
Request headers: {}
Request cookies: {}

Response code: 200
Response text: {"user_id":2}
Response headers: {'Date': 'Fri, 08 Sep 2023 18:37:08 GMT', 'Content-Type': 'application/json', 'Content-Length': '13', 'Connection': 'keep-alive', 'Keep-Alive': 'timeout=10', 'Server': 'Apache', 'Set-Cookie': 'auth_sid=e2b11e9ec5c6857f8574a6ad65cfb6c702e94918f1549272bcf2cafc2634fd9d', 'x-csrf-token': '86320b178b5abeb0e23fce67dbbf0af244a4aafa02e94918f1549272bcf2cafc2634fd9d', 'Cache-Control': 'max-age=0', 'Expires': 'Fri, 08 Sep 2023 18:37:08 GMT'}
Response cookies: {'auth_sid': 'e2b11e9ec5c6857f8574a6ad65cfb6c702e94918f1549272bcf2cafc2634fd9d'}

-----

-----
Test: None
Time: 2023-09-08 21:37:08.090573
Request method: GET
Request URL: https://playground.learnqa.ru/api_dev/user/auth
Request data: None
Request headers: {'x-csrf-token': '86320b178b5abeb0e23fce67dbbf0af244a4aafa02e94918f1549272bcf2cafc2634fd9d'}
Request cookies: {'auth_sid': 'e2b11e9ec5c6857f8574a6ad65cfb6c702e94918f1549272bcf2cafc2634fd9d'}

Response code: 200
Response text: {"user_id":2}
Response headers: {'Date': 'Fri, 08 Sep 2023 18:37:08 GMT', 'Content-Type': 'application/json', 'Content-Length': '13', 'Connection': 'keep-alive', 'Keep-Alive': 'timeout=10', 'Server': 'Apache', 'Cache-Control': 'max-age=0', 'Expires': 'Fri, 08 Sep 2023 18:37:08 GMT'}
Response cookies: {}

-----

-----
Test: None
Time: 2023-09-08 21:37:08.415730
Request method: POST
Request URL: https://playground.learnqa.ru/api_dev/user/login
Request data: {'email': 'vinkotov@example.com', 'password': '1234'}
Request headers: {}
Request cookies: {}

Response code: 200
Response text: {"user_id":2}
Response headers: {'Date': 'Fri, 08 Sep 2023 18:37:08 GMT', 'Content-Type': 'application/json', 'Content-Length': '13', 'Connection': 'keep-alive', 'Keep-Alive': 'timeout=10', 'Server': 'Apache', 'Set-Cookie': 'auth_sid=15dd6800902428aa515f79d4a91efec902e94918f1549272bcf2cafc2634fd9d', 'x-csrf-token': 'c820146e8979830c40dbd46931c2c11e3ffef70102e94918f1549272bcf2cafc2634fd9d', 'Cache-Control': 'max-age=0', 'Expires': 'Fri, 08 Sep 2023 18:37:08 GMT'}
Response cookies: {'auth_sid': '15dd6800902428aa515f79d4a91efec902e94918f1549272bcf2cafc2634fd9d'}

-----

-----
Test: None
Time: 2023-09-08 21:37:08.629680
Request method: GET
Request URL: https://playground.learnqa.ru/api_dev/user/auth
Request data: None
Request headers: {'x-csrf-token': 'c820146e8979830c40dbd46931c2c11e3ffef70102e94918f1549272bcf2cafc2634fd9d'}
Request cookies: {}

Response code: 200
Response text: {"user_id":0}
Response headers: {'Date': 'Fri, 08 Sep 2023 18:37:08 GMT', 'Content-Type': 'application/json', 'Content-Length': '13', 'Connection': 'keep-alive', 'Keep-Alive': 'timeout=10', 'Server': 'Apache', 'Cache-Control': 'max-age=0', 'Expires': 'Fri, 08 Sep 2023 18:37:08 GMT'}
Response cookies: {}

-----

-----
Test: None
Time: 2023-09-08 21:37:08.911816
Request method: POST
Request URL: https://playground.learnqa.ru/api_dev/user/login
Request data: {'email': 'vinkotov@example.com', 'password': '1234'}
Request headers: {}
Request cookies: {}

Response code: 200
Response text: {"user_id":2}
Response headers: {'Date': 'Fri, 08 Sep 2023 18:37:09 GMT', 'Content-Type': 'application/json', 'Content-Length': '13', 'Connection': 'keep-alive', 'Keep-Alive': 'timeout=10', 'Server': 'Apache', 'Set-Cookie': 'auth_sid=f439d5545aa4745a425f6a941792ad4f02e94918f1549272bcf2cafc2634fd9d', 'x-csrf-token': '1402d79cdfea7a114b055cfd2f4f9ec6b32dd69e02e94918f1549272bcf2cafc2634fd9d', 'Cache-Control': 'max-age=0', 'Expires': 'Fri, 08 Sep 2023 18:37:09 GMT'}
Response cookies: {'auth_sid': 'f439d5545aa4745a425f6a941792ad4f02e94918f1549272bcf2cafc2634fd9d'}

-----

-----
Test: None
Time: 2023-09-08 21:37:09.096090
Request method: GET
Request URL: https://playground.learnqa.ru/api_dev/user/auth
Request data: None
Request headers: {}
Request cookies: {'auth_sid': 'f439d5545aa4745a425f6a941792ad4f02e94918f1549272bcf2cafc2634fd9d'}

Response code: 200
Response text: {"user_id":0}
Response headers: {'Date': 'Fri, 08 Sep 2023 18:37:09 GMT', 'Content-Type': 'application/json', 'Content-Length': '13', 'Connection': 'keep-alive', 'Keep-Alive': 'timeout=10', 'Server': 'Apache', 'Cache-Control': 'max-age=0', 'Expires': 'Fri, 08 Sep 2023 18:37:09 GMT'}
Response cookies: {}

-----
