
-----
Test: None
Time: 2023-06-21 23:00:52.874276
Request method: POST
Request URL: https://playground.learnqa.ru/ajax/api/user/login
Request data: {'email': 'vinkotov@example.com', 'password': '1234'}
Request headers: {}
Request cookies: {}

Response code: 200
Response text: {"user_id":2}
Response headers: {'Date': 'Wed, 21 Jun 2023 20:00:53 GMT', 'Content-Type': 'application/json', 'Content-Length': '13', 'Connection': 'keep-alive', 'Keep-Alive': 'timeout=10', 'Server': 'Apache', 'Set-Cookie': 'auth_sid=d77e3be7138805281b0c8dfde98d0f6d02e94918f1549272bcf2cafc2634fd9d', 'x-csrf-token': 'e16086263fe4cf42d35ac586168dd2d3db79f15502e94918f1549272bcf2cafc2634fd9d', 'Cache-Control': 'max-age=0', 'Expires': 'Wed, 21 Jun 2023 20:00:52 GMT'}
Response cookies: {'auth_sid': 'd77e3be7138805281b0c8dfde98d0f6d02e94918f1549272bcf2cafc2634fd9d'}

-----

-----
Test: None
Time: 2023-06-21 23:00:53.152960
Request method: GET
Request URL: https://playground.learnqa.ru/ajax/api/user/auth
Request data: None
Request headers: {'x-csrf-token': 'e16086263fe4cf42d35ac586168dd2d3db79f15502e94918f1549272bcf2cafc2634fd9d'}
Request cookies: {'auth_sid': 'd77e3be7138805281b0c8dfde98d0f6d02e94918f1549272bcf2cafc2634fd9d'}

Response code: 200
Response text: {"user_id":2}
Response headers: {'Date': 'Wed, 21 Jun 2023 20:00:53 GMT', 'Content-Type': 'application/json', 'Content-Length': '13', 'Connection': 'keep-alive', 'Keep-Alive': 'timeout=10', 'Server': 'Apache', 'Cache-Control': 'max-age=0', 'Expires': 'Wed, 21 Jun 2023 20:00:53 GMT'}
Response cookies: {}

-----

-----
Test: None
Time: 2023-06-21 23:00:53.472185
Request method: POST
Request URL: https://playground.learnqa.ru/ajax/api/user/login
Request data: {'email': 'vinkotov@example.com', 'password': '1234'}
Request headers: {}
Request cookies: {}

Response code: 200
Response text: {"user_id":2}
Response headers: {'Date': 'Wed, 21 Jun 2023 20:00:53 GMT', 'Content-Type': 'application/json', 'Content-Length': '13', 'Connection': 'keep-alive', 'Keep-Alive': 'timeout=10', 'Server': 'Apache', 'Set-Cookie': 'auth_sid=5399e2601b3277642e684b7f6a7423e802e94918f1549272bcf2cafc2634fd9d', 'x-csrf-token': '9e9db0f8b625cd68f2c25957bd0aeded4168eef302e94918f1549272bcf2cafc2634fd9d', 'Cache-Control': 'max-age=0', 'Expires': 'Wed, 21 Jun 2023 20:00:53 GMT'}
Response cookies: {'auth_sid': '5399e2601b3277642e684b7f6a7423e802e94918f1549272bcf2cafc2634fd9d'}

-----

-----
Test: None
Time: 2023-06-21 23:00:53.612851
Request method: GET
Request URL: https://playground.learnqa.ru/ajax/api/user/auth
Request data: None
Request headers: {'x-csrf-token': '9e9db0f8b625cd68f2c25957bd0aeded4168eef302e94918f1549272bcf2cafc2634fd9d'}
Request cookies: {}

Response code: 200
Response text: {"user_id":0}
Response headers: {'Date': 'Wed, 21 Jun 2023 20:01:14 GMT', 'Content-Type': 'application/json', 'Content-Length': '13', 'Connection': 'keep-alive', 'Keep-Alive': 'timeout=10', 'Server': 'Apache', 'Cache-Control': 'max-age=0', 'Expires': 'Wed, 21 Jun 2023 20:01:14 GMT'}
Response cookies: {}

-----

-----
Test: None
Time: 2023-06-21 23:01:14.906503
Request method: POST
Request URL: https://playground.learnqa.ru/ajax/api/user/login
Request data: {'email': 'vinkotov@example.com', 'password': '1234'}
Request headers: {}
Request cookies: {}

Response code: 200
Response text: {"user_id":2}
Response headers: {'Date': 'Wed, 21 Jun 2023 20:01:15 GMT', 'Content-Type': 'application/json', 'Content-Length': '13', 'Connection': 'keep-alive', 'Keep-Alive': 'timeout=10', 'Server': 'Apache', 'Set-Cookie': 'auth_sid=013143f6f957896632abde759e4e3a6902e94918f1549272bcf2cafc2634fd9d', 'x-csrf-token': '76460a77a39fb3107e8b3c27342e4d5805ac78ab02e94918f1549272bcf2cafc2634fd9d', 'Cache-Control': 'max-age=0', 'Expires': 'Wed, 21 Jun 2023 20:01:14 GMT'}
Response cookies: {'auth_sid': '013143f6f957896632abde759e4e3a6902e94918f1549272bcf2cafc2634fd9d'}

-----

-----
Test: None
Time: 2023-06-21 23:01:15.135210
Request method: GET
Request URL: https://playground.learnqa.ru/ajax/api/user/auth
Request data: None
Request headers: {}
Request cookies: {'auth_sid': '013143f6f957896632abde759e4e3a6902e94918f1549272bcf2cafc2634fd9d'}

Response code: 200
Response text: {"user_id":0}
Response headers: {'Date': 'Wed, 21 Jun 2023 20:01:15 GMT', 'Content-Type': 'application/json', 'Content-Length': '13', 'Connection': 'keep-alive', 'Keep-Alive': 'timeout=10', 'Server': 'Apache', 'Cache-Control': 'max-age=0', 'Expires': 'Wed, 21 Jun 2023 20:01:15 GMT'}
Response cookies: {}

-----

-----
Test: None
Time: 2023-06-21 23:01:15.419935
Request method: POST
Request URL: https://playground.learnqa.ru/ajax/api/user/
Request data: {'password': '1234', 'username': 'learnqa', 'firstName': 'learnqa', 'lastName': 'learnqa', 'email': 'learnqa06212023230115@example.com'}
Request headers: {}
Request cookies: {}

Response code: 200
Response text: {"id":"74194"}
Response headers: {'Date': 'Wed, 21 Jun 2023 20:01:15 GMT', 'Content-Type': 'application/json', 'Content-Length': '14', 'Connection': 'keep-alive', 'Keep-Alive': 'timeout=10', 'Server': 'Apache', 'Cache-Control': 'max-age=0', 'Expires': 'Wed, 21 Jun 2023 20:01:15 GMT'}
Response cookies: {}

-----

-----
Test: None
Time: 2023-06-21 23:01:16.067946
Request method: POST
Request URL: https://playground.learnqa.ru/ajax/api/user/login
Request data: {'email': 'learnqa06212023230115@example.com', 'password': '1234'}
Request headers: {}
Request cookies: {}

Response code: 200
Response text: {"user_id":74194}
Response headers: {'Date': 'Wed, 21 Jun 2023 20:01:16 GMT', 'Content-Type': 'application/json', 'Content-Length': '17', 'Connection': 'keep-alive', 'Keep-Alive': 'timeout=10', 'Server': 'Apache', 'Set-Cookie': 'auth_sid=ef80c751d766f87ff6672f18b538fd321d11766b9d7bf7c56cde34f89f13b5b7', 'x-csrf-token': '328f7252321ac98dd36161dc405908f57b2854a21d11766b9d7bf7c56cde34f89f13b5b7', 'Cache-Control': 'max-age=0', 'Expires': 'Wed, 21 Jun 2023 20:01:16 GMT'}
Response cookies: {'auth_sid': 'ef80c751d766f87ff6672f18b538fd321d11766b9d7bf7c56cde34f89f13b5b7'}

-----

-----
Test: None
Time: 2023-06-21 23:01:16.222605
Request method: PUT
Request URL: https://playground.learnqa.ru/ajax/api/user/74194
Request data: {'firstName': 'Changed name'}
Request headers: {'x-csrf-token': '328f7252321ac98dd36161dc405908f57b2854a21d11766b9d7bf7c56cde34f89f13b5b7'}
Request cookies: {'auth_sid': 'ef80c751d766f87ff6672f18b538fd321d11766b9d7bf7c56cde34f89f13b5b7'}

Response code: 404
Response text: int(2)
This is 404 error!
<a href='/'>Home</a>
Response headers: {'Date': 'Wed, 21 Jun 2023 20:01:16 GMT', 'Content-Type': 'text/html; charset=utf-8', 'Transfer-Encoding': 'chunked', 'Connection': 'keep-alive', 'Keep-Alive': 'timeout=10', 'Vary': 'Accept-Encoding', 'Server': 'Apache', 'Content-Encoding': 'gzip'}
Response cookies: {}

-----

-----
Test: None
Time: 2023-06-21 23:01:16.509838
Request method: GET
Request URL: https://playground.learnqa.ru/ajax/api/user/2
Request data: None
Request headers: {}
Request cookies: {}

Response code: 404
Response text: int(2)
This is 404 error!
<a href='/'>Home</a>
Response headers: {'Date': 'Wed, 21 Jun 2023 20:01:16 GMT', 'Content-Type': 'text/html; charset=utf-8', 'Transfer-Encoding': 'chunked', 'Connection': 'keep-alive', 'Keep-Alive': 'timeout=10', 'Vary': 'Accept-Encoding', 'Server': 'Apache', 'Content-Encoding': 'gzip'}
Response cookies: {}

-----

-----
Test: None
Time: 2023-06-21 23:01:16.742847
Request method: POST
Request URL: https://playground.learnqa.ru/ajax/api/user/login
Request data: {'email': 'vinkotov@example.com', 'password': '1234'}
Request headers: {}
Request cookies: {}

Response code: 200
Response text: {"user_id":2}
Response headers: {'Date': 'Wed, 21 Jun 2023 20:01:16 GMT', 'Content-Type': 'application/json', 'Content-Length': '13', 'Connection': 'keep-alive', 'Keep-Alive': 'timeout=10', 'Server': 'Apache', 'Set-Cookie': 'auth_sid=52694c06f2d59e3934865fbaab159a3502e94918f1549272bcf2cafc2634fd9d', 'x-csrf-token': '6e6333112c203a3058d6bf36debba595236043d702e94918f1549272bcf2cafc2634fd9d', 'Cache-Control': 'max-age=0', 'Expires': 'Wed, 21 Jun 2023 20:01:16 GMT'}
Response cookies: {'auth_sid': '52694c06f2d59e3934865fbaab159a3502e94918f1549272bcf2cafc2634fd9d'}

-----

-----
Test: None
Time: 2023-06-21 23:01:16.942079
Request method: GET
Request URL: https://playground.learnqa.ru/ajax/api/user/2
Request data: None
Request headers: {'x-csrf-token': '6e6333112c203a3058d6bf36debba595236043d702e94918f1549272bcf2cafc2634fd9d'}
Request cookies: {'auth_sid': '52694c06f2d59e3934865fbaab159a3502e94918f1549272bcf2cafc2634fd9d'}

Response code: 404
Response text: int(2)
This is 404 error!
<a href='/'>Home</a>
Response headers: {'Date': 'Wed, 21 Jun 2023 20:01:17 GMT', 'Content-Type': 'text/html; charset=utf-8', 'Transfer-Encoding': 'chunked', 'Connection': 'keep-alive', 'Keep-Alive': 'timeout=10', 'Vary': 'Accept-Encoding', 'Server': 'Apache', 'Content-Encoding': 'gzip'}
Response cookies: {}

-----

-----
Test: None
Time: 2023-06-21 23:01:17.184371
Request method: POST
Request URL: https://playground.learnqa.ru/ajax/api/user/
Request data: {'password': '1234', 'username': 'learnqa', 'firstName': 'learnqa', 'lastName': 'learnqa', 'email': 'learnqa06212023230117@example.com'}
Request headers: {}
Request cookies: {}

Response code: 200
Response text: {"id":"74195"}
Response headers: {'Date': 'Wed, 21 Jun 2023 20:01:17 GMT', 'Content-Type': 'application/json', 'Content-Length': '14', 'Connection': 'keep-alive', 'Keep-Alive': 'timeout=10', 'Server': 'Apache', 'Cache-Control': 'max-age=0', 'Expires': 'Wed, 21 Jun 2023 20:01:17 GMT'}
Response cookies: {}

-----

-----
Test: None
Time: 2023-06-21 23:01:17.825003
Request method: POST
Request URL: https://playground.learnqa.ru/ajax/api/user/
Request data: {'password': '1234', 'username': 'learnqa', 'firstName': 'learnqa', 'lastName': 'learnqa', 'email': 'vinkotov@example.com'}
Request headers: {}
Request cookies: {}

Response code: 400
Response text: Users with email 'vinkotov@example.com' already exists
Response headers: {'Date': 'Wed, 21 Jun 2023 20:01:18 GMT', 'Content-Type': 'text/html; charset=utf-8', 'Content-Length': '54', 'Connection': 'keep-alive', 'Keep-Alive': 'timeout=10', 'Server': 'Apache'}
Response cookies: {}

-----
