
-----
Test: None
Time: 2023-06-21 23:01:57.455055
Request method: POST
Request URL: https://playground.learnqa.ru/ajax/api/user/login
Request data: {'email': 'vinkotov@example.com', 'password': '1234'}
Request headers: {}
Request cookies: {}

Response code: 200
Response text: {"user_id":2}
Response headers: {'Date': 'Wed, 21 Jun 2023 20:01:57 GMT', 'Content-Type': 'application/json', 'Content-Length': '13', 'Connection': 'keep-alive', 'Keep-Alive': 'timeout=10', 'Server': 'Apache', 'Set-Cookie': 'auth_sid=dc28420c7bd390ad6aaebc8d7ac1708e02e94918f1549272bcf2cafc2634fd9d', 'x-csrf-token': '69a93dba2c8b01516f6d84d0ad9935c8c600147902e94918f1549272bcf2cafc2634fd9d', 'Cache-Control': 'max-age=0', 'Expires': 'Wed, 21 Jun 2023 20:01:57 GMT'}
Response cookies: {'auth_sid': 'dc28420c7bd390ad6aaebc8d7ac1708e02e94918f1549272bcf2cafc2634fd9d'}

-----

-----
Test: None
Time: 2023-06-21 23:01:57.719634
Request method: GET
Request URL: https://playground.learnqa.ru/ajax/api/user/auth
Request data: None
Request headers: {'x-csrf-token': '69a93dba2c8b01516f6d84d0ad9935c8c600147902e94918f1549272bcf2cafc2634fd9d'}
Request cookies: {'auth_sid': 'dc28420c7bd390ad6aaebc8d7ac1708e02e94918f1549272bcf2cafc2634fd9d'}

Response code: 200
Response text: {"user_id":2}
Response headers: {'Date': 'Wed, 21 Jun 2023 20:01:57 GMT', 'Content-Type': 'application/json', 'Content-Length': '13', 'Connection': 'keep-alive', 'Keep-Alive': 'timeout=10', 'Server': 'Apache', 'Cache-Control': 'max-age=0', 'Expires': 'Wed, 21 Jun 2023 20:01:57 GMT'}
Response cookies: {}

-----

-----
Test: None
Time: 2023-06-21 23:01:57.938561
Request method: POST
Request URL: https://playground.learnqa.ru/ajax/api/user/login
Request data: {'email': 'vinkotov@example.com', 'password': '1234'}
Request headers: {}
Request cookies: {}

Response code: 200
Response text: {"user_id":2}
Response headers: {'Date': 'Wed, 21 Jun 2023 20:01:57 GMT', 'Content-Type': 'application/json', 'Content-Length': '13', 'Connection': 'keep-alive', 'Keep-Alive': 'timeout=10', 'Server': 'Apache', 'Set-Cookie': 'auth_sid=f32ae41bdcae6c291aa61b4e945e1bd002e94918f1549272bcf2cafc2634fd9d', 'x-csrf-token': '5883f89e85e2c85f47c7f06e8ad3680904df926b02e94918f1549272bcf2cafc2634fd9d', 'Cache-Control': 'max-age=0', 'Expires': 'Wed, 21 Jun 2023 20:01:57 GMT'}
Response cookies: {'auth_sid': 'f32ae41bdcae6c291aa61b4e945e1bd002e94918f1549272bcf2cafc2634fd9d'}

-----

-----
Test: None
Time: 2023-06-21 23:01:58.078204
Request method: GET
Request URL: https://playground.learnqa.ru/ajax/api/user/auth
Request data: None
Request headers: {'x-csrf-token': '5883f89e85e2c85f47c7f06e8ad3680904df926b02e94918f1549272bcf2cafc2634fd9d'}
Request cookies: {}

Response code: 200
Response text: {"user_id":0}
Response headers: {'Date': 'Wed, 21 Jun 2023 20:01:58 GMT', 'Content-Type': 'application/json', 'Content-Length': '13', 'Connection': 'keep-alive', 'Keep-Alive': 'timeout=10', 'Server': 'Apache', 'Cache-Control': 'max-age=0', 'Expires': 'Wed, 21 Jun 2023 20:01:58 GMT'}
Response cookies: {}

-----

-----
Test: None
Time: 2023-06-21 23:01:58.277549
Request method: POST
Request URL: https://playground.learnqa.ru/ajax/api/user/login
Request data: {'email': 'vinkotov@example.com', 'password': '1234'}
Request headers: {}
Request cookies: {}

Response code: 200
Response text: {"user_id":2}
Response headers: {'Date': 'Wed, 21 Jun 2023 20:01:58 GMT', 'Content-Type': 'application/json', 'Content-Length': '13', 'Connection': 'keep-alive', 'Keep-Alive': 'timeout=10', 'Server': 'Apache', 'Set-Cookie': 'auth_sid=02fed77aba27dc57ff34e60737f97bc502e94918f1549272bcf2cafc2634fd9d', 'x-csrf-token': '9beacab87dd7bf63c1fc30c807370c3c1de365b902e94918f1549272bcf2cafc2634fd9d', 'Cache-Control': 'max-age=0', 'Expires': 'Wed, 21 Jun 2023 20:01:58 GMT'}
Response cookies: {'auth_sid': '02fed77aba27dc57ff34e60737f97bc502e94918f1549272bcf2cafc2634fd9d'}

-----

-----
Test: None
Time: 2023-06-21 23:01:58.401040
Request method: GET
Request URL: https://playground.learnqa.ru/ajax/api/user/auth
Request data: None
Request headers: {}
Request cookies: {'auth_sid': '02fed77aba27dc57ff34e60737f97bc502e94918f1549272bcf2cafc2634fd9d'}

Response code: 200
Response text: {"user_id":0}
Response headers: {'Date': 'Wed, 21 Jun 2023 20:01:58 GMT', 'Content-Type': 'application/json', 'Content-Length': '13', 'Connection': 'keep-alive', 'Keep-Alive': 'timeout=10', 'Server': 'Apache', 'Cache-Control': 'max-age=0', 'Expires': 'Wed, 21 Jun 2023 20:01:58 GMT'}
Response cookies: {}

-----

-----
Test: None
Time: 2023-06-21 23:01:58.679694
Request method: POST
Request URL: https://playground.learnqa.ru/ajax/api/user/
Request data: {'password': '1234', 'username': 'learnqa', 'firstName': 'learnqa', 'lastName': 'learnqa', 'email': 'learnqa06212023230158@example.com'}
Request headers: {}
Request cookies: {}

Response code: 200
Response text: {"id":"74196"}
Response headers: {'Date': 'Wed, 21 Jun 2023 20:01:59 GMT', 'Content-Type': 'application/json', 'Content-Length': '14', 'Connection': 'keep-alive', 'Keep-Alive': 'timeout=10', 'Server': 'Apache', 'Cache-Control': 'max-age=0', 'Expires': 'Wed, 21 Jun 2023 20:01:58 GMT'}
Response cookies: {}

-----

-----
Test: None
Time: 2023-06-21 23:01:59.317015
Request method: POST
Request URL: https://playground.learnqa.ru/ajax/api/user/login
Request data: {'email': 'learnqa06212023230158@example.com', 'password': '1234'}
Request headers: {}
Request cookies: {}

Response code: 200
Response text: {"user_id":74196}
Response headers: {'Date': 'Wed, 21 Jun 2023 20:01:59 GMT', 'Content-Type': 'application/json', 'Content-Length': '17', 'Connection': 'keep-alive', 'Keep-Alive': 'timeout=10', 'Server': 'Apache', 'Set-Cookie': 'auth_sid=bde25cf2f863597e4b1af0859497ae4c94e29092e90bb9df2d0d0a671ee6915a', 'x-csrf-token': 'a7d63bb16d89366ad9cd422699b5271cba92f9a294e29092e90bb9df2d0d0a671ee6915a', 'Cache-Control': 'max-age=0', 'Expires': 'Wed, 21 Jun 2023 20:01:59 GMT'}
Response cookies: {'auth_sid': 'bde25cf2f863597e4b1af0859497ae4c94e29092e90bb9df2d0d0a671ee6915a'}

-----

-----
Test: None
Time: 2023-06-21 23:01:59.451139
Request method: PUT
Request URL: https://playground.learnqa.ru/ajax/api/user/74196
Request data: {'firstName': 'Changed name'}
Request headers: {'x-csrf-token': 'a7d63bb16d89366ad9cd422699b5271cba92f9a294e29092e90bb9df2d0d0a671ee6915a'}
Request cookies: {'auth_sid': 'bde25cf2f863597e4b1af0859497ae4c94e29092e90bb9df2d0d0a671ee6915a'}

Response code: 404
Response text: int(2)
This is 404 error!
<a href='/'>Home</a>
Response headers: {'Date': 'Wed, 21 Jun 2023 20:01:59 GMT', 'Content-Type': 'text/html; charset=utf-8', 'Transfer-Encoding': 'chunked', 'Connection': 'keep-alive', 'Keep-Alive': 'timeout=10', 'Vary': 'Accept-Encoding', 'Server': 'Apache', 'Content-Encoding': 'gzip'}
Response cookies: {}

-----

-----
Test: None
Time: 2023-06-21 23:01:59.724135
Request method: GET
Request URL: https://playground.learnqa.ru/ajax/api/user/2
Request data: None
Request headers: {}
Request cookies: {}

Response code: 404
Response text: int(2)
This is 404 error!
<a href='/'>Home</a>
Response headers: {'Date': 'Wed, 21 Jun 2023 20:01:59 GMT', 'Content-Type': 'text/html; charset=utf-8', 'Transfer-Encoding': 'chunked', 'Connection': 'keep-alive', 'Keep-Alive': 'timeout=10', 'Vary': 'Accept-Encoding', 'Server': 'Apache', 'Content-Encoding': 'gzip'}
Response cookies: {}

-----

-----
Test: None
Time: 2023-06-21 23:01:59.906376
Request method: POST
Request URL: https://playground.learnqa.ru/ajax/api/user/login
Request data: {'email': 'vinkotov@example.com', 'password': '1234'}
Request headers: {}
Request cookies: {}

Response code: 200
Response text: {"user_id":2}
Response headers: {'Date': 'Wed, 21 Jun 2023 20:01:59 GMT', 'Content-Type': 'application/json', 'Content-Length': '13', 'Connection': 'keep-alive', 'Keep-Alive': 'timeout=10', 'Server': 'Apache', 'Set-Cookie': 'auth_sid=0d9088f4ace4b15f3bb979aad54e0bff02e94918f1549272bcf2cafc2634fd9d', 'x-csrf-token': '41ed0610a69f1890142234826004a938ef0bfe2a02e94918f1549272bcf2cafc2634fd9d', 'Cache-Control': 'max-age=0', 'Expires': 'Wed, 21 Jun 2023 20:01:59 GMT'}
Response cookies: {'auth_sid': '0d9088f4ace4b15f3bb979aad54e0bff02e94918f1549272bcf2cafc2634fd9d'}

-----

-----
Test: None
Time: 2023-06-21 23:02:00.037497
Request method: GET
Request URL: https://playground.learnqa.ru/ajax/api/user/2
Request data: None
Request headers: {'x-csrf-token': '41ed0610a69f1890142234826004a938ef0bfe2a02e94918f1549272bcf2cafc2634fd9d'}
Request cookies: {'auth_sid': '0d9088f4ace4b15f3bb979aad54e0bff02e94918f1549272bcf2cafc2634fd9d'}

Response code: 404
Response text: int(2)
This is 404 error!
<a href='/'>Home</a>
Response headers: {'Date': 'Wed, 21 Jun 2023 20:02:00 GMT', 'Content-Type': 'text/html; charset=utf-8', 'Transfer-Encoding': 'chunked', 'Connection': 'keep-alive', 'Keep-Alive': 'timeout=10', 'Vary': 'Accept-Encoding', 'Server': 'Apache', 'Content-Encoding': 'gzip'}
Response cookies: {}

-----

-----
Test: None
Time: 2023-06-21 23:02:00.220937
Request method: POST
Request URL: https://playground.learnqa.ru/ajax/api/user/
Request data: {'password': '1234', 'username': 'learnqa', 'firstName': 'learnqa', 'lastName': 'learnqa', 'email': 'learnqa06212023230200@example.com'}
Request headers: {}
Request cookies: {}

Response code: 200
Response text: {"id":"74197"}
Response headers: {'Date': 'Wed, 21 Jun 2023 20:02:00 GMT', 'Content-Type': 'application/json', 'Content-Length': '14', 'Connection': 'keep-alive', 'Keep-Alive': 'timeout=10', 'Server': 'Apache', 'Cache-Control': 'max-age=0', 'Expires': 'Wed, 21 Jun 2023 20:02:00 GMT'}
Response cookies: {}

-----

-----
Test: None
Time: 2023-06-21 23:02:00.869013
Request method: POST
Request URL: https://playground.learnqa.ru/ajax/api/user/
Request data: {'password': '1234', 'username': 'learnqa', 'firstName': 'learnqa', 'lastName': 'learnqa', 'email': 'vinkotov@example.com'}
Request headers: {}
Request cookies: {}

Response code: 400
Response text: Users with email 'vinkotov@example.com' already exists
Response headers: {'Date': 'Wed, 21 Jun 2023 20:02:01 GMT', 'Content-Type': 'text/html; charset=utf-8', 'Content-Length': '54', 'Connection': 'keep-alive', 'Keep-Alive': 'timeout=10', 'Server': 'Apache'}
Response cookies: {}

-----
