
-----
Test: None
Time: 2023-09-10 15:33:37.251000
Request method: POST
Request URL: https://playground.learnqa.ru/api_dev/user/login
Request data: {'email': 'vinkotov@example.com', 'password': '1234'}
Request headers: {}
Request cookies: {}

Response code: 200
Response text: {"user_id":2}
Response headers: {'Date': 'Sun, 10 Sep 2023 12:33:37 GMT', 'Content-Type': 'application/json', 'Content-Length': '13', 'Connection': 'keep-alive', 'Keep-Alive': 'timeout=10', 'Server': 'Apache', 'Set-Cookie': 'auth_sid=e68109e2e7dd5e7c8be6d38fd7cb748d02e94918f1549272bcf2cafc2634fd9d', 'x-csrf-token': '9273973172a64c588eb42e2c973415e9ecba603602e94918f1549272bcf2cafc2634fd9d', 'Cache-Control': 'max-age=0', 'Expires': 'Sun, 10 Sep 2023 12:33:37 GMT'}
Response cookies: {'auth_sid': 'e68109e2e7dd5e7c8be6d38fd7cb748d02e94918f1549272bcf2cafc2634fd9d'}

-----

-----
Test: None
Time: 2023-09-10 15:33:37.433724
Request method: GET
Request URL: https://playground.learnqa.ru/api_dev/user/auth
Request data: None
Request headers: {'x-csrf-token': '9273973172a64c588eb42e2c973415e9ecba603602e94918f1549272bcf2cafc2634fd9d'}
Request cookies: {'auth_sid': 'e68109e2e7dd5e7c8be6d38fd7cb748d02e94918f1549272bcf2cafc2634fd9d'}

Response code: 200
Response text: {"user_id":2}
Response headers: {'Date': 'Sun, 10 Sep 2023 12:33:37 GMT', 'Content-Type': 'application/json', 'Content-Length': '13', 'Connection': 'keep-alive', 'Keep-Alive': 'timeout=10', 'Server': 'Apache', 'Cache-Control': 'max-age=0', 'Expires': 'Sun, 10 Sep 2023 12:33:37 GMT'}
Response cookies: {}

-----

-----
Test: None
Time: 2023-09-10 15:33:37.696245
Request method: POST
Request URL: https://playground.learnqa.ru/api_dev/user/login
Request data: {'email': 'vinkotov@example.com', 'password': '1234'}
Request headers: {}
Request cookies: {}

Response code: 200
Response text: {"user_id":2}
Response headers: {'Date': 'Sun, 10 Sep 2023 12:33:37 GMT', 'Content-Type': 'application/json', 'Content-Length': '13', 'Connection': 'keep-alive', 'Keep-Alive': 'timeout=10', 'Server': 'Apache', 'Set-Cookie': 'auth_sid=da2e5117e7322c593f9f761dfe65eed302e94918f1549272bcf2cafc2634fd9d', 'x-csrf-token': '543a115aeb9dbf2f64ee4780b0249c39b36c387502e94918f1549272bcf2cafc2634fd9d', 'Cache-Control': 'max-age=0', 'Expires': 'Sun, 10 Sep 2023 12:33:37 GMT'}
Response cookies: {'auth_sid': 'da2e5117e7322c593f9f761dfe65eed302e94918f1549272bcf2cafc2634fd9d'}

-----

-----
Test: None
Time: 2023-09-10 15:33:37.890101
Request method: GET
Request URL: https://playground.learnqa.ru/api_dev/user/auth
Request data: None
Request headers: {'x-csrf-token': '543a115aeb9dbf2f64ee4780b0249c39b36c387502e94918f1549272bcf2cafc2634fd9d'}
Request cookies: {}

Response code: 200
Response text: {"user_id":0}
Response headers: {'Date': 'Sun, 10 Sep 2023 12:33:38 GMT', 'Content-Type': 'application/json', 'Content-Length': '13', 'Connection': 'keep-alive', 'Keep-Alive': 'timeout=10', 'Server': 'Apache', 'Cache-Control': 'max-age=0', 'Expires': 'Sun, 10 Sep 2023 12:33:37 GMT'}
Response cookies: {}

-----

-----
Test: None
Time: 2023-09-10 15:33:38.158071
Request method: POST
Request URL: https://playground.learnqa.ru/api_dev/user/login
Request data: {'email': 'vinkotov@example.com', 'password': '1234'}
Request headers: {}
Request cookies: {}

Response code: 200
Response text: {"user_id":2}
Response headers: {'Date': 'Sun, 10 Sep 2023 12:33:38 GMT', 'Content-Type': 'application/json', 'Content-Length': '13', 'Connection': 'keep-alive', 'Keep-Alive': 'timeout=10', 'Server': 'Apache', 'Set-Cookie': 'auth_sid=03779188eac6f487ff43bc8334f53cde02e94918f1549272bcf2cafc2634fd9d', 'x-csrf-token': '07f89f4551fe015adf95ce9ea827958d054682b702e94918f1549272bcf2cafc2634fd9d', 'Cache-Control': 'max-age=0', 'Expires': 'Sun, 10 Sep 2023 12:33:38 GMT'}
Response cookies: {'auth_sid': '03779188eac6f487ff43bc8334f53cde02e94918f1549272bcf2cafc2634fd9d'}

-----

-----
Test: None
Time: 2023-09-10 15:33:38.293070
Request method: GET
Request URL: https://playground.learnqa.ru/api_dev/user/auth
Request data: None
Request headers: {}
Request cookies: {'auth_sid': '03779188eac6f487ff43bc8334f53cde02e94918f1549272bcf2cafc2634fd9d'}

Response code: 200
Response text: {"user_id":0}
Response headers: {'Date': 'Sun, 10 Sep 2023 12:33:38 GMT', 'Content-Type': 'application/json', 'Content-Length': '13', 'Connection': 'keep-alive', 'Keep-Alive': 'timeout=10', 'Server': 'Apache', 'Cache-Control': 'max-age=0', 'Expires': 'Sun, 10 Sep 2023 12:33:38 GMT'}
Response cookies: {}

-----

-----
Test: None
Time: 2023-09-10 15:33:38.542202
Request method: POST
Request URL: https://playground.learnqa.ru/api_dev/user/login
Request data: {'email': 'vinkotov@example.com', 'password': '1234'}
Request headers: {}
Request cookies: {}

Response code: 200
Response text: {"user_id":2}
Response headers: {'Date': 'Sun, 10 Sep 2023 12:33:38 GMT', 'Content-Type': 'application/json', 'Content-Length': '13', 'Connection': 'keep-alive', 'Keep-Alive': 'timeout=10', 'Server': 'Apache', 'Set-Cookie': 'auth_sid=0586b7f33c82cc218edfaafa063eee4402e94918f1549272bcf2cafc2634fd9d', 'x-csrf-token': 'dc1f5434d2215a66515953df66612d872987b44802e94918f1549272bcf2cafc2634fd9d', 'Cache-Control': 'max-age=0', 'Expires': 'Sun, 10 Sep 2023 12:33:38 GMT'}
Response cookies: {'auth_sid': '0586b7f33c82cc218edfaafa063eee4402e94918f1549272bcf2cafc2634fd9d'}

-----

-----
Test: None
Time: 2023-09-10 15:33:38.680654
Request method: DELETE
Request URL: https://playground.learnqa.ru/api_dev/user/2
Request data: None
Request headers: {'x-csrf-token': 'dc1f5434d2215a66515953df66612d872987b44802e94918f1549272bcf2cafc2634fd9d'}
Request cookies: {'auth_sid': '0586b7f33c82cc218edfaafa063eee4402e94918f1549272bcf2cafc2634fd9d'}

Response code: 400
Response text: Please, do not delete test users with ID 1, 2, 3, 4 or 5.
Response headers: {'Date': 'Sun, 10 Sep 2023 12:33:39 GMT', 'Content-Type': 'text/html; charset=utf-8', 'Content-Length': '57', 'Connection': 'keep-alive', 'Keep-Alive': 'timeout=10', 'Server': 'Apache'}
Response cookies: {}

-----

-----
Test: None
Time: 2023-09-10 15:33:39.424082
Request method: POST
Request URL: https://playground.learnqa.ru/api_dev/user/
Request data: {'password': '1234', 'username': 'learnqa', 'firstName': 'learnqa', 'lastName': 'learnqa', 'email': 'learnqa09102023153339@example.com'}
Request headers: {}
Request cookies: {}

Response code: 200
Response text: {"id":"79309"}
Response headers: {'Date': 'Sun, 10 Sep 2023 12:33:39 GMT', 'Content-Type': 'application/json', 'Content-Length': '14', 'Connection': 'keep-alive', 'Keep-Alive': 'timeout=10', 'Server': 'Apache', 'Cache-Control': 'max-age=0', 'Expires': 'Sun, 10 Sep 2023 12:33:39 GMT'}
Response cookies: {}

-----

-----
Test: None
Time: 2023-09-10 15:33:40.072901
Request method: POST
Request URL: https://playground.learnqa.ru/api_dev/user/login
Request data: {'email': 'learnqa09102023153339@example.com', 'password': '1234'}
Request headers: {}
Request cookies: {}

Response code: 200
Response text: {"user_id":79309}
Response headers: {'Date': 'Sun, 10 Sep 2023 12:33:40 GMT', 'Content-Type': 'application/json', 'Content-Length': '17', 'Connection': 'keep-alive', 'Keep-Alive': 'timeout=10', 'Server': 'Apache', 'Set-Cookie': 'auth_sid=540c00448b3fb3ce889ec179f0db082315fd062dc40cce57b18af359ad08874c', 'x-csrf-token': 'e659adcc75be9e9f2e34ff37594e99e9461fcd4615fd062dc40cce57b18af359ad08874c', 'Cache-Control': 'max-age=0', 'Expires': 'Sun, 10 Sep 2023 12:33:40 GMT'}
Response cookies: {'auth_sid': '540c00448b3fb3ce889ec179f0db082315fd062dc40cce57b18af359ad08874c'}

-----

-----
Test: None
Time: 2023-09-10 15:33:40.217286
Request method: DELETE
Request URL: https://playground.learnqa.ru/api_dev/user/79309
Request data: None
Request headers: {'x-csrf-token': 'e659adcc75be9e9f2e34ff37594e99e9461fcd4615fd062dc40cce57b18af359ad08874c'}
Request cookies: {'auth_sid': '540c00448b3fb3ce889ec179f0db082315fd062dc40cce57b18af359ad08874c'}

Response code: 200
Response text: 
Response headers: {'Date': 'Sun, 10 Sep 2023 12:33:40 GMT', 'Content-Type': 'text/html; charset=utf-8', 'Content-Length': '0', 'Connection': 'keep-alive', 'Keep-Alive': 'timeout=10', 'Server': 'Apache', 'Cache-Control': 'max-age=0', 'Expires': 'Sun, 10 Sep 2023 12:33:40 GMT'}
Response cookies: {}

-----

-----
Test: None
Time: 2023-09-10 15:33:40.948490
Request method: GET
Request URL: https://playground.learnqa.ru/api_dev/user/79309
Request data: None
Request headers: {'x-csrf-token': 'e659adcc75be9e9f2e34ff37594e99e9461fcd4615fd062dc40cce57b18af359ad08874c'}
Request cookies: {'auth_sid': '540c00448b3fb3ce889ec179f0db082315fd062dc40cce57b18af359ad08874c'}

Response code: 404
Response text: User not found
Response headers: {'Date': 'Sun, 10 Sep 2023 12:33:41 GMT', 'Content-Type': 'text/html; charset=utf-8', 'Content-Length': '14', 'Connection': 'keep-alive', 'Keep-Alive': 'timeout=10', 'Server': 'Apache'}
Response cookies: {}

-----

-----
Test: None
Time: 2023-09-10 15:33:41.596842
Request method: POST
Request URL: https://playground.learnqa.ru/api_dev/user/
Request data: {'password': '1234', 'username': 'learnqa', 'firstName': 'learnqa', 'lastName': 'learnqa', 'email': 'lnpAEyGdB@example.com'}
Request headers: {}
Request cookies: {}

Response code: 200
Response text: {"id":"79310"}
Response headers: {'Date': 'Sun, 10 Sep 2023 12:33:42 GMT', 'Content-Type': 'application/json', 'Content-Length': '14', 'Connection': 'keep-alive', 'Keep-Alive': 'timeout=10', 'Server': 'Apache', 'Cache-Control': 'max-age=0', 'Expires': 'Sun, 10 Sep 2023 12:33:41 GMT'}
Response cookies: {}

-----

-----
Test: None
Time: 2023-09-10 15:33:42.254922
Request method: POST
Request URL: https://playground.learnqa.ru/api_dev/user/
Request data: {'password': '1234', 'username': 'learnqa', 'firstName': 'learnqa', 'lastName': 'learnqa', 'email': 'gharqRKOZp@example.com'}
Request headers: {}
Request cookies: {}

Response code: 200
Response text: {"id":"79311"}
Response headers: {'Date': 'Sun, 10 Sep 2023 12:33:42 GMT', 'Content-Type': 'application/json', 'Content-Length': '14', 'Connection': 'keep-alive', 'Keep-Alive': 'timeout=10', 'Server': 'Apache', 'Cache-Control': 'max-age=0', 'Expires': 'Sun, 10 Sep 2023 12:33:42 GMT'}
Response cookies: {}

-----

-----
Test: None
Time: 2023-09-10 15:33:42.958531
Request method: POST
Request URL: https://playground.learnqa.ru/api_dev/user/login
Request data: {'email': 'gharqRKOZp@example.com', 'password': '1234'}
Request headers: {}
Request cookies: {}

Response code: 200
Response text: {"user_id":79311}
Response headers: {'Date': 'Sun, 10 Sep 2023 12:33:43 GMT', 'Content-Type': 'application/json', 'Content-Length': '17', 'Connection': 'keep-alive', 'Keep-Alive': 'timeout=10', 'Server': 'Apache', 'Set-Cookie': 'auth_sid=5fa01c315ea0a7d45191af24b941e5bcec53c2eefbd8fb3a71cd4aa8e1be48af', 'x-csrf-token': '0abd11de9d22feeca837f4318d33aa87ffb7d002ec53c2eefbd8fb3a71cd4aa8e1be48af', 'Cache-Control': 'max-age=0', 'Expires': 'Sun, 10 Sep 2023 12:33:43 GMT'}
Response cookies: {'auth_sid': '5fa01c315ea0a7d45191af24b941e5bcec53c2eefbd8fb3a71cd4aa8e1be48af'}

-----

-----
Test: None
Time: 2023-09-10 15:33:43.144046
Request method: DELETE
Request URL: https://playground.learnqa.ru/api_dev/user/79310
Request data: None
Request headers: {'x-csrf-token': '0abd11de9d22feeca837f4318d33aa87ffb7d002ec53c2eefbd8fb3a71cd4aa8e1be48af'}
Request cookies: {'auth_sid': '5fa01c315ea0a7d45191af24b941e5bcec53c2eefbd8fb3a71cd4aa8e1be48af'}

Response code: 200
Response text: 
Response headers: {'Date': 'Sun, 10 Sep 2023 12:33:43 GMT', 'Content-Type': 'text/html; charset=utf-8', 'Content-Length': '0', 'Connection': 'keep-alive', 'Keep-Alive': 'timeout=10', 'Server': 'Apache', 'Cache-Control': 'max-age=0', 'Expires': 'Sun, 10 Sep 2023 12:33:43 GMT'}
Response cookies: {}

-----

-----
Test: None
Time: 2023-09-10 15:33:43.889848
Request method: POST
Request URL: https://playground.learnqa.ru/api_dev/user/login
Request data: {'email': 'lnpAEyGdB@example.com', 'password': '1234'}
Request headers: {}
Request cookies: {}

Response code: 200
Response text: {"user_id":79310}
Response headers: {'Date': 'Sun, 10 Sep 2023 12:33:44 GMT', 'Content-Type': 'application/json', 'Content-Length': '17', 'Connection': 'keep-alive', 'Keep-Alive': 'timeout=10', 'Server': 'Apache', 'Set-Cookie': 'auth_sid=84c54d7aa5556e963f99b0def87cb9f56fa28a68a97e699f5a5339c732493bfd', 'x-csrf-token': '2223ea46be34971f8dc86abe9636e87e6d6f12446fa28a68a97e699f5a5339c732493bfd', 'Cache-Control': 'max-age=0', 'Expires': 'Sun, 10 Sep 2023 12:33:43 GMT'}
Response cookies: {'auth_sid': '84c54d7aa5556e963f99b0def87cb9f56fa28a68a97e699f5a5339c732493bfd'}

-----

-----
Test: None
Time: 2023-09-10 15:33:44.110321
Request method: GET
Request URL: https://playground.learnqa.ru/api_dev/user/79310
Request data: None
Request headers: {'x-csrf-token': '2223ea46be34971f8dc86abe9636e87e6d6f12446fa28a68a97e699f5a5339c732493bfd'}
Request cookies: {'auth_sid': '84c54d7aa5556e963f99b0def87cb9f56fa28a68a97e699f5a5339c732493bfd'}

Response code: 200
Response text: {"id":"79310","username":"learnqa","email":"lnpAEyGdB@example.com","firstName":"learnqa","lastName":"learnqa"}
Response headers: {'Date': 'Sun, 10 Sep 2023 12:33:44 GMT', 'Content-Type': 'application/json', 'Transfer-Encoding': 'chunked', 'Connection': 'keep-alive', 'Keep-Alive': 'timeout=10', 'Vary': 'Accept-Encoding', 'Server': 'Apache', 'Cache-Control': 'max-age=0', 'Expires': 'Sun, 10 Sep 2023 12:33:44 GMT', 'Content-Encoding': 'gzip'}
Response cookies: {}

-----

-----
Test: None
Time: 2023-09-10 15:33:44.887263
Request method: POST
Request URL: https://playground.learnqa.ru/api_dev/user/
Request data: {'password': '1234', 'username': 'learnqa', 'firstName': 'learnqa', 'lastName': 'learnqa', 'email': 'learnqa09102023153344@example.com'}
Request headers: {}
Request cookies: {}

Response code: 200
Response text: {"id":"79312"}
Response headers: {'Date': 'Sun, 10 Sep 2023 12:33:45 GMT', 'Content-Type': 'application/json', 'Content-Length': '14', 'Connection': 'keep-alive', 'Keep-Alive': 'timeout=10', 'Server': 'Apache', 'Cache-Control': 'max-age=0', 'Expires': 'Sun, 10 Sep 2023 12:33:44 GMT'}
Response cookies: {}

-----

-----
Test: None
Time: 2023-09-10 15:33:45.552795
Request method: POST
Request URL: https://playground.learnqa.ru/api_dev/user/login
Request data: {'email': 'learnqa09102023153344@example.com', 'password': '1234'}
Request headers: {}
Request cookies: {}

Response code: 200
Response text: {"user_id":79312}
Response headers: {'Date': 'Sun, 10 Sep 2023 12:33:45 GMT', 'Content-Type': 'application/json', 'Content-Length': '17', 'Connection': 'keep-alive', 'Keep-Alive': 'timeout=10', 'Server': 'Apache', 'Set-Cookie': 'auth_sid=d717bde883c59924ee2688b130bd3471d0d5d92a5a150c894abc7868987524c5', 'x-csrf-token': '25d84892877063e56e2a1cc75483441d4ce45c03d0d5d92a5a150c894abc7868987524c5', 'Cache-Control': 'max-age=0', 'Expires': 'Sun, 10 Sep 2023 12:33:45 GMT'}
Response cookies: {'auth_sid': 'd717bde883c59924ee2688b130bd3471d0d5d92a5a150c894abc7868987524c5'}

-----

-----
Test: None
Time: 2023-09-10 15:33:45.700795
Request method: PUT
Request URL: https://playground.learnqa.ru/api_dev/user/79312
Request data: {'firstName': 'Changed name'}
Request headers: {'x-csrf-token': '25d84892877063e56e2a1cc75483441d4ce45c03d0d5d92a5a150c894abc7868987524c5'}
Request cookies: {'auth_sid': 'd717bde883c59924ee2688b130bd3471d0d5d92a5a150c894abc7868987524c5'}

Response code: 200
Response text: 
Response headers: {'Date': 'Sun, 10 Sep 2023 12:33:46 GMT', 'Content-Type': 'text/html; charset=utf-8', 'Content-Length': '0', 'Connection': 'keep-alive', 'Keep-Alive': 'timeout=10', 'Server': 'Apache', 'Cache-Control': 'max-age=0', 'Expires': 'Sun, 10 Sep 2023 12:33:45 GMT'}
Response cookies: {}

-----

-----
Test: None
Time: 2023-09-10 15:33:46.435167
Request method: GET
Request URL: https://playground.learnqa.ru/api_dev/user/79312
Request data: None
Request headers: {'x-csrf-token': '25d84892877063e56e2a1cc75483441d4ce45c03d0d5d92a5a150c894abc7868987524c5'}
Request cookies: {'auth_sid': 'd717bde883c59924ee2688b130bd3471d0d5d92a5a150c894abc7868987524c5'}

Response code: 200
Response text: {"id":"79312","username":"learnqa","email":"learnqa09102023153344@example.com","firstName":"Changed name","lastName":"learnqa"}
Response headers: {'Date': 'Sun, 10 Sep 2023 12:33:47 GMT', 'Content-Type': 'application/json', 'Transfer-Encoding': 'chunked', 'Connection': 'keep-alive', 'Keep-Alive': 'timeout=10', 'Vary': 'Accept-Encoding', 'Server': 'Apache', 'Cache-Control': 'max-age=0', 'Expires': 'Sun, 10 Sep 2023 12:33:46 GMT', 'Content-Encoding': 'gzip'}
Response cookies: {}

-----

-----
Test: None
Time: 2023-09-10 15:33:47.106274
Request method: POST
Request URL: https://playground.learnqa.ru/api_dev/user/
Request data: {'password': '1234', 'username': 'learnqa', 'firstName': 'learnqa', 'lastName': 'learnqa', 'email': 'learnqa09102023153347@example.com'}
Request headers: {}
Request cookies: {}

Response code: 200
Response text: {"id":"79313"}
Response headers: {'Date': 'Sun, 10 Sep 2023 12:33:47 GMT', 'Content-Type': 'application/json', 'Content-Length': '14', 'Connection': 'keep-alive', 'Keep-Alive': 'timeout=10', 'Server': 'Apache', 'Cache-Control': 'max-age=0', 'Expires': 'Sun, 10 Sep 2023 12:33:47 GMT'}
Response cookies: {}

-----

-----
Test: None
Time: 2023-09-10 15:33:47.758073
Request method: PUT
Request URL: https://playground.learnqa.ru/api_dev/user/78631
Request data: {'lastName': 'Changed last name'}
Request headers: {}
Request cookies: {}

Response code: 400
Response text: Auth token not supplied
Response headers: {'Date': 'Sun, 10 Sep 2023 12:33:48 GMT', 'Content-Type': 'text/html; charset=utf-8', 'Content-Length': '23', 'Connection': 'keep-alive', 'Keep-Alive': 'timeout=10', 'Server': 'Apache'}
Response cookies: {}

-----

-----
Test: None
Time: 2023-09-10 15:33:48.539883
Request method: POST
Request URL: https://playground.learnqa.ru/api_dev/user/login
Request data: {'email': 'learnqa09102023153347@example.com', 'password': '1234'}
Request headers: {}
Request cookies: {}

Response code: 200
Response text: {"user_id":79313}
Response headers: {'Date': 'Sun, 10 Sep 2023 12:33:48 GMT', 'Content-Type': 'application/json', 'Content-Length': '17', 'Connection': 'keep-alive', 'Keep-Alive': 'timeout=10', 'Server': 'Apache', 'Set-Cookie': 'auth_sid=c4d9a4c1e39d5df1297b2acb98997da427c182857d604df89763f7f554218473', 'x-csrf-token': 'd1b954ce06db903de193a49c6b905e69718a6a3027c182857d604df89763f7f554218473', 'Cache-Control': 'max-age=0', 'Expires': 'Sun, 10 Sep 2023 12:33:48 GMT'}
Response cookies: {'auth_sid': 'c4d9a4c1e39d5df1297b2acb98997da427c182857d604df89763f7f554218473'}

-----

-----
Test: None
Time: 2023-09-10 15:33:48.734837
Request method: GET
Request URL: https://playground.learnqa.ru/api_dev/user/79313
Request data: None
Request headers: {'x-csrf-token': 'd1b954ce06db903de193a49c6b905e69718a6a3027c182857d604df89763f7f554218473'}
Request cookies: {'auth_sid': 'c4d9a4c1e39d5df1297b2acb98997da427c182857d604df89763f7f554218473'}

Response code: 200
Response text: {"id":"79313","username":"learnqa","email":"learnqa09102023153347@example.com","firstName":"learnqa","lastName":"learnqa"}
Response headers: {'Date': 'Sun, 10 Sep 2023 12:33:49 GMT', 'Content-Type': 'application/json', 'Transfer-Encoding': 'chunked', 'Connection': 'keep-alive', 'Keep-Alive': 'timeout=10', 'Vary': 'Accept-Encoding', 'Server': 'Apache', 'Cache-Control': 'max-age=0', 'Expires': 'Sun, 10 Sep 2023 12:33:48 GMT', 'Content-Encoding': 'gzip'}
Response cookies: {}

-----

-----
Test: None
Time: 2023-09-10 15:33:49.524289
Request method: POST
Request URL: https://playground.learnqa.ru/api_dev/user/
Request data: {'password': '1234', 'username': 'learnqa', 'firstName': 'learnqa', 'lastName': 'learnqa', 'email': 'DewboFJYt@example.com'}
Request headers: {}
Request cookies: {}

Response code: 200
Response text: {"id":"79314"}
Response headers: {'Date': 'Sun, 10 Sep 2023 12:33:50 GMT', 'Content-Type': 'application/json', 'Content-Length': '14', 'Connection': 'keep-alive', 'Keep-Alive': 'timeout=10', 'Server': 'Apache', 'Cache-Control': 'max-age=0', 'Expires': 'Sun, 10 Sep 2023 12:33:49 GMT'}
Response cookies: {}

-----

-----
Test: None
Time: 2023-09-10 15:33:50.162480
Request method: POST
Request URL: https://playground.learnqa.ru/api_dev/user/
Request data: {'password': '1234', 'username': 'learnqa', 'firstName': 'learnqa', 'lastName': 'learnqa', 'email': 'KJkgVDbEXa@example.com'}
Request headers: {}
Request cookies: {}

Response code: 200
Response text: {"id":"79315"}
Response headers: {'Date': 'Sun, 10 Sep 2023 12:33:50 GMT', 'Content-Type': 'application/json', 'Content-Length': '14', 'Connection': 'keep-alive', 'Keep-Alive': 'timeout=10', 'Server': 'Apache', 'Cache-Control': 'max-age=0', 'Expires': 'Sun, 10 Sep 2023 12:33:50 GMT'}
Response cookies: {}

-----

-----
Test: None
Time: 2023-09-10 15:33:50.820792
Request method: POST
Request URL: https://playground.learnqa.ru/api_dev/user/login
Request data: {'email': 'KJkgVDbEXa@example.com', 'password': '1234'}
Request headers: {}
Request cookies: {}

Response code: 200
Response text: {"user_id":79315}
Response headers: {'Date': 'Sun, 10 Sep 2023 12:33:50 GMT', 'Content-Type': 'application/json', 'Content-Length': '17', 'Connection': 'keep-alive', 'Keep-Alive': 'timeout=10', 'Server': 'Apache', 'Set-Cookie': 'auth_sid=df8494c79e65cd4660833b9ecffde471f6c3182dc0faa93bc69baf43b30f3804', 'x-csrf-token': 'c88b119ade3ab92248a75d4a55c04cb4472cdd27f6c3182dc0faa93bc69baf43b30f3804', 'Cache-Control': 'max-age=0', 'Expires': 'Sun, 10 Sep 2023 12:33:50 GMT'}
Response cookies: {'auth_sid': 'df8494c79e65cd4660833b9ecffde471f6c3182dc0faa93bc69baf43b30f3804'}

-----

-----
Test: None
Time: 2023-09-10 15:33:50.963563
Request method: PUT
Request URL: https://playground.learnqa.ru/api_dev/user/79314
Request data: {'firstName': 'Test name'}
Request headers: {'x-csrf-token': 'c88b119ade3ab92248a75d4a55c04cb4472cdd27f6c3182dc0faa93bc69baf43b30f3804'}
Request cookies: {'auth_sid': 'df8494c79e65cd4660833b9ecffde471f6c3182dc0faa93bc69baf43b30f3804'}

Response code: 200
Response text: 
Response headers: {'Date': 'Sun, 10 Sep 2023 12:33:51 GMT', 'Content-Type': 'text/html; charset=utf-8', 'Content-Length': '0', 'Connection': 'keep-alive', 'Keep-Alive': 'timeout=10', 'Server': 'Apache', 'Cache-Control': 'max-age=0', 'Expires': 'Sun, 10 Sep 2023 12:33:51 GMT'}
Response cookies: {}

-----

-----
Test: None
Time: 2023-09-10 15:33:51.700968
Request method: POST
Request URL: https://playground.learnqa.ru/api_dev/user/login
Request data: {'email': 'DewboFJYt@example.com', 'password': '1234'}
Request headers: {}
Request cookies: {}

Response code: 200
Response text: {"user_id":79314}
Response headers: {'Date': 'Sun, 10 Sep 2023 12:33:51 GMT', 'Content-Type': 'application/json', 'Content-Length': '17', 'Connection': 'keep-alive', 'Keep-Alive': 'timeout=10', 'Server': 'Apache', 'Set-Cookie': 'auth_sid=bcdb5e182e6ed25c152f5336621543abdfddeecb45c8764ee817ec5fd4d209e2', 'x-csrf-token': '87b9d658a62cff434e4a88720a7f7a538562f475dfddeecb45c8764ee817ec5fd4d209e2', 'Cache-Control': 'max-age=0', 'Expires': 'Sun, 10 Sep 2023 12:33:51 GMT'}
Response cookies: {'auth_sid': 'bcdb5e182e6ed25c152f5336621543abdfddeecb45c8764ee817ec5fd4d209e2'}

-----

-----
Test: None
Time: 2023-09-10 15:33:51.843012
Request method: GET
Request URL: https://playground.learnqa.ru/api_dev/user/79314
Request data: None
Request headers: {'x-csrf-token': '87b9d658a62cff434e4a88720a7f7a538562f475dfddeecb45c8764ee817ec5fd4d209e2'}
Request cookies: {'auth_sid': 'bcdb5e182e6ed25c152f5336621543abdfddeecb45c8764ee817ec5fd4d209e2'}

Response code: 200
Response text: {"id":"79314","username":"learnqa","email":"DewboFJYt@example.com","firstName":"learnqa","lastName":"learnqa"}
Response headers: {'Date': 'Sun, 10 Sep 2023 12:33:52 GMT', 'Content-Type': 'application/json', 'Transfer-Encoding': 'chunked', 'Connection': 'keep-alive', 'Keep-Alive': 'timeout=10', 'Vary': 'Accept-Encoding', 'Server': 'Apache', 'Cache-Control': 'max-age=0', 'Expires': 'Sun, 10 Sep 2023 12:33:51 GMT', 'Content-Encoding': 'gzip'}
Response cookies: {}

-----

-----
Test: None
Time: 2023-09-10 15:33:52.621873
Request method: POST
Request URL: https://playground.learnqa.ru/api_dev/user/
Request data: {'password': '1234', 'username': 'learnqa', 'firstName': 'learnqa', 'lastName': 'learnqa', 'email': 'learnqa09102023153352@example.com'}
Request headers: {}
Request cookies: {}

Response code: 200
Response text: {"id":"79316"}
Response headers: {'Date': 'Sun, 10 Sep 2023 12:33:53 GMT', 'Content-Type': 'application/json', 'Content-Length': '14', 'Connection': 'keep-alive', 'Keep-Alive': 'timeout=10', 'Server': 'Apache', 'Cache-Control': 'max-age=0', 'Expires': 'Sun, 10 Sep 2023 12:33:52 GMT'}
Response cookies: {}

-----

-----
Test: None
Time: 2023-09-10 15:33:53.315638
Request method: POST
Request URL: https://playground.learnqa.ru/api_dev/user/login
Request data: {'email': 'learnqa09102023153352@example.com', 'password': '1234'}
Request headers: {}
Request cookies: {}

Response code: 200
Response text: {"user_id":79316}
Response headers: {'Date': 'Sun, 10 Sep 2023 12:33:53 GMT', 'Content-Type': 'application/json', 'Content-Length': '17', 'Connection': 'keep-alive', 'Keep-Alive': 'timeout=10', 'Server': 'Apache', 'Set-Cookie': 'auth_sid=7698469649c92259763d785fddb7506b22e1da162e6530ed5a787cbcc13e49dd', 'x-csrf-token': '85e7134b784cc04bc35105ec902bafbb7155d4dc22e1da162e6530ed5a787cbcc13e49dd', 'Cache-Control': 'max-age=0', 'Expires': 'Sun, 10 Sep 2023 12:33:53 GMT'}
Response cookies: {'auth_sid': '7698469649c92259763d785fddb7506b22e1da162e6530ed5a787cbcc13e49dd'}

-----

-----
Test: None
Time: 2023-09-10 15:33:53.460437
Request method: PUT
Request URL: https://playground.learnqa.ru/api_dev/user/79316
Request data: {'email': 'testexample.com'}
Request headers: {'x-csrf-token': '85e7134b784cc04bc35105ec902bafbb7155d4dc22e1da162e6530ed5a787cbcc13e49dd'}
Request cookies: {'auth_sid': '7698469649c92259763d785fddb7506b22e1da162e6530ed5a787cbcc13e49dd'}

Response code: 400
Response text: Invalid email format
Response headers: {'Date': 'Sun, 10 Sep 2023 12:33:54 GMT', 'Content-Type': 'text/html; charset=utf-8', 'Content-Length': '20', 'Connection': 'keep-alive', 'Keep-Alive': 'timeout=10', 'Server': 'Apache'}
Response cookies: {}

-----

-----
Test: None
Time: 2023-09-10 15:33:54.204117
Request method: GET
Request URL: https://playground.learnqa.ru/api_dev/user/79316
Request data: None
Request headers: {'x-csrf-token': '85e7134b784cc04bc35105ec902bafbb7155d4dc22e1da162e6530ed5a787cbcc13e49dd'}
Request cookies: {'auth_sid': '7698469649c92259763d785fddb7506b22e1da162e6530ed5a787cbcc13e49dd'}

Response code: 200
Response text: {"id":"79316","username":"learnqa","email":"learnqa09102023153352@example.com","firstName":"learnqa","lastName":"learnqa"}
Response headers: {'Date': 'Sun, 10 Sep 2023 12:33:54 GMT', 'Content-Type': 'application/json', 'Transfer-Encoding': 'chunked', 'Connection': 'keep-alive', 'Keep-Alive': 'timeout=10', 'Vary': 'Accept-Encoding', 'Server': 'Apache', 'Cache-Control': 'max-age=0', 'Expires': 'Sun, 10 Sep 2023 12:33:54 GMT', 'Content-Encoding': 'gzip'}
Response cookies: {}

-----

-----
Test: None
Time: 2023-09-10 15:33:54.885968
Request method: POST
Request URL: https://playground.learnqa.ru/api_dev/user/
Request data: {'password': '1234', 'username': 'learnqa', 'firstName': 'learnqa', 'lastName': 'learnqa', 'email': 'learnqa09102023153354@example.com'}
Request headers: {}
Request cookies: {}

Response code: 200
Response text: {"id":"79317"}
Response headers: {'Date': 'Sun, 10 Sep 2023 12:33:55 GMT', 'Content-Type': 'application/json', 'Content-Length': '14', 'Connection': 'keep-alive', 'Keep-Alive': 'timeout=10', 'Server': 'Apache', 'Cache-Control': 'max-age=0', 'Expires': 'Sun, 10 Sep 2023 12:33:54 GMT'}
Response cookies: {}

-----

-----
Test: None
Time: 2023-09-10 15:33:55.542934
Request method: POST
Request URL: https://playground.learnqa.ru/api_dev/user/login
Request data: {'email': 'learnqa09102023153354@example.com', 'password': '1234'}
Request headers: {}
Request cookies: {}

Response code: 200
Response text: {"user_id":79317}
Response headers: {'Date': 'Sun, 10 Sep 2023 12:33:55 GMT', 'Content-Type': 'application/json', 'Content-Length': '17', 'Connection': 'keep-alive', 'Keep-Alive': 'timeout=10', 'Server': 'Apache', 'Set-Cookie': 'auth_sid=da0908a9eb6a1a20e3a2107b01aa4e778affde3018c86556f3e6ebb86d37ba1c', 'x-csrf-token': '302476fca78c1d1deb027223b9a293bccdabc9b18affde3018c86556f3e6ebb86d37ba1c', 'Cache-Control': 'max-age=0', 'Expires': 'Sun, 10 Sep 2023 12:33:55 GMT'}
Response cookies: {'auth_sid': 'da0908a9eb6a1a20e3a2107b01aa4e778affde3018c86556f3e6ebb86d37ba1c'}

-----

-----
Test: None
Time: 2023-09-10 15:33:55.703549
Request method: PUT
Request URL: https://playground.learnqa.ru/api_dev/user/79317
Request data: {'firstName': 'x'}
Request headers: {'x-csrf-token': '302476fca78c1d1deb027223b9a293bccdabc9b18affde3018c86556f3e6ebb86d37ba1c'}
Request cookies: {'auth_sid': 'da0908a9eb6a1a20e3a2107b01aa4e778affde3018c86556f3e6ebb86d37ba1c'}

Response code: 400
Response text: {"error":"Too short value for field firstName"}
Response headers: {'Date': 'Sun, 10 Sep 2023 12:33:56 GMT', 'Content-Type': 'application/json', 'Content-Length': '47', 'Connection': 'keep-alive', 'Keep-Alive': 'timeout=10', 'Server': 'Apache'}
Response cookies: {}

-----

-----
Test: None
Time: 2023-09-10 15:33:56.449332
Request method: GET
Request URL: https://playground.learnqa.ru/api_dev/user/79317
Request data: None
Request headers: {'x-csrf-token': '302476fca78c1d1deb027223b9a293bccdabc9b18affde3018c86556f3e6ebb86d37ba1c'}
Request cookies: {'auth_sid': 'da0908a9eb6a1a20e3a2107b01aa4e778affde3018c86556f3e6ebb86d37ba1c'}

Response code: 200
Response text: {"id":"79317","username":"learnqa","email":"learnqa09102023153354@example.com","firstName":"learnqa","lastName":"learnqa"}
Response headers: {'Date': 'Sun, 10 Sep 2023 12:33:57 GMT', 'Content-Type': 'application/json', 'Transfer-Encoding': 'chunked', 'Connection': 'keep-alive', 'Keep-Alive': 'timeout=10', 'Vary': 'Accept-Encoding', 'Server': 'Apache', 'Cache-Control': 'max-age=0', 'Expires': 'Sun, 10 Sep 2023 12:33:56 GMT', 'Content-Encoding': 'gzip'}
Response cookies: {}

-----

-----
Test: None
Time: 2023-09-10 15:33:57.150859
Request method: GET
Request URL: https://playground.learnqa.ru/api_dev/user/2
Request data: None
Request headers: {}
Request cookies: {}

Response code: 200
Response text: {"username":"Vitaliy"}
Response headers: {'Date': 'Sun, 10 Sep 2023 12:33:57 GMT', 'Content-Type': 'application/json', 'Transfer-Encoding': 'chunked', 'Connection': 'keep-alive', 'Keep-Alive': 'timeout=10', 'Vary': 'Accept-Encoding', 'Server': 'Apache', 'Cache-Control': 'max-age=0', 'Expires': 'Sun, 10 Sep 2023 12:33:57 GMT', 'Content-Encoding': 'gzip'}
Response cookies: {}

-----

-----
Test: None
Time: 2023-09-10 15:33:57.906157
Request method: POST
Request URL: https://playground.learnqa.ru/api_dev/user/login
Request data: {'email': 'vinkotov@example.com', 'password': '1234'}
Request headers: {}
Request cookies: {}

Response code: 200
Response text: {"user_id":2}
Response headers: {'Date': 'Sun, 10 Sep 2023 12:33:58 GMT', 'Content-Type': 'application/json', 'Content-Length': '13', 'Connection': 'keep-alive', 'Keep-Alive': 'timeout=10', 'Server': 'Apache', 'Set-Cookie': 'auth_sid=9f531c7a268f087931edec6b5b2ef1f202e94918f1549272bcf2cafc2634fd9d', 'x-csrf-token': 'e4cf49352f96d77fdc8f6f7919a77f122467d66902e94918f1549272bcf2cafc2634fd9d', 'Cache-Control': 'max-age=0', 'Expires': 'Sun, 10 Sep 2023 12:33:58 GMT'}
Response cookies: {'auth_sid': '9f531c7a268f087931edec6b5b2ef1f202e94918f1549272bcf2cafc2634fd9d'}

-----

-----
Test: None
Time: 2023-09-10 15:33:58.133571
Request method: GET
Request URL: https://playground.learnqa.ru/api_dev/user/2
Request data: None
Request headers: {'x-csrf-token': 'e4cf49352f96d77fdc8f6f7919a77f122467d66902e94918f1549272bcf2cafc2634fd9d'}
Request cookies: {'auth_sid': '9f531c7a268f087931edec6b5b2ef1f202e94918f1549272bcf2cafc2634fd9d'}

Response code: 200
Response text: {"id":"2","username":"Vitaliy","email":"vinkotov@example.com","firstName":"Vitalii","lastName":"Kotov"}
Response headers: {'Date': 'Sun, 10 Sep 2023 12:33:58 GMT', 'Content-Type': 'application/json', 'Transfer-Encoding': 'chunked', 'Connection': 'keep-alive', 'Keep-Alive': 'timeout=10', 'Vary': 'Accept-Encoding', 'Server': 'Apache', 'Cache-Control': 'max-age=0', 'Expires': 'Sun, 10 Sep 2023 12:33:58 GMT', 'Content-Encoding': 'gzip'}
Response cookies: {}

-----

-----
Test: None
Time: 2023-09-10 15:33:58.899620
Request method: POST
Request URL: https://playground.learnqa.ru/api_dev/user/login
Request data: {'email': 'vinkotov@example.com', 'password': '1234'}
Request headers: {}
Request cookies: {}

Response code: 200
Response text: {"user_id":2}
Response headers: {'Date': 'Sun, 10 Sep 2023 12:33:58 GMT', 'Content-Type': 'application/json', 'Content-Length': '13', 'Connection': 'keep-alive', 'Keep-Alive': 'timeout=10', 'Server': 'Apache', 'Set-Cookie': 'auth_sid=3c5eaf0095fe390ce04742eee63ec49a02e94918f1549272bcf2cafc2634fd9d', 'x-csrf-token': 'acde1342e28c375928b4b2a01c0cb6306652ef7a02e94918f1549272bcf2cafc2634fd9d', 'Cache-Control': 'max-age=0', 'Expires': 'Sun, 10 Sep 2023 12:33:58 GMT'}
Response cookies: {'auth_sid': '3c5eaf0095fe390ce04742eee63ec49a02e94918f1549272bcf2cafc2634fd9d'}

-----

-----
Test: None
Time: 2023-09-10 15:33:59.029157
Request method: GET
Request URL: https://playground.learnqa.ru/api_dev/user/1
Request data: None
Request headers: {'x-csrf-token': 'acde1342e28c375928b4b2a01c0cb6306652ef7a02e94918f1549272bcf2cafc2634fd9d'}
Request cookies: {'auth_sid': '3c5eaf0095fe390ce04742eee63ec49a02e94918f1549272bcf2cafc2634fd9d'}

Response code: 200
Response text: {"username":"Lana"}
Response headers: {'Date': 'Sun, 10 Sep 2023 12:33:59 GMT', 'Content-Type': 'application/json', 'Content-Length': '19', 'Connection': 'keep-alive', 'Keep-Alive': 'timeout=10', 'Server': 'Apache', 'Cache-Control': 'max-age=0', 'Expires': 'Sun, 10 Sep 2023 12:33:59 GMT'}
Response cookies: {}

-----

-----
Test: None
Time: 2023-09-10 15:33:59.766427
Request method: POST
Request URL: https://playground.learnqa.ru/api_dev/user/
Request data: {'password': '1234', 'username': 'learnqa', 'firstName': 'learnqa', 'lastName': 'learnqa', 'email': 'learnqa09102023153359@example.com'}
Request headers: {}
Request cookies: {}

Response code: 200
Response text: {"id":"79318"}
Response headers: {'Date': 'Sun, 10 Sep 2023 12:34:00 GMT', 'Content-Type': 'application/json', 'Content-Length': '14', 'Connection': 'keep-alive', 'Keep-Alive': 'timeout=10', 'Server': 'Apache', 'Cache-Control': 'max-age=0', 'Expires': 'Sun, 10 Sep 2023 12:33:59 GMT'}
Response cookies: {}

-----

-----
Test: None
Time: 2023-09-10 15:34:00.415277
Request method: POST
Request URL: https://playground.learnqa.ru/api_dev/user/
Request data: {'password': '1234', 'username': 'learnqa', 'firstName': 'learnqa', 'lastName': 'learnqa', 'email': 'vinkotov@example.com'}
Request headers: {}
Request cookies: {}

Response code: 400
Response text: Users with email 'vinkotov@example.com' already exists
Response headers: {'Date': 'Sun, 10 Sep 2023 12:34:00 GMT', 'Content-Type': 'text/html; charset=utf-8', 'Content-Length': '54', 'Connection': 'keep-alive', 'Keep-Alive': 'timeout=10', 'Server': 'Apache'}
Response cookies: {}

-----

-----
Test: None
Time: 2023-09-10 15:34:01.062061
Request method: POST
Request URL: https://playground.learnqa.ru/api_dev/user/
Request data: {'password': '1234', 'username': 'learnqa', 'firstName': 'learnqa', 'lastName': 'learnqa', 'email': 'testexample.com'}
Request headers: {}
Request cookies: {}

Response code: 400
Response text: Invalid email format
Response headers: {'Date': 'Sun, 10 Sep 2023 12:34:01 GMT', 'Content-Type': 'text/html; charset=utf-8', 'Content-Length': '20', 'Connection': 'keep-alive', 'Keep-Alive': 'timeout=10', 'Server': 'Apache'}
Response cookies: {}

-----

-----
Test: None
Time: 2023-09-10 15:34:01.755398
Request method: POST
Request URL: https://playground.learnqa.ru/api_dev/user/
Request data: {'password': None, 'username': 'bot', 'firstName': 'bot_fname', 'lastName': 'bot_lname', 'email': 'bot@example.com'}
Request headers: {}
Request cookies: {}

Response code: 400
Response text: The following required params are missed: password
Response headers: {'Date': 'Sun, 10 Sep 2023 12:34:02 GMT', 'Content-Type': 'text/html; charset=utf-8', 'Content-Length': '50', 'Connection': 'keep-alive', 'Keep-Alive': 'timeout=10', 'Server': 'Apache'}
Response cookies: {}

-----

-----
Test: None
Time: 2023-09-10 15:34:02.456962
Request method: POST
Request URL: https://playground.learnqa.ru/api_dev/user/
Request data: {'password': '1234', 'username': None, 'firstName': 'bot_fname', 'lastName': 'bot_lname', 'email': 'bot@example.com'}
Request headers: {}
Request cookies: {}

Response code: 400
Response text: The following required params are missed: username
Response headers: {'Date': 'Sun, 10 Sep 2023 12:34:03 GMT', 'Content-Type': 'text/html; charset=utf-8', 'Content-Length': '50', 'Connection': 'keep-alive', 'Keep-Alive': 'timeout=10', 'Server': 'Apache'}
Response cookies: {}

-----

-----
Test: None
Time: 2023-09-10 15:34:03.196759
Request method: POST
Request URL: https://playground.learnqa.ru/api_dev/user/
Request data: {'password': '1234', 'username': 'bot', 'firstName': None, 'lastName': 'bot_lname', 'email': 'bot@example.com'}
Request headers: {}
Request cookies: {}

Response code: 400
Response text: The following required params are missed: firstName
Response headers: {'Date': 'Sun, 10 Sep 2023 12:34:03 GMT', 'Content-Type': 'text/html; charset=utf-8', 'Content-Length': '51', 'Connection': 'keep-alive', 'Keep-Alive': 'timeout=10', 'Server': 'Apache'}
Response cookies: {}

-----

-----
Test: None
Time: 2023-09-10 15:34:03.855352
Request method: POST
Request URL: https://playground.learnqa.ru/api_dev/user/
Request data: {'password': '1234', 'username': 'bot', 'firstName': 'bot_fname', 'lastName': None, 'email': 'bot@example.com'}
Request headers: {}
Request cookies: {}

Response code: 400
Response text: The following required params are missed: lastName
Response headers: {'Date': 'Sun, 10 Sep 2023 12:34:04 GMT', 'Content-Type': 'text/html; charset=utf-8', 'Content-Length': '50', 'Connection': 'keep-alive', 'Keep-Alive': 'timeout=10', 'Server': 'Apache'}
Response cookies: {}

-----

-----
Test: None
Time: 2023-09-10 15:34:04.555173
Request method: POST
Request URL: https://playground.learnqa.ru/api_dev/user/
Request data: {'password': '1234', 'username': 'bot', 'firstName': 'bot_fname', 'lastName': 'bot_lname', 'email': None}
Request headers: {}
Request cookies: {}

Response code: 400
Response text: The following required params are missed: email
Response headers: {'Date': 'Sun, 10 Sep 2023 12:34:05 GMT', 'Content-Type': 'text/html; charset=utf-8', 'Content-Length': '47', 'Connection': 'keep-alive', 'Keep-Alive': 'timeout=10', 'Server': 'Apache'}
Response cookies: {}

-----

-----
Test: None
Time: 2023-09-10 15:34:05.257140
Request method: POST
Request URL: https://playground.learnqa.ru/api_dev/user/
Request data: {'password': '1234', 'username': 'learnqa', 'firstName': 'x', 'lastName': 'learnqa', 'email': 'learnqa09102023153405@example.com'}
Request headers: {}
Request cookies: {}

Response code: 400
Response text: The value of 'firstName' field is too short
Response headers: {'Date': 'Sun, 10 Sep 2023 12:34:05 GMT', 'Content-Type': 'text/html; charset=utf-8', 'Content-Length': '43', 'Connection': 'keep-alive', 'Keep-Alive': 'timeout=10', 'Server': 'Apache'}
Response cookies: {}

-----

-----
Test: None
Time: 2023-09-10 15:34:05.951027
Request method: POST
Request URL: https://playground.learnqa.ru/api_dev/user/
Request data: {'password': '1234', 'username': 'learnqa', 'firstName': 'TtkoXcZuWtgqufWgxiGyPOLdsnSxrEaJqyTZvSzLGcDhzmBOYpjIfpELvwsYSECsnVIlYBXkPVSyVhXqgdTjKkykSjTGoXnkCHGMlqwbYfUQWgDIveeRzLkrSaZDNqebjEAzDXgTGOyJArKeWOAEDDJVPcmOfxMeFNYSAjELZNNmfOHMBDQERnWreKpHAQtqsMoKSNirxcNiynCSIjvIUpylwAsfKcZAfFHCXATqZHtiJRRBXxmWOucuaYk', 'lastName': 'learnqa', 'email': 'learnqa09102023153405@example.com'}
Request headers: {}
Request cookies: {}

Response code: 400
Response text: The value of 'firstName' field is too long
Response headers: {'Date': 'Sun, 10 Sep 2023 12:34:06 GMT', 'Content-Type': 'text/html; charset=utf-8', 'Content-Length': '42', 'Connection': 'keep-alive', 'Keep-Alive': 'timeout=10', 'Server': 'Apache'}
Response cookies: {}

-----
