
-----
Test: None
Time: 2023-06-21 22:35:31.176092
Request method: POST
Request URL: https://playground.learnqa.ru/api/user/login
Request data: {'email': 'vinkotov@example.com', 'password': '1234'}
Request headers: {}
Request cookies: {}

Response code: 200
Response text: {"user_id":2}
Response headers: {'Date': 'Wed, 21 Jun 2023 19:35:31 GMT', 'Content-Type': 'application/json', 'Content-Length': '13', 'Connection': 'keep-alive', 'Keep-Alive': 'timeout=10', 'Server': 'Apache', 'Set-Cookie': 'auth_sid=1ff4988e170e2d2baa70e569109c841202e94918f1549272bcf2cafc2634fd9d', 'x-csrf-token': '2a9a17b18e7878803ab9d3be5194dce8235590ba02e94918f1549272bcf2cafc2634fd9d', 'Cache-Control': 'max-age=0', 'Expires': 'Wed, 21 Jun 2023 19:35:31 GMT'}
Response cookies: {'auth_sid': '1ff4988e170e2d2baa70e569109c841202e94918f1549272bcf2cafc2634fd9d'}

-----

-----
Test: None
Time: 2023-06-21 22:35:31.452662
Request method: GET
Request URL: https://playground.learnqa.ru/api/user/auth
Request data: None
Request headers: {'x-csrf-token': '2a9a17b18e7878803ab9d3be5194dce8235590ba02e94918f1549272bcf2cafc2634fd9d'}
Request cookies: {'auth_sid': '1ff4988e170e2d2baa70e569109c841202e94918f1549272bcf2cafc2634fd9d'}

Response code: 200
Response text: {"user_id":2}
Response headers: {'Date': 'Wed, 21 Jun 2023 19:35:31 GMT', 'Content-Type': 'application/json', 'Content-Length': '13', 'Connection': 'keep-alive', 'Keep-Alive': 'timeout=10', 'Server': 'Apache', 'Cache-Control': 'max-age=0', 'Expires': 'Wed, 21 Jun 2023 19:35:31 GMT'}
Response cookies: {}

-----

-----
Test: None
Time: 2023-06-21 22:35:31.680837
Request method: POST
Request URL: https://playground.learnqa.ru/api/user/login
Request data: {'email': 'vinkotov@example.com', 'password': '1234'}
Request headers: {}
Request cookies: {}

Response code: 200
Response text: {"user_id":2}
Response headers: {'Date': 'Wed, 21 Jun 2023 19:35:31 GMT', 'Content-Type': 'application/json', 'Content-Length': '13', 'Connection': 'keep-alive', 'Keep-Alive': 'timeout=10', 'Server': 'Apache', 'Set-Cookie': 'auth_sid=e231b75f186c1a49f195ba8296a1bf3802e94918f1549272bcf2cafc2634fd9d', 'x-csrf-token': 'd40afc92ab9edb36c2909b669cf6d51f0844a95e02e94918f1549272bcf2cafc2634fd9d', 'Cache-Control': 'max-age=0', 'Expires': 'Wed, 21 Jun 2023 19:35:31 GMT'}
Response cookies: {'auth_sid': 'e231b75f186c1a49f195ba8296a1bf3802e94918f1549272bcf2cafc2634fd9d'}

-----

-----
Test: None
Time: 2023-06-21 22:35:31.808877
Request method: GET
Request URL: https://playground.learnqa.ru/api/user/auth
Request data: None
Request headers: {'x-csrf-token': 'd40afc92ab9edb36c2909b669cf6d51f0844a95e02e94918f1549272bcf2cafc2634fd9d'}
Request cookies: {}

Response code: 200
Response text: {"user_id":0}
Response headers: {'Date': 'Wed, 21 Jun 2023 19:35:31 GMT', 'Content-Type': 'application/json', 'Content-Length': '13', 'Connection': 'keep-alive', 'Keep-Alive': 'timeout=10', 'Server': 'Apache', 'Cache-Control': 'max-age=0', 'Expires': 'Wed, 21 Jun 2023 19:35:31 GMT'}
Response cookies: {}

-----

-----
Test: None
Time: 2023-06-21 22:35:32.026359
Request method: POST
Request URL: https://playground.learnqa.ru/api/user/login
Request data: {'email': 'vinkotov@example.com', 'password': '1234'}
Request headers: {}
Request cookies: {}

Response code: 200
Response text: {"user_id":2}
Response headers: {'Date': 'Wed, 21 Jun 2023 19:35:31 GMT', 'Content-Type': 'application/json', 'Content-Length': '13', 'Connection': 'keep-alive', 'Keep-Alive': 'timeout=10', 'Server': 'Apache', 'Set-Cookie': 'auth_sid=1354d743bca944d81d60aefacfad7e4a02e94918f1549272bcf2cafc2634fd9d', 'x-csrf-token': 'c099b611cbadbb473221c23536d82b16fcb8a61002e94918f1549272bcf2cafc2634fd9d', 'Cache-Control': 'max-age=0', 'Expires': 'Wed, 21 Jun 2023 19:35:31 GMT'}
Response cookies: {'auth_sid': '1354d743bca944d81d60aefacfad7e4a02e94918f1549272bcf2cafc2634fd9d'}

-----

-----
Test: None
Time: 2023-06-21 22:35:32.148356
Request method: GET
Request URL: https://playground.learnqa.ru/api/user/auth
Request data: None
Request headers: {}
Request cookies: {'auth_sid': '1354d743bca944d81d60aefacfad7e4a02e94918f1549272bcf2cafc2634fd9d'}

Response code: 200
Response text: {"user_id":0}
Response headers: {'Date': 'Wed, 21 Jun 2023 19:35:32 GMT', 'Content-Type': 'application/json', 'Content-Length': '13', 'Connection': 'keep-alive', 'Keep-Alive': 'timeout=10', 'Server': 'Apache', 'Cache-Control': 'max-age=0', 'Expires': 'Wed, 21 Jun 2023 19:35:32 GMT'}
Response cookies: {}

-----

-----
Test: None
Time: 2023-06-21 22:35:32.359506
Request method: POST
Request URL: https://playground.learnqa.ru/api/user/
Request data: {'password': '1234', 'username': 'learnqa', 'firstName': 'learnqa', 'lastName': 'learnqa', 'email': 'learnqa06212023223532@example.com'}
Request headers: {}
Request cookies: {}

Response code: 200
Response text: {"id":"74184"}
Response headers: {'Date': 'Wed, 21 Jun 2023 19:35:32 GMT', 'Content-Type': 'application/json', 'Content-Length': '14', 'Connection': 'keep-alive', 'Keep-Alive': 'timeout=10', 'Server': 'Apache', 'Cache-Control': 'max-age=0', 'Expires': 'Wed, 21 Jun 2023 19:35:32 GMT'}
Response cookies: {}

-----

-----
Test: None
Time: 2023-06-21 22:35:33.004609
Request method: POST
Request URL: https://playground.learnqa.ru/api/user/login
Request data: {'email': 'learnqa06212023223532@example.com', 'password': '1234'}
Request headers: {}
Request cookies: {}

Response code: 200
Response text: {"user_id":74184}
Response headers: {'Date': 'Wed, 21 Jun 2023 19:35:32 GMT', 'Content-Type': 'application/json', 'Content-Length': '17', 'Connection': 'keep-alive', 'Keep-Alive': 'timeout=10', 'Server': 'Apache', 'Set-Cookie': 'auth_sid=4084533d4e88ca461c15dc9fb1b58f109766fd263a9bd3be173bb5f954ee3b82', 'x-csrf-token': 'fdf337740ae488f2d677f56e597c9c9c280fa6f89766fd263a9bd3be173bb5f954ee3b82', 'Cache-Control': 'max-age=0', 'Expires': 'Wed, 21 Jun 2023 19:35:32 GMT'}
Response cookies: {'auth_sid': '4084533d4e88ca461c15dc9fb1b58f109766fd263a9bd3be173bb5f954ee3b82'}

-----

-----
Test: None
Time: 2023-06-21 22:35:33.142408
Request method: PUT
Request URL: https://playground.learnqa.ru/api/user/74184
Request data: {'firstName': 'Changed name'}
Request headers: {'x-csrf-token': 'fdf337740ae488f2d677f56e597c9c9c280fa6f89766fd263a9bd3be173bb5f954ee3b82'}
Request cookies: {'auth_sid': '4084533d4e88ca461c15dc9fb1b58f109766fd263a9bd3be173bb5f954ee3b82'}

Response code: 200
Response text: 
Response headers: {'Date': 'Wed, 21 Jun 2023 19:35:33 GMT', 'Content-Type': 'text/html; charset=utf-8', 'Content-Length': '0', 'Connection': 'keep-alive', 'Keep-Alive': 'timeout=10', 'Server': 'Apache', 'Cache-Control': 'max-age=0', 'Expires': 'Wed, 21 Jun 2023 19:35:33 GMT'}
Response cookies: {}

-----

-----
Test: None
Time: 2023-06-21 22:35:33.935984
Request method: GET
Request URL: https://playground.learnqa.ru/api/user/74184
Request data: None
Request headers: {'x-csrf-token': 'fdf337740ae488f2d677f56e597c9c9c280fa6f89766fd263a9bd3be173bb5f954ee3b82'}
Request cookies: {'auth_sid': '4084533d4e88ca461c15dc9fb1b58f109766fd263a9bd3be173bb5f954ee3b82'}

Response code: 200
Response text: {"id":"74184","username":"learnqa","email":"learnqa06212023223532@example.com","firstName":"Changed name","lastName":"learnqa"}
Response headers: {'Date': 'Wed, 21 Jun 2023 19:35:34 GMT', 'Content-Type': 'application/json', 'Transfer-Encoding': 'chunked', 'Connection': 'keep-alive', 'Keep-Alive': 'timeout=10', 'Vary': 'Accept-Encoding', 'Server': 'Apache', 'Cache-Control': 'max-age=0', 'Expires': 'Wed, 21 Jun 2023 19:35:33 GMT', 'Content-Encoding': 'gzip'}
Response cookies: {}

-----

-----
Test: None
Time: 2023-06-21 22:35:34.569198
Request method: GET
Request URL: https://playground.learnqa.ru/api/user/2
Request data: None
Request headers: {}
Request cookies: {}

Response code: 200
Response text: {"username":"Vitaliy"}
Response headers: {'Date': 'Wed, 21 Jun 2023 19:35:35 GMT', 'Content-Type': 'application/json', 'Transfer-Encoding': 'chunked', 'Connection': 'keep-alive', 'Keep-Alive': 'timeout=10', 'Vary': 'Accept-Encoding', 'Server': 'Apache', 'Cache-Control': 'max-age=0', 'Expires': 'Wed, 21 Jun 2023 19:35:34 GMT', 'Content-Encoding': 'gzip'}
Response cookies: {}

-----

-----
Test: None
Time: 2023-06-21 22:35:35.334107
Request method: POST
Request URL: https://playground.learnqa.ru/api/user/login
Request data: {'email': 'vinkotov@example.com', 'password': '1234'}
Request headers: {}
Request cookies: {}

Response code: 200
Response text: {"user_id":2}
Response headers: {'Date': 'Wed, 21 Jun 2023 19:35:35 GMT', 'Content-Type': 'application/json', 'Content-Length': '13', 'Connection': 'keep-alive', 'Keep-Alive': 'timeout=10', 'Server': 'Apache', 'Set-Cookie': 'auth_sid=b6ab2b75a57a0ef4980d5fc3581f48e602e94918f1549272bcf2cafc2634fd9d', 'x-csrf-token': '58be9822e0d63698709ccd1a286b512a1491f25f02e94918f1549272bcf2cafc2634fd9d', 'Cache-Control': 'max-age=0', 'Expires': 'Wed, 21 Jun 2023 19:35:35 GMT'}
Response cookies: {'auth_sid': 'b6ab2b75a57a0ef4980d5fc3581f48e602e94918f1549272bcf2cafc2634fd9d'}

-----

-----
Test: None
Time: 2023-06-21 22:35:35.465107
Request method: GET
Request URL: https://playground.learnqa.ru/api/user/2
Request data: None
Request headers: {'x-csrf-token': '58be9822e0d63698709ccd1a286b512a1491f25f02e94918f1549272bcf2cafc2634fd9d'}
Request cookies: {'auth_sid': 'b6ab2b75a57a0ef4980d5fc3581f48e602e94918f1549272bcf2cafc2634fd9d'}

Response code: 200
Response text: {"id":"2","username":"Vitaliy","email":"vinkotov@example.com","firstName":"Vitalii","lastName":"Kotov"}
Response headers: {'Date': 'Wed, 21 Jun 2023 19:35:36 GMT', 'Content-Type': 'application/json', 'Transfer-Encoding': 'chunked', 'Connection': 'keep-alive', 'Keep-Alive': 'timeout=10', 'Vary': 'Accept-Encoding', 'Server': 'Apache', 'Cache-Control': 'max-age=0', 'Expires': 'Wed, 21 Jun 2023 19:35:35 GMT', 'Content-Encoding': 'gzip'}
Response cookies: {}

-----

-----
Test: None
Time: 2023-06-21 22:35:36.182404
Request method: POST
Request URL: https://playground.learnqa.ru/api/user/
Request data: {'password': '1234', 'username': 'learnqa', 'firstName': 'learnqa', 'lastName': 'learnqa', 'email': 'learnqa06212023223536@example.com'}
Request headers: {}
Request cookies: {}

Response code: 200
Response text: {"id":"74185"}
Response headers: {'Date': 'Wed, 21 Jun 2023 19:35:36 GMT', 'Content-Type': 'application/json', 'Content-Length': '14', 'Connection': 'keep-alive', 'Keep-Alive': 'timeout=10', 'Server': 'Apache', 'Cache-Control': 'max-age=0', 'Expires': 'Wed, 21 Jun 2023 19:35:36 GMT'}
Response cookies: {}

-----

-----
Test: None
Time: 2023-06-21 22:35:36.863606
Request method: POST
Request URL: https://playground.learnqa.ru/api/user/
Request data: {'password': '1234', 'username': 'learnqa', 'firstName': 'learnqa', 'lastName': 'learnqa', 'email': 'vinkotov@example.com'}
Request headers: {}
Request cookies: {}

Response code: 400
Response text: Users with email 'vinkotov@example.com' already exists
Response headers: {'Date': 'Wed, 21 Jun 2023 19:35:37 GMT', 'Content-Type': 'text/html; charset=utf-8', 'Content-Length': '54', 'Connection': 'keep-alive', 'Keep-Alive': 'timeout=10', 'Server': 'Apache'}
Response cookies: {}

-----
